<?xml version="1.0" encoding="UTF-8"?>
<coverage generated="1579056833477" clover="3.2.0">
  <project timestamp="1579056833477" name="All files">
    <metrics statements="313" coveredstatements="313" conditionals="170" coveredconditionals="170" methods="68" coveredmethods="68" elements="551" coveredelements="551" complexity="0" loc="313" ncloc="313" packages="1" files="3" classes="3"/>
    <file name="array.ts" path="D:\project\utilTs\src\array.ts">
      <metrics statements="62" coveredstatements="62" conditionals="42" coveredconditionals="42" methods="11" coveredmethods="11"/>
      <line num="4" count="3" type="stmt"/>
      <line num="26" count="3" type="cond" truecount="1" falsecount="0"/>
      <line num="27" count="11" type="stmt"/>
      <line num="28" count="11" type="cond" truecount="4" falsecount="0"/>
      <line num="29" count="5" type="stmt"/>
      <line num="31" count="6" type="cond" truecount="2" falsecount="0"/>
      <line num="32" count="3" type="stmt"/>
      <line num="34" count="6" type="cond" truecount="2" falsecount="0"/>
      <line num="35" count="3" type="stmt"/>
      <line num="39" count="11" type="stmt"/>
      <line num="41" count="2" type="stmt"/>
      <line num="42" count="2" type="stmt"/>
      <line num="45" count="14" type="stmt"/>
      <line num="46" count="8" type="stmt"/>
      <line num="48" count="3" type="stmt"/>
      <line num="50" count="11" type="stmt"/>
      <line num="51" count="11" type="stmt"/>
      <line num="52" count="26" type="stmt"/>
      <line num="54" count="11" type="stmt"/>
      <line num="59" count="3" type="stmt"/>
      <line num="60" count="9" type="cond" truecount="2" falsecount="0"/>
      <line num="62" count="9" type="stmt"/>
      <line num="64" count="9" type="stmt"/>
      <line num="65" count="24" type="cond" truecount="2" falsecount="0"/>
      <line num="70" count="3" type="stmt"/>
      <line num="71" count="3" type="stmt"/>
      <line num="73" count="3" type="cond" truecount="2" falsecount="0"/>
      <line num="74" count="5" type="stmt"/>
      <line num="76" count="3" type="stmt"/>
      <line num="77" count="8" type="stmt"/>
      <line num="79" count="3" type="stmt"/>
      <line num="83" count="3" type="stmt"/>
      <line num="84" count="3" type="cond" truecount="2" falsecount="0"/>
      <line num="86" count="3" type="stmt"/>
      <line num="87" count="3" type="stmt"/>
      <line num="88" count="3" type="stmt"/>
      <line num="89" count="24" type="stmt"/>
      <line num="90" count="24" type="cond" truecount="2" falsecount="0"/>
      <line num="91" count="6" type="stmt"/>
      <line num="94" count="3" type="stmt"/>
      <line num="102" count="3" type="cond" truecount="1" falsecount="0"/>
      <line num="103" count="11" type="cond" truecount="2" falsecount="0"/>
      <line num="105" count="11" type="stmt"/>
      <line num="106" count="11" type="stmt"/>
      <line num="107" count="35" type="stmt"/>
      <line num="108" count="35" type="cond" truecount="2" falsecount="0"/>
      <line num="109" count="3" type="cond" truecount="2" falsecount="0"/>
      <line num="111" count="32" type="cond" truecount="2" falsecount="0"/>
      <line num="113" count="29" type="cond" truecount="4" falsecount="0"/>
      <line num="115" count="3" type="stmt"/>
      <line num="120" count="3" type="stmt"/>
      <line num="121" count="3" type="cond" truecount="2" falsecount="0"/>
      <line num="124" count="2" type="stmt"/>
      <line num="125" count="2" type="stmt"/>
      <line num="126" count="6" type="stmt"/>
      <line num="128" count="2" type="stmt"/>
      <line num="133" count="3" type="stmt"/>
      <line num="137" count="4" type="cond" truecount="2" falsecount="0"/>
      <line num="140" count="4" type="stmt"/>
      <line num="141" count="4" type="stmt"/>
      <line num="142" count="7" type="stmt"/>
      <line num="143" count="7" type="cond" truecount="2" falsecount="0"/>
    </file>
    <file name="common.ts" path="D:\project\utilTs\src\common.ts">
      <metrics statements="199" coveredstatements="199" conditionals="110" coveredconditionals="110" methods="49" coveredmethods="49"/>
      <line num="1" count="3" type="stmt"/>
      <line num="9" count="3" type="stmt"/>
      <line num="10" count="1" type="stmt"/>
      <line num="11" count="1" type="stmt"/>
      <line num="12" count="4" type="cond" truecount="2" falsecount="0"/>
      <line num="13" count="3" type="stmt"/>
      <line num="14" count="3" type="stmt"/>
      <line num="16" count="4" type="stmt"/>
      <line num="17" count="1" type="stmt"/>
      <line num="18" count="1" type="stmt"/>
      <line num="29" count="3" type="cond" truecount="1" falsecount="0"/>
      <line num="30" count="3" type="cond" truecount="2" falsecount="0"/>
      <line num="33" count="3" type="stmt"/>
      <line num="36" count="33" type="stmt"/>
      <line num="37" count="33" type="cond" truecount="2" falsecount="0"/>
      <line num="38" count="30" type="cond" truecount="2" falsecount="0"/>
      <line num="39" count="10" type="stmt"/>
      <line num="45" count="31" type="stmt"/>
      <line num="48" count="3" type="stmt"/>
      <line num="49" count="3" type="cond" truecount="2" falsecount="0"/>
      <line num="50" count="2" type="stmt"/>
      <line num="52" count="1" type="stmt"/>
      <line num="54" count="3" type="stmt"/>
      <line num="55" count="3" type="stmt"/>
      <line num="56" count="3" type="stmt"/>
      <line num="61" count="3" type="stmt"/>
      <line num="62" count="6" type="stmt"/>
      <line num="63" count="35" type="cond" truecount="2" falsecount="0"/>
      <line num="64" count="1" type="stmt"/>
      <line num="69" count="3" type="stmt"/>
      <line num="70" count="4" type="cond" truecount="2" falsecount="0"/>
      <line num="71" count="4" type="stmt"/>
      <line num="73" count="9" type="stmt"/>
      <line num="74" count="9" type="cond" truecount="2" falsecount="0"/>
      <line num="75" count="2" type="stmt"/>
      <line num="77" count="7" type="stmt"/>
      <line num="80" count="4" type="stmt"/>
      <line num="94" count="3" type="stmt"/>
      <line num="95" count="34" type="stmt"/>
      <line num="102" count="34" type="stmt"/>
      <line num="103" count="34" type="stmt"/>
      <line num="107" count="34" type="stmt"/>
      <line num="109" count="34" type="cond" truecount="4" falsecount="0"/>
      <line num="110" count="1" type="stmt"/>
      <line num="113" count="7" type="cond" truecount="2" falsecount="0"/>
      <line num="117" count="34" type="stmt"/>
      <line num="120" count="34" type="cond" truecount="2" falsecount="0"/>
      <line num="121" count="5" type="stmt"/>
      <line num="123" count="34" type="stmt"/>
      <line num="124" count="272" type="cond" truecount="2" falsecount="0"/>
      <line num="125" count="37" type="stmt"/>
      <line num="126" count="37" type="stmt"/>
      <line num="127" count="37" type="cond" truecount="2" falsecount="0"/>
      <line num="128" count="37" type="stmt"/>
      <line num="131" count="34" type="stmt"/>
      <line num="133" count="3" type="stmt"/>
      <line num="134" count="3" type="stmt"/>
      <line num="137" count="3" type="stmt"/>
      <line num="138" count="12" type="stmt"/>
      <line num="139" count="12" type="cond" truecount="2" falsecount="0"/>
      <line num="140" count="11" type="stmt"/>
      <line num="141" count="11" type="cond" truecount="2" falsecount="0"/>
      <line num="145" count="4" type="stmt"/>
      <line num="146" count="4" type="stmt"/>
      <line num="147" count="4" type="stmt"/>
      <line num="151" count="3" type="stmt"/>
      <line num="154" count="1" type="stmt"/>
      <line num="155" count="1" type="stmt"/>
      <line num="159" count="1" type="stmt"/>
      <line num="160" count="1" type="stmt"/>
      <line num="164" count="1" type="stmt"/>
      <line num="165" count="1" type="stmt"/>
      <line num="169" count="1" type="stmt"/>
      <line num="170" count="1" type="stmt"/>
      <line num="175" count="3" type="stmt"/>
      <line num="176" count="188" type="stmt"/>
      <line num="177" count="188" type="cond" truecount="2" falsecount="0"/>
      <line num="178" count="55" type="stmt"/>
      <line num="181" count="3" type="stmt"/>
      <line num="182" count="7" type="stmt"/>
      <line num="185" count="3" type="stmt"/>
      <line num="186" count="15" type="stmt"/>
      <line num="190" count="3" type="stmt"/>
      <line num="192" count="11" type="stmt"/>
      <line num="193" count="11" type="cond" truecount="2" falsecount="0"/>
      <line num="196" count="6" type="cond" truecount="3" falsecount="0"/>
      <line num="198" count="6" type="cond" truecount="4" falsecount="0"/>
      <line num="199" count="1" type="stmt"/>
      <line num="204" count="5" type="cond" truecount="5" falsecount="0"/>
      <line num="207" count="3" type="stmt"/>
      <line num="208" count="2" type="stmt"/>
      <line num="211" count="3" type="stmt"/>
      <line num="212" count="80" type="stmt"/>
      <line num="215" count="3" type="stmt"/>
      <line num="216" count="2" type="stmt"/>
      <line num="219" count="3" type="stmt"/>
      <line num="220" count="7" type="stmt"/>
      <line num="223" count="3" type="stmt"/>
      <line num="224" count="7" type="stmt"/>
      <line num="228" count="3" type="stmt"/>
      <line num="230" count="66" type="cond" truecount="2" falsecount="0"/>
      <line num="234" count="3" type="stmt"/>
      <line num="236" count="10" type="cond" truecount="2" falsecount="0"/>
      <line num="238" count="8" type="stmt"/>
      <line num="240" count="4" type="stmt"/>
      <line num="242" count="3" type="stmt"/>
      <line num="244" count="1" type="stmt"/>
      <line num="250" count="3" type="cond" truecount="1" falsecount="0"/>
      <line num="251" count="19" type="cond" truecount="2" falsecount="0"/>
      <line num="252" count="18" type="cond" truecount="2" falsecount="0"/>
      <line num="253" count="13" type="stmt"/>
      <line num="254" count="13" type="stmt"/>
      <line num="256" count="18" type="stmt"/>
      <line num="257" count="18" type="stmt"/>
      <line num="258" count="18" type="cond" truecount="2" falsecount="0"/>
      <line num="259" count="17" type="stmt"/>
      <line num="261" count="1" type="stmt"/>
      <line num="262" count="3" type="stmt"/>
      <line num="263" count="1" type="stmt"/>
      <line num="270" count="3" type="cond" truecount="1" falsecount="0"/>
      <line num="271" count="12" type="stmt"/>
      <line num="272" count="12" type="stmt"/>
      <line num="273" count="12" type="cond" truecount="2" falsecount="0"/>
      <line num="274" count="11" type="stmt"/>
      <line num="276" count="1" type="stmt"/>
      <line num="277" count="10" type="stmt"/>
      <line num="278" count="1" type="stmt"/>
      <line num="287" count="3" type="stmt"/>
      <line num="288" count="14" type="cond" truecount="2" falsecount="0"/>
      <line num="289" count="66" type="stmt"/>
      <line num="290" count="13" type="cond" truecount="2" falsecount="0"/>
      <line num="291" count="4" type="stmt"/>
      <line num="292" count="12" type="cond" truecount="2" falsecount="0"/>
      <line num="295" count="13" type="stmt"/>
      <line num="298" count="3" type="stmt"/>
      <line num="299" count="6" type="cond" truecount="2" falsecount="0"/>
      <line num="300" count="5" type="stmt"/>
      <line num="301" count="6" type="stmt"/>
      <line num="302" count="6" type="stmt"/>
      <line num="303" count="6" type="cond" truecount="2" falsecount="0"/>
      <line num="304" count="2" type="stmt"/>
      <line num="307" count="3" type="stmt"/>
      <line num="310" count="3" type="stmt"/>
      <line num="311" count="28" type="cond" truecount="2" falsecount="0"/>
      <line num="312" count="18" type="stmt"/>
      <line num="313" count="18" type="stmt"/>
      <line num="314" count="18" type="cond" truecount="2" falsecount="0"/>
      <line num="316" count="9" type="stmt"/>
      <line num="320" count="2" type="stmt"/>
      <line num="322" count="4" type="stmt"/>
      <line num="327" count="3" type="stmt"/>
      <line num="335" count="3" type="stmt"/>
      <line num="336" count="3" type="stmt"/>
      <line num="341" count="3" type="stmt"/>
      <line num="349" count="2" type="stmt"/>
      <line num="350" count="4" type="cond" truecount="2" falsecount="0"/>
      <line num="360" count="3" type="stmt"/>
      <line num="361" count="16" type="cond" truecount="2" falsecount="0"/>
      <line num="364" count="4" type="stmt"/>
      <line num="365" count="4" type="stmt"/>
      <line num="374" count="3" type="stmt"/>
      <line num="376" count="2" type="stmt"/>
      <line num="377" count="2" type="stmt"/>
      <line num="378" count="22" type="stmt"/>
      <line num="379" count="22" type="stmt"/>
      <line num="380" count="22" type="cond" truecount="2" falsecount="0"/>
      <line num="381" count="11" type="stmt"/>
      <line num="382" count="11" type="cond" truecount="2" falsecount="0"/>
      <line num="384" count="11" type="stmt"/>
      <line num="386" count="22" type="cond" truecount="2" falsecount="0"/>
      <line num="388" count="2" type="stmt"/>
      <line num="391" count="3" type="stmt"/>
      <line num="392" count="3" type="stmt"/>
      <line num="393" count="3" type="stmt"/>
      <line num="399" count="3" type="stmt"/>
      <line num="400" count="14" type="stmt"/>
      <line num="401" count="14" type="stmt"/>
      <line num="402" count="14" type="stmt"/>
      <line num="404" count="14" type="cond" truecount="4" falsecount="0"/>
      <line num="405" count="7" type="cond" truecount="2" falsecount="0"/>
      <line num="406" count="22" type="stmt"/>
      <line num="408" count="22" type="stmt"/>
      <line num="410" count="22" type="cond" truecount="2" falsecount="0"/>
      <line num="411" count="19" type="stmt"/>
      <line num="414" count="22" type="cond" truecount="4" falsecount="0"/>
      <line num="415" count="21" type="stmt"/>
      <line num="417" count="22" type="stmt"/>
      <line num="418" count="22" type="stmt"/>
      <line num="421" count="7" type="stmt"/>
      <line num="425" count="3" type="stmt"/>
      <line num="426" count="1" type="stmt"/>
      <line num="428" count="1" type="stmt"/>
      <line num="429" count="3" type="cond" truecount="2" falsecount="0"/>
      <line num="430" count="2" type="stmt"/>
      <line num="432" count="3" type="stmt"/>
      <line num="434" count="1" type="stmt"/>
      <line num="437" count="1" type="stmt"/>
      <line num="442" count="3" type="stmt"/>
      <line num="443" count="1" type="stmt"/>
    </file>
    <file name="urlParse.ts" path="D:\project\utilTs\src\urlParse.ts">
      <metrics statements="52" coveredstatements="52" conditionals="18" coveredconditionals="18" methods="8" coveredmethods="8"/>
      <line num="1" count="1" type="stmt"/>
      <line num="8" count="1" type="stmt"/>
      <line num="19" count="2" type="cond" truecount="2" falsecount="0"/>
      <line num="20" count="1" type="stmt"/>
      <line num="21" count="1" type="stmt"/>
      <line num="25" count="1" type="stmt"/>
      <line num="26" count="1" type="stmt"/>
      <line num="27" count="1" type="stmt"/>
      <line num="28" count="1" type="stmt"/>
      <line num="29" count="1" type="stmt"/>
      <line num="30" count="1" type="stmt"/>
      <line num="34" count="2" type="stmt"/>
      <line num="35" count="2" type="stmt"/>
      <line num="36" count="2" type="cond" truecount="2" falsecount="0"/>
      <line num="37" count="1" type="stmt"/>
      <line num="39" count="2" type="stmt"/>
      <line num="43" count="4" type="stmt"/>
      <line num="44" count="4" type="stmt"/>
      <line num="45" count="4" type="cond" truecount="2" falsecount="0"/>
      <line num="46" count="2" type="stmt"/>
      <line num="49" count="2" type="cond" truecount="2" falsecount="0"/>
      <line num="50" count="1" type="stmt"/>
      <line num="52" count="2" type="stmt"/>
      <line num="56" count="2" type="stmt"/>
      <line num="57" count="2" type="cond" truecount="2" falsecount="0"/>
      <line num="58" count="1" type="stmt"/>
      <line num="60" count="1" type="stmt"/>
      <line num="65" count="2" type="stmt"/>
      <line num="66" count="2" type="cond" truecount="2" falsecount="0"/>
      <line num="67" count="1" type="stmt"/>
      <line num="70" count="1" type="stmt"/>
      <line num="74" count="3" type="stmt"/>
      <line num="75" count="3" type="cond" truecount="2" falsecount="0"/>
      <line num="76" count="3" type="stmt"/>
      <line num="80" count="1" type="stmt"/>
      <line num="82" count="1" type="stmt"/>
      <line num="84" count="1" type="stmt"/>
      <line num="85" count="1" type="stmt"/>
      <line num="86" count="1" type="stmt"/>
      <line num="88" count="1" type="stmt"/>
      <line num="89" count="10" type="stmt"/>
      <line num="90" count="10" type="stmt"/>
      <line num="91" count="10" type="stmt"/>
      <line num="93" count="10" type="stmt"/>
      <line num="94" count="10" type="stmt"/>
      <line num="96" count="10" type="stmt"/>
      <line num="97" count="10" type="cond" truecount="2" falsecount="0"/>
      <line num="98" count="6" type="stmt"/>
      <line num="100" count="4" type="cond" truecount="2" falsecount="0"/>
      <line num="101" count="1" type="stmt"/>
      <line num="103" count="3" type="stmt"/>
      <line num="108" count="1" type="stmt"/>
    </file>
  </project>
</coverage>
