<?xml version="1.0" encoding="UTF-8"?>
<coverage generated="1578731498113" clover="3.2.0">
  <project timestamp="1578731498113" name="All files">
    <metrics statements="298" coveredstatements="298" conditionals="160" coveredconditionals="160" methods="64" coveredmethods="64" elements="522" coveredelements="522" complexity="0" loc="298" ncloc="298" packages="1" files="3" classes="3"/>
    <file name="array.ts" path="D:\project\utilTs\src\array.ts">
      <metrics statements="60" coveredstatements="60" conditionals="42" coveredconditionals="42" methods="10" coveredmethods="10"/>
      <line num="4" count="3" type="stmt"/>
      <line num="26" count="3" type="cond" truecount="1" falsecount="0"/>
      <line num="27" count="12" type="stmt"/>
      <line num="28" count="12" type="cond" truecount="4" falsecount="0"/>
      <line num="29" count="5" type="stmt"/>
      <line num="31" count="7" type="cond" truecount="2" falsecount="0"/>
      <line num="32" count="5" type="stmt"/>
      <line num="34" count="7" type="cond" truecount="2" falsecount="0"/>
      <line num="35" count="2" type="stmt"/>
      <line num="39" count="12" type="stmt"/>
      <line num="41" count="1" type="stmt"/>
      <line num="42" count="1" type="stmt"/>
      <line num="45" count="14" type="stmt"/>
      <line num="46" count="8" type="stmt"/>
      <line num="48" count="9" type="stmt"/>
      <line num="50" count="12" type="stmt"/>
      <line num="51" count="12" type="stmt"/>
      <line num="52" count="25" type="stmt"/>
      <line num="54" count="12" type="stmt"/>
      <line num="59" count="3" type="stmt"/>
      <line num="60" count="7" type="cond" truecount="2" falsecount="0"/>
      <line num="62" count="7" type="stmt"/>
      <line num="64" count="7" type="stmt"/>
      <line num="65" count="18" type="cond" truecount="2" falsecount="0"/>
      <line num="70" count="3" type="stmt"/>
      <line num="71" count="3" type="stmt"/>
      <line num="72" count="3" type="stmt"/>
      <line num="73" count="8" type="cond" truecount="2" falsecount="0"/>
      <line num="75" count="3" type="stmt"/>
      <line num="79" count="3" type="stmt"/>
      <line num="80" count="3" type="cond" truecount="2" falsecount="0"/>
      <line num="82" count="3" type="stmt"/>
      <line num="83" count="3" type="stmt"/>
      <line num="84" count="3" type="stmt"/>
      <line num="85" count="24" type="stmt"/>
      <line num="86" count="24" type="cond" truecount="2" falsecount="0"/>
      <line num="87" count="6" type="stmt"/>
      <line num="90" count="3" type="stmt"/>
      <line num="94" count="3" type="cond" truecount="1" falsecount="0"/>
      <line num="95" count="9" type="cond" truecount="2" falsecount="0"/>
      <line num="97" count="9" type="stmt"/>
      <line num="98" count="9" type="stmt"/>
      <line num="99" count="21" type="stmt"/>
      <line num="100" count="21" type="cond" truecount="2" falsecount="0"/>
      <line num="101" count="3" type="cond" truecount="2" falsecount="0"/>
      <line num="103" count="18" type="cond" truecount="2" falsecount="0"/>
      <line num="105" count="15" type="cond" truecount="4" falsecount="0"/>
      <line num="107" count="1" type="stmt"/>
      <line num="112" count="3" type="stmt"/>
      <line num="113" count="3" type="cond" truecount="2" falsecount="0"/>
      <line num="116" count="2" type="stmt"/>
      <line num="117" count="2" type="stmt"/>
      <line num="118" count="6" type="stmt"/>
      <line num="120" count="2" type="stmt"/>
      <line num="125" count="3" type="stmt"/>
      <line num="129" count="4" type="cond" truecount="2" falsecount="0"/>
      <line num="132" count="4" type="stmt"/>
      <line num="133" count="4" type="stmt"/>
      <line num="134" count="7" type="stmt"/>
      <line num="135" count="7" type="cond" truecount="2" falsecount="0"/>
    </file>
    <file name="common.ts" path="D:\project\utilTs\src\common.ts">
      <metrics statements="186" coveredstatements="186" conditionals="100" coveredconditionals="100" methods="46" coveredmethods="46"/>
      <line num="1" count="3" type="stmt"/>
      <line num="9" count="3" type="stmt"/>
      <line num="10" count="1" type="stmt"/>
      <line num="11" count="1" type="stmt"/>
      <line num="12" count="4" type="cond" truecount="2" falsecount="0"/>
      <line num="13" count="3" type="stmt"/>
      <line num="14" count="3" type="stmt"/>
      <line num="16" count="4" type="stmt"/>
      <line num="17" count="1" type="stmt"/>
      <line num="18" count="1" type="stmt"/>
      <line num="29" count="3" type="cond" truecount="1" falsecount="0"/>
      <line num="30" count="3" type="cond" truecount="2" falsecount="0"/>
      <line num="33" count="3" type="stmt"/>
      <line num="36" count="33" type="stmt"/>
      <line num="37" count="33" type="cond" truecount="2" falsecount="0"/>
      <line num="38" count="30" type="cond" truecount="2" falsecount="0"/>
      <line num="39" count="10" type="stmt"/>
      <line num="45" count="31" type="stmt"/>
      <line num="48" count="3" type="stmt"/>
      <line num="49" count="3" type="cond" truecount="2" falsecount="0"/>
      <line num="50" count="2" type="stmt"/>
      <line num="52" count="1" type="stmt"/>
      <line num="54" count="3" type="stmt"/>
      <line num="55" count="3" type="stmt"/>
      <line num="56" count="3" type="stmt"/>
      <line num="61" count="3" type="stmt"/>
      <line num="62" count="6" type="stmt"/>
      <line num="63" count="35" type="cond" truecount="2" falsecount="0"/>
      <line num="64" count="1" type="stmt"/>
      <line num="69" count="3" type="stmt"/>
      <line num="70" count="4" type="cond" truecount="2" falsecount="0"/>
      <line num="71" count="4" type="stmt"/>
      <line num="73" count="9" type="stmt"/>
      <line num="74" count="9" type="cond" truecount="2" falsecount="0"/>
      <line num="75" count="2" type="stmt"/>
      <line num="77" count="7" type="stmt"/>
      <line num="80" count="4" type="stmt"/>
      <line num="88" count="3" type="stmt"/>
      <line num="89" count="4" type="stmt"/>
      <line num="98" count="4" type="cond" truecount="2" falsecount="0"/>
      <line num="99" count="3" type="stmt"/>
      <line num="101" count="4" type="stmt"/>
      <line num="102" count="28" type="cond" truecount="2" falsecount="0"/>
      <line num="103" count="9" type="stmt"/>
      <line num="104" count="9" type="stmt"/>
      <line num="105" count="9" type="cond" truecount="2" falsecount="0"/>
      <line num="106" count="9" type="stmt"/>
      <line num="109" count="4" type="stmt"/>
      <line num="113" count="3" type="stmt"/>
      <line num="114" count="12" type="stmt"/>
      <line num="115" count="12" type="cond" truecount="2" falsecount="0"/>
      <line num="116" count="11" type="stmt"/>
      <line num="117" count="11" type="cond" truecount="2" falsecount="0"/>
      <line num="121" count="4" type="stmt"/>
      <line num="122" count="4" type="stmt"/>
      <line num="123" count="4" type="stmt"/>
      <line num="127" count="3" type="stmt"/>
      <line num="130" count="1" type="stmt"/>
      <line num="131" count="1" type="stmt"/>
      <line num="135" count="1" type="stmt"/>
      <line num="136" count="1" type="stmt"/>
      <line num="140" count="1" type="stmt"/>
      <line num="141" count="1" type="stmt"/>
      <line num="145" count="1" type="stmt"/>
      <line num="146" count="1" type="stmt"/>
      <line num="151" count="3" type="stmt"/>
      <line num="152" count="123" type="cond" truecount="2" falsecount="0"/>
      <line num="153" count="44" type="stmt"/>
      <line num="156" count="3" type="stmt"/>
      <line num="157" count="7" type="stmt"/>
      <line num="160" count="3" type="stmt"/>
      <line num="161" count="15" type="stmt"/>
      <line num="165" count="3" type="stmt"/>
      <line num="167" count="11" type="stmt"/>
      <line num="168" count="11" type="cond" truecount="2" falsecount="0"/>
      <line num="171" count="6" type="cond" truecount="3" falsecount="0"/>
      <line num="173" count="6" type="cond" truecount="4" falsecount="0"/>
      <line num="174" count="1" type="stmt"/>
      <line num="179" count="5" type="cond" truecount="5" falsecount="0"/>
      <line num="182" count="3" type="stmt"/>
      <line num="183" count="2" type="stmt"/>
      <line num="186" count="3" type="stmt"/>
      <line num="187" count="14" type="stmt"/>
      <line num="190" count="3" type="stmt"/>
      <line num="191" count="2" type="stmt"/>
      <line num="194" count="3" type="stmt"/>
      <line num="195" count="7" type="stmt"/>
      <line num="198" count="3" type="stmt"/>
      <line num="199" count="7" type="stmt"/>
      <line num="202" count="3" type="stmt"/>
      <line num="204" count="17" type="stmt"/>
      <line num="208" count="3" type="stmt"/>
      <line num="210" count="10" type="cond" truecount="2" falsecount="0"/>
      <line num="211" count="8" type="stmt"/>
      <line num="213" count="4" type="stmt"/>
      <line num="215" count="3" type="stmt"/>
      <line num="217" count="1" type="stmt"/>
      <line num="223" count="3" type="cond" truecount="1" falsecount="0"/>
      <line num="224" count="19" type="cond" truecount="2" falsecount="0"/>
      <line num="225" count="18" type="cond" truecount="2" falsecount="0"/>
      <line num="226" count="13" type="stmt"/>
      <line num="227" count="13" type="stmt"/>
      <line num="229" count="18" type="stmt"/>
      <line num="230" count="18" type="stmt"/>
      <line num="231" count="18" type="cond" truecount="2" falsecount="0"/>
      <line num="232" count="17" type="stmt"/>
      <line num="234" count="1" type="stmt"/>
      <line num="235" count="3" type="stmt"/>
      <line num="236" count="1" type="stmt"/>
      <line num="243" count="3" type="cond" truecount="1" falsecount="0"/>
      <line num="244" count="12" type="stmt"/>
      <line num="245" count="12" type="stmt"/>
      <line num="246" count="12" type="cond" truecount="2" falsecount="0"/>
      <line num="247" count="11" type="stmt"/>
      <line num="249" count="1" type="stmt"/>
      <line num="250" count="10" type="stmt"/>
      <line num="251" count="1" type="stmt"/>
      <line num="260" count="3" type="stmt"/>
      <line num="261" count="25" type="cond" truecount="2" falsecount="0"/>
      <line num="262" count="5" type="cond" truecount="2" falsecount="0"/>
      <line num="263" count="4" type="stmt"/>
      <line num="266" count="3" type="stmt"/>
      <line num="267" count="6" type="cond" truecount="2" falsecount="0"/>
      <line num="268" count="5" type="stmt"/>
      <line num="269" count="6" type="stmt"/>
      <line num="270" count="6" type="stmt"/>
      <line num="271" count="6" type="cond" truecount="2" falsecount="0"/>
      <line num="272" count="2" type="stmt"/>
      <line num="275" count="3" type="stmt"/>
      <line num="278" count="3" type="stmt"/>
      <line num="279" count="28" type="cond" truecount="2" falsecount="0"/>
      <line num="280" count="18" type="stmt"/>
      <line num="281" count="18" type="stmt"/>
      <line num="282" count="18" type="cond" truecount="2" falsecount="0"/>
      <line num="284" count="9" type="stmt"/>
      <line num="288" count="2" type="stmt"/>
      <line num="290" count="4" type="stmt"/>
      <line num="295" count="3" type="stmt"/>
      <line num="303" count="3" type="stmt"/>
      <line num="304" count="3" type="stmt"/>
      <line num="309" count="3" type="stmt"/>
      <line num="317" count="2" type="stmt"/>
      <line num="318" count="4" type="cond" truecount="2" falsecount="0"/>
      <line num="328" count="3" type="stmt"/>
      <line num="329" count="14" type="cond" truecount="2" falsecount="0"/>
      <line num="331" count="2" type="stmt"/>
      <line num="332" count="2" type="stmt"/>
      <line num="341" count="3" type="stmt"/>
      <line num="343" count="2" type="stmt"/>
      <line num="344" count="2" type="stmt"/>
      <line num="345" count="22" type="stmt"/>
      <line num="346" count="22" type="stmt"/>
      <line num="347" count="22" type="cond" truecount="2" falsecount="0"/>
      <line num="348" count="11" type="stmt"/>
      <line num="349" count="11" type="cond" truecount="2" falsecount="0"/>
      <line num="351" count="11" type="stmt"/>
      <line num="353" count="22" type="cond" truecount="2" falsecount="0"/>
      <line num="355" count="2" type="stmt"/>
      <line num="358" count="3" type="stmt"/>
      <line num="359" count="3" type="stmt"/>
      <line num="360" count="3" type="stmt"/>
      <line num="366" count="3" type="stmt"/>
      <line num="367" count="8" type="stmt"/>
      <line num="368" count="8" type="stmt"/>
      <line num="369" count="8" type="stmt"/>
      <line num="371" count="8" type="cond" truecount="4" falsecount="0"/>
      <line num="372" count="7" type="cond" truecount="2" falsecount="0"/>
      <line num="373" count="22" type="stmt"/>
      <line num="375" count="22" type="stmt"/>
      <line num="377" count="22" type="cond" truecount="2" falsecount="0"/>
      <line num="378" count="19" type="stmt"/>
      <line num="381" count="22" type="cond" truecount="4" falsecount="0"/>
      <line num="382" count="21" type="stmt"/>
      <line num="384" count="22" type="stmt"/>
      <line num="385" count="22" type="stmt"/>
      <line num="388" count="7" type="stmt"/>
      <line num="392" count="3" type="stmt"/>
      <line num="393" count="1" type="stmt"/>
      <line num="395" count="1" type="stmt"/>
      <line num="396" count="3" type="cond" truecount="2" falsecount="0"/>
      <line num="397" count="2" type="stmt"/>
      <line num="399" count="3" type="stmt"/>
      <line num="401" count="1" type="stmt"/>
      <line num="404" count="1" type="stmt"/>
      <line num="409" count="3" type="stmt"/>
      <line num="410" count="1" type="stmt"/>
    </file>
    <file name="urlParse.ts" path="D:\project\utilTs\src\urlParse.ts">
      <metrics statements="52" coveredstatements="52" conditionals="18" coveredconditionals="18" methods="8" coveredmethods="8"/>
      <line num="1" count="1" type="stmt"/>
      <line num="8" count="1" type="stmt"/>
      <line num="19" count="2" type="cond" truecount="2" falsecount="0"/>
      <line num="20" count="1" type="stmt"/>
      <line num="21" count="1" type="stmt"/>
      <line num="25" count="1" type="stmt"/>
      <line num="26" count="1" type="stmt"/>
      <line num="27" count="1" type="stmt"/>
      <line num="28" count="1" type="stmt"/>
      <line num="29" count="1" type="stmt"/>
      <line num="30" count="1" type="stmt"/>
      <line num="34" count="2" type="stmt"/>
      <line num="35" count="2" type="stmt"/>
      <line num="36" count="2" type="cond" truecount="2" falsecount="0"/>
      <line num="37" count="1" type="stmt"/>
      <line num="39" count="2" type="stmt"/>
      <line num="43" count="4" type="stmt"/>
      <line num="44" count="4" type="stmt"/>
      <line num="45" count="4" type="cond" truecount="2" falsecount="0"/>
      <line num="46" count="2" type="stmt"/>
      <line num="49" count="2" type="cond" truecount="2" falsecount="0"/>
      <line num="50" count="1" type="stmt"/>
      <line num="52" count="2" type="stmt"/>
      <line num="56" count="2" type="stmt"/>
      <line num="57" count="2" type="cond" truecount="2" falsecount="0"/>
      <line num="58" count="1" type="stmt"/>
      <line num="60" count="1" type="stmt"/>
      <line num="65" count="2" type="stmt"/>
      <line num="66" count="2" type="cond" truecount="2" falsecount="0"/>
      <line num="67" count="1" type="stmt"/>
      <line num="70" count="1" type="stmt"/>
      <line num="74" count="3" type="stmt"/>
      <line num="75" count="3" type="cond" truecount="2" falsecount="0"/>
      <line num="76" count="3" type="stmt"/>
      <line num="80" count="1" type="stmt"/>
      <line num="82" count="1" type="stmt"/>
      <line num="84" count="1" type="stmt"/>
      <line num="85" count="1" type="stmt"/>
      <line num="86" count="1" type="stmt"/>
      <line num="88" count="1" type="stmt"/>
      <line num="89" count="10" type="stmt"/>
      <line num="90" count="10" type="stmt"/>
      <line num="91" count="10" type="stmt"/>
      <line num="93" count="10" type="stmt"/>
      <line num="94" count="10" type="stmt"/>
      <line num="96" count="10" type="stmt"/>
      <line num="97" count="10" type="cond" truecount="2" falsecount="0"/>
      <line num="98" count="6" type="stmt"/>
      <line num="100" count="4" type="cond" truecount="2" falsecount="0"/>
      <line num="101" count="1" type="stmt"/>
      <line num="103" count="3" type="stmt"/>
      <line num="108" count="1" type="stmt"/>
    </file>
  </project>
</coverage>
