{"D:\\project\\utilTs\\src\\array.ts": {"path":"D:\\project\\utilTs\\src\\array.ts","statementMap":{"0":{"start":{"line":4,"column":0},"end":{"line":4,"column":48}},"1":{"start":{"line":27,"column":20},"end":{"line":27,"column":25}},"2":{"start":{"line":28,"column":4},"end":{"line":37,"column":null}},"3":{"start":{"line":29,"column":8},"end":{"line":29,"column":39}},"4":{"start":{"line":31,"column":8},"end":{"line":33,"column":null}},"5":{"start":{"line":32,"column":12},"end":{"line":32,"column":28}},"6":{"start":{"line":34,"column":8},"end":{"line":36,"column":null}},"7":{"start":{"line":35,"column":12},"end":{"line":35,"column":20}},"8":{"start":{"line":39,"column":4},"end":{"line":49,"column":null}},"9":{"start":{"line":41,"column":12},"end":{"line":41,"column":28}},"10":{"start":{"line":42,"column":12},"end":{"line":42,"column":18}},"11":{"start":{"line":45,"column":12},"end":{"line":45,"column":32}},"12":{"start":{"line":45,"column":30},"end":{"line":45,"column":31}},"13":{"start":{"line":46,"column":12},"end":{"line":46,"column":18}},"14":{"start":{"line":48,"column":12},"end":{"line":48,"column":35}},"15":{"start":{"line":48,"column":30},"end":{"line":48,"column":34}},"16":{"start":{"line":50,"column":23},"end":{"line":50,"column":25}},"17":{"start":{"line":51,"column":4},"end":{"line":53,"column":null}},"18":{"start":{"line":51,"column":20},"end":{"line":51,"column":25}},"19":{"start":{"line":51,"column":35},"end":{"line":51,"column":36}},"20":{"start":{"line":52,"column":8},"end":{"line":52,"column":40}},"21":{"start":{"line":54,"column":4},"end":{"line":54,"column":15}},"22":{"start":{"line":26,"column":0},"end":{"line":26,"column":16}},"23":{"start":{"line":60,"column":16},"end":{"line":60,"column":31}},"24":{"start":{"line":62,"column":16},"end":{"line":62,"column":26}},"25":{"start":{"line":64,"column":4},"end":{"line":66,"column":null}},"26":{"start":{"line":64,"column":17},"end":{"line":64,"column":18}},"27":{"start":{"line":65,"column":8},"end":{"line":65,"column":56}},"28":{"start":{"line":65,"column":50},"end":{"line":65,"column":56}},"29":{"start":{"line":59,"column":0},"end":{"line":59,"column":16}},"30":{"start":{"line":71,"column":23},"end":{"line":71,"column":25}},"31":{"start":{"line":72,"column":4},"end":{"line":74,"column":18}},"32":{"start":{"line":73,"column":8},"end":{"line":73,"column":49}},"33":{"start":{"line":75,"column":4},"end":{"line":75,"column":15}},"34":{"start":{"line":70,"column":0},"end":{"line":70,"column":16}},"35":{"start":{"line":80,"column":16},"end":{"line":80,"column":31}},"36":{"start":{"line":82,"column":25},"end":{"line":82,"column":27}},"37":{"start":{"line":83,"column":16},"end":{"line":83,"column":26}},"38":{"start":{"line":84,"column":4},"end":{"line":89,"column":null}},"39":{"start":{"line":84,"column":17},"end":{"line":84,"column":18}},"40":{"start":{"line":85,"column":22},"end":{"line":85,"column":28}},"41":{"start":{"line":86,"column":8},"end":{"line":88,"column":null}},"42":{"start":{"line":87,"column":12},"end":{"line":87,"column":30}},"43":{"start":{"line":90,"column":4},"end":{"line":90,"column":17}},"44":{"start":{"line":79,"column":0},"end":{"line":79,"column":16}},"45":{"start":{"line":95,"column":16},"end":{"line":95,"column":31}},"46":{"start":{"line":97,"column":16},"end":{"line":97,"column":26}},"47":{"start":{"line":98,"column":4},"end":{"line":109,"column":null}},"48":{"start":{"line":98,"column":17},"end":{"line":98,"column":26}},"49":{"start":{"line":99,"column":21},"end":{"line":99,"column":27}},"50":{"start":{"line":100,"column":8},"end":{"line":104,"column":null}},"51":{"start":{"line":101,"column":12},"end":{"line":101,"column":57}},"52":{"start":{"line":101,"column":45},"end":{"line":101,"column":57}},"53":{"start":{"line":103,"column":12},"end":{"line":103,"column":52}},"54":{"start":{"line":103,"column":40},"end":{"line":103,"column":52}},"55":{"start":{"line":105,"column":8},"end":{"line":108,"column":null}},"56":{"start":{"line":106,"column":12},"end":{"line":106,"column":53}},"57":{"start":{"line":107,"column":12},"end":{"line":107,"column":24}},"58":{"start":{"line":110,"column":4},"end":{"line":110,"column":17}},"59":{"start":{"line":94,"column":0},"end":{"line":94,"column":16}},"60":{"start":{"line":116,"column":4},"end":{"line":116,"column":35}},"61":{"start":{"line":116,"column":25},"end":{"line":116,"column":35}},"62":{"start":{"line":119,"column":26},"end":{"line":119,"column":28}},"63":{"start":{"line":120,"column":4},"end":{"line":122,"column":null}},"64":{"start":{"line":121,"column":8},"end":{"line":121,"column":22}},"65":{"start":{"line":123,"column":4},"end":{"line":123,"column":15}},"66":{"start":{"line":115,"column":0},"end":{"line":115,"column":16}},"67":{"start":{"line":132,"column":16},"end":{"line":132,"column":31}},"68":{"start":{"line":135,"column":16},"end":{"line":135,"column":26}},"69":{"start":{"line":136,"column":4},"end":{"line":139,"column":null}},"70":{"start":{"line":136,"column":17},"end":{"line":136,"column":18}},"71":{"start":{"line":137,"column":21},"end":{"line":137,"column":27}},"72":{"start":{"line":138,"column":8},"end":{"line":138,"column":49}},"73":{"start":{"line":138,"column":37},"end":{"line":138,"column":49}},"74":{"start":{"line":128,"column":0},"end":{"line":128,"column":16}}},"fnMap":{"0":{"name":"createArray","decl":{"start":{"line":26,"column":16},"end":{"line":26,"column":27}},"loc":{"start":{"line":26,"column":55},"end":{"line":55,"column":1}}},"1":{"name":"(anonymous_1)","decl":{"start":{"line":45,"column":23},"end":{"line":45,"column":24}},"loc":{"start":{"line":45,"column":30},"end":{"line":45,"column":31}}},"2":{"name":"(anonymous_2)","decl":{"start":{"line":48,"column":23},"end":{"line":48,"column":24}},"loc":{"start":{"line":48,"column":30},"end":{"line":48,"column":34}}},"3":{"name":"forEach","decl":{"start":{"line":59,"column":16},"end":{"line":59,"column":23}},"loc":{"start":{"line":59,"column":127},"end":{"line":67,"column":1}}},"4":{"name":"from","decl":{"start":{"line":70,"column":16},"end":{"line":70,"column":20}},"loc":{"start":{"line":70,"column":104},"end":{"line":76,"column":1}}},"5":{"name":"(anonymous_5)","decl":{"start":{"line":72,"column":13},"end":{"line":72,"column":14}},"loc":{"start":{"line":72,"column":29},"end":{"line":74,"column":5}}},"6":{"name":"filter","decl":{"start":{"line":79,"column":16},"end":{"line":79,"column":22}},"loc":{"start":{"line":79,"column":122},"end":{"line":91,"column":1}}},"7":{"name":"includes","decl":{"start":{"line":94,"column":16},"end":{"line":94,"column":24}},"loc":{"start":{"line":94,"column":83},"end":{"line":111,"column":1}}},"8":{"name":"keys","decl":{"start":{"line":115,"column":16},"end":{"line":115,"column":20}},"loc":{"start":{"line":115,"column":40},"end":{"line":124,"column":1}}},"9":{"name":"find","decl":{"start":{"line":128,"column":16},"end":{"line":128,"column":20}},"loc":{"start":{"line":130,"column":28},"end":{"line":140,"column":1}}}},"branchMap":{"0":{"loc":{"start":{"line":26,"column":37},"end":{"line":26,"column":38}},"type":"default-arg","locations":[{"start":{"line":26,"column":37},"end":{"line":26,"column":38}}]},"1":{"loc":{"start":{"line":28,"column":4},"end":{"line":37,"column":null}},"type":"if","locations":[{"start":{"line":28,"column":4},"end":{"line":37,"column":null}},{"start":{"line":28,"column":4},"end":{"line":37,"column":null}}]},"2":{"loc":{"start":{"line":28,"column":8},"end":{"line":28,"column":11}},"type":"binary-expr","locations":[{"start":{"line":28,"column":8},"end":{"line":28,"column":11}},{"start":{"line":28,"column":15},"end":{"line":28,"column":18}}]},"3":{"loc":{"start":{"line":31,"column":8},"end":{"line":33,"column":null}},"type":"if","locations":[{"start":{"line":31,"column":8},"end":{"line":33,"column":null}},{"start":{"line":31,"column":8},"end":{"line":33,"column":null}}]},"4":{"loc":{"start":{"line":34,"column":8},"end":{"line":36,"column":null}},"type":"if","locations":[{"start":{"line":34,"column":8},"end":{"line":36,"column":null}},{"start":{"line":34,"column":8},"end":{"line":36,"column":null}}]},"5":{"loc":{"start":{"line":40,"column":8},"end":{"line":42,"column":18}},"type":"switch","locations":[{"start":{"line":40,"column":8},"end":{"line":42,"column":18}},{"start":{"line":43,"column":8},"end":{"line":43,"column":25}},{"start":{"line":44,"column":8},"end":{"line":46,"column":18}},{"start":{"line":47,"column":8},"end":{"line":48,"column":35}}]},"6":{"loc":{"start":{"line":60,"column":16},"end":{"line":60,"column":23}},"type":"binary-expr","locations":[{"start":{"line":60,"column":16},"end":{"line":60,"column":23}},{"start":{"line":60,"column":27},"end":{"line":60,"column":31}}]},"7":{"loc":{"start":{"line":65,"column":8},"end":{"line":65,"column":56}},"type":"if","locations":[{"start":{"line":65,"column":8},"end":{"line":65,"column":56}},{"start":{"line":65,"column":8},"end":{"line":65,"column":56}}]},"8":{"loc":{"start":{"line":73,"column":25},"end":{"line":73,"column":43}},"type":"cond-expr","locations":[{"start":{"line":73,"column":25},"end":{"line":73,"column":43}},{"start":{"line":73,"column":46},"end":{"line":73,"column":47}}]},"9":{"loc":{"start":{"line":80,"column":16},"end":{"line":80,"column":23}},"type":"binary-expr","locations":[{"start":{"line":80,"column":16},"end":{"line":80,"column":23}},{"start":{"line":80,"column":27},"end":{"line":80,"column":31}}]},"10":{"loc":{"start":{"line":86,"column":8},"end":{"line":88,"column":null}},"type":"if","locations":[{"start":{"line":86,"column":8},"end":{"line":88,"column":null}},{"start":{"line":86,"column":8},"end":{"line":88,"column":null}}]},"11":{"loc":{"start":{"line":94,"column":82},"end":{"line":94,"column":83}},"type":"default-arg","locations":[{"start":{"line":94,"column":82},"end":{"line":94,"column":83}}]},"12":{"loc":{"start":{"line":95,"column":16},"end":{"line":95,"column":23}},"type":"binary-expr","locations":[{"start":{"line":95,"column":16},"end":{"line":95,"column":23}},{"start":{"line":95,"column":27},"end":{"line":95,"column":31}}]},"13":{"loc":{"start":{"line":100,"column":8},"end":{"line":104,"column":null}},"type":"if","locations":[{"start":{"line":100,"column":8},"end":{"line":104,"column":null}},{"start":{"line":100,"column":8},"end":{"line":104,"column":null}}]},"14":{"loc":{"start":{"line":101,"column":12},"end":{"line":101,"column":57}},"type":"if","locations":[{"start":{"line":101,"column":12},"end":{"line":101,"column":57}},{"start":{"line":101,"column":12},"end":{"line":101,"column":57}}]},"15":{"loc":{"start":{"line":103,"column":12},"end":{"line":103,"column":52}},"type":"if","locations":[{"start":{"line":103,"column":12},"end":{"line":103,"column":52}},{"start":{"line":103,"column":12},"end":{"line":103,"column":52}}]},"16":{"loc":{"start":{"line":105,"column":8},"end":{"line":108,"column":null}},"type":"if","locations":[{"start":{"line":105,"column":8},"end":{"line":108,"column":null}},{"start":{"line":105,"column":8},"end":{"line":108,"column":null}}]},"17":{"loc":{"start":{"line":105,"column":12},"end":{"line":105,"column":23}},"type":"binary-expr","locations":[{"start":{"line":105,"column":12},"end":{"line":105,"column":23}},{"start":{"line":105,"column":27},"end":{"line":105,"column":47}}]},"18":{"loc":{"start":{"line":116,"column":4},"end":{"line":116,"column":35}},"type":"if","locations":[{"start":{"line":116,"column":4},"end":{"line":116,"column":35}},{"start":{"line":116,"column":4},"end":{"line":116,"column":35}}]},"19":{"loc":{"start":{"line":132,"column":16},"end":{"line":132,"column":23}},"type":"binary-expr","locations":[{"start":{"line":132,"column":16},"end":{"line":132,"column":23}},{"start":{"line":132,"column":27},"end":{"line":132,"column":31}}]},"20":{"loc":{"start":{"line":138,"column":8},"end":{"line":138,"column":49}},"type":"if","locations":[{"start":{"line":138,"column":8},"end":{"line":138,"column":49}},{"start":{"line":138,"column":8},"end":{"line":138,"column":49}}]}},"s":{"0":1,"1":10,"2":10,"3":5,"4":5,"5":3,"6":5,"7":2,"8":10,"9":1,"10":1,"11":8,"12":14,"13":8,"14":1,"15":3,"16":10,"17":10,"18":10,"19":10,"20":19,"21":10,"22":1,"23":7,"24":7,"25":7,"26":7,"27":18,"28":1,"29":1,"30":3,"31":3,"32":8,"33":3,"34":1,"35":3,"36":3,"37":3,"38":3,"39":3,"40":24,"41":24,"42":6,"43":3,"44":1,"45":11,"46":11,"47":11,"48":11,"49":35,"50":35,"51":3,"52":2,"53":32,"54":4,"55":29,"56":2,"57":2,"58":3,"59":1,"60":3,"61":1,"62":2,"63":2,"64":6,"65":2,"66":1,"67":4,"68":4,"69":4,"70":4,"71":7,"72":7,"73":1,"74":1},"f":{"0":10,"1":14,"2":3,"3":7,"4":3,"5":8,"6":3,"7":11,"8":3,"9":4},"b":{"0":[2],"1":[5,5],"2":[10,8],"3":[3,2],"4":[2,3],"5":[1,8,8,1],"6":[7,1],"7":[1,17],"8":[3,5],"9":[3,1],"10":[6,18],"11":[11],"12":[11,1],"13":[3,32],"14":[2,1],"15":[4,28],"16":[2,27],"17":[29,5],"18":[1,2],"19":[4,1],"20":[1,6]}}
,"D:\\project\\utilTs\\src\\common.ts": {"path":"D:\\project\\utilTs\\src\\common.ts","statementMap":{"0":{"start":{"line":10,"column":21},"end":{"line":10,"column":25}},"1":{"start":{"line":11,"column":4},"end":{"line":20,"column":6}},"2":{"start":{"line":12,"column":8},"end":{"line":15,"column":null}},"3":{"start":{"line":13,"column":12},"end":{"line":13,"column":32}},"4":{"start":{"line":14,"column":12},"end":{"line":14,"column":25}},"5":{"start":{"line":16,"column":8},"end":{"line":19,"column":18}},"6":{"start":{"line":17,"column":12},"end":{"line":17,"column":25}},"7":{"start":{"line":18,"column":12},"end":{"line":18,"column":39}},"8":{"start":{"line":9,"column":0},"end":{"line":9,"column":16}},"9":{"start":{"line":30,"column":4},"end":{"line":30,"column":16}},"10":{"start":{"line":30,"column":16},"end":{"line":30,"column":25}},"11":{"start":{"line":30,"column":25},"end":{"line":30,"column":33}},"12":{"start":{"line":33,"column":16},"end":{"line":33,"column":17}},"13":{"start":{"line":36,"column":21},"end":{"line":36,"column":38}},"14":{"start":{"line":37,"column":8},"end":{"line":41,"column":null}},"15":{"start":{"line":38,"column":12},"end":{"line":40,"column":27}},"16":{"start":{"line":39,"column":16},"end":{"line":39,"column":26}},"17":{"start":{"line":45,"column":8},"end":{"line":45,"column":52}},"18":{"start":{"line":48,"column":4},"end":{"line":48,"column":27}},"19":{"start":{"line":49,"column":4},"end":{"line":53,"column":null}},"20":{"start":{"line":50,"column":8},"end":{"line":50,"column":17}},"21":{"start":{"line":52,"column":8},"end":{"line":52,"column":18}},"22":{"start":{"line":54,"column":4},"end":{"line":57,"column":6}},"23":{"start":{"line":55,"column":8},"end":{"line":55,"column":31}},"24":{"start":{"line":56,"column":8},"end":{"line":56,"column":28}},"25":{"start":{"line":29,"column":0},"end":{"line":29,"column":16}},"26":{"start":{"line":62,"column":4},"end":{"line":65,"column":null}},"27":{"start":{"line":62,"column":17},"end":{"line":62,"column":18}},"28":{"start":{"line":63,"column":8},"end":{"line":63,"column":44}},"29":{"start":{"line":63,"column":35},"end":{"line":63,"column":44}},"30":{"start":{"line":64,"column":8},"end":{"line":64,"column":14}},"31":{"start":{"line":61,"column":0},"end":{"line":61,"column":16}},"32":{"start":{"line":70,"column":27},"end":{"line":70,"column":55}},"33":{"start":{"line":71,"column":4},"end":{"line":79,"column":null}},"34":{"start":{"line":73,"column":18},"end":{"line":73,"column":26}},"35":{"start":{"line":74,"column":8},"end":{"line":78,"column":null}},"36":{"start":{"line":75,"column":12},"end":{"line":75,"column":38}},"37":{"start":{"line":77,"column":12},"end":{"line":77,"column":28}},"38":{"start":{"line":80,"column":4},"end":{"line":80,"column":18}},"39":{"start":{"line":69,"column":0},"end":{"line":69,"column":16}},"40":{"start":{"line":89,"column":17},"end":{"line":97,"column":6}},"41":{"start":{"line":98,"column":4},"end":{"line":100,"column":null}},"42":{"start":{"line":99,"column":8},"end":{"line":99,"column":105}},"43":{"start":{"line":101,"column":4},"end":{"line":108,"column":null}},"44":{"start":{"line":102,"column":8},"end":{"line":107,"column":null}},"45":{"start":{"line":103,"column":23},"end":{"line":103,"column":32}},"46":{"start":{"line":104,"column":22},"end":{"line":104,"column":26}},"47":{"start":{"line":105,"column":26},"end":{"line":105,"column":83}},"48":{"start":{"line":106,"column":12},"end":{"line":106,"column":53}},"49":{"start":{"line":109,"column":4},"end":{"line":109,"column":21}},"50":{"start":{"line":88,"column":0},"end":{"line":88,"column":16}},"51":{"start":{"line":114,"column":4},"end":{"line":114,"column":22}},"52":{"start":{"line":115,"column":4},"end":{"line":115,"column":29}},"53":{"start":{"line":115,"column":20},"end":{"line":115,"column":29}},"54":{"start":{"line":116,"column":15},"end":{"line":116,"column":40}},"55":{"start":{"line":117,"column":4},"end":{"line":117,"column":34}},"56":{"start":{"line":113,"column":0},"end":{"line":113,"column":16}},"57":{"start":{"line":121,"column":15},"end":{"line":121,"column":38}},"58":{"start":{"line":122,"column":15},"end":{"line":122,"column":38}},"59":{"start":{"line":123,"column":4},"end":{"line":123,"column":46}},"60":{"start":{"line":127,"column":13},"end":{"line":148,"column":2}},"61":{"start":{"line":130,"column":18},"end":{"line":130,"column":30}},"62":{"start":{"line":131,"column":8},"end":{"line":131,"column":41}},"63":{"start":{"line":135,"column":18},"end":{"line":135,"column":30}},"64":{"start":{"line":136,"column":8},"end":{"line":136,"column":41}},"65":{"start":{"line":140,"column":18},"end":{"line":140,"column":30}},"66":{"start":{"line":141,"column":8},"end":{"line":141,"column":49}},"67":{"start":{"line":145,"column":18},"end":{"line":145,"column":30}},"68":{"start":{"line":146,"column":8},"end":{"line":146,"column":35}},"69":{"start":{"line":152,"column":4},"end":{"line":152,"column":57}},"70":{"start":{"line":152,"column":36},"end":{"line":152,"column":57}},"71":{"start":{"line":153,"column":4},"end":{"line":153,"column":77}},"72":{"start":{"line":151,"column":0},"end":{"line":151,"column":16}},"73":{"start":{"line":157,"column":4},"end":{"line":157,"column":39}},"74":{"start":{"line":156,"column":0},"end":{"line":156,"column":16}},"75":{"start":{"line":161,"column":4},"end":{"line":161,"column":38}},"76":{"start":{"line":160,"column":0},"end":{"line":160,"column":16}},"77":{"start":{"line":167,"column":17},"end":{"line":167,"column":31}},"78":{"start":{"line":168,"column":4},"end":{"line":168,"column":94}},"79":{"start":{"line":168,"column":81},"end":{"line":168,"column":94}},"80":{"start":{"line":171,"column":19},"end":{"line":171,"column":66}},"81":{"start":{"line":173,"column":4},"end":{"line":175,"column":null}},"82":{"start":{"line":174,"column":8},"end":{"line":174,"column":21}},"83":{"start":{"line":179,"column":4},"end":{"line":179,"column":104}},"84":{"start":{"line":165,"column":0},"end":{"line":165,"column":16}},"85":{"start":{"line":183,"column":4},"end":{"line":183,"column":39}},"86":{"start":{"line":182,"column":0},"end":{"line":182,"column":16}},"87":{"start":{"line":187,"column":4},"end":{"line":187,"column":39}},"88":{"start":{"line":186,"column":0},"end":{"line":186,"column":16}},"89":{"start":{"line":191,"column":4},"end":{"line":191,"column":41}},"90":{"start":{"line":190,"column":0},"end":{"line":190,"column":16}},"91":{"start":{"line":195,"column":4},"end":{"line":195,"column":40}},"92":{"start":{"line":194,"column":0},"end":{"line":194,"column":16}},"93":{"start":{"line":199,"column":4},"end":{"line":199,"column":29}},"94":{"start":{"line":198,"column":0},"end":{"line":198,"column":16}},"95":{"start":{"line":204,"column":4},"end":{"line":204,"column":49}},"96":{"start":{"line":202,"column":0},"end":{"line":202,"column":16}},"97":{"start":{"line":210,"column":4},"end":{"line":210,"column":65}},"98":{"start":{"line":210,"column":53},"end":{"line":210,"column":65}},"99":{"start":{"line":212,"column":4},"end":{"line":217,"column":null}},"100":{"start":{"line":214,"column":12},"end":{"line":214,"column":34}},"101":{"start":{"line":216,"column":12},"end":{"line":216,"column":51}},"102":{"start":{"line":218,"column":4},"end":{"line":218,"column":17}},"103":{"start":{"line":208,"column":0},"end":{"line":208,"column":16}},"104":{"start":{"line":225,"column":4},"end":{"line":225,"column":48}},"105":{"start":{"line":225,"column":27},"end":{"line":225,"column":48}},"106":{"start":{"line":226,"column":4},"end":{"line":229,"column":null}},"107":{"start":{"line":227,"column":8},"end":{"line":227,"column":20}},"108":{"start":{"line":228,"column":8},"end":{"line":228,"column":18}},"109":{"start":{"line":230,"column":17},"end":{"line":230,"column":55}},"110":{"start":{"line":231,"column":17},"end":{"line":231,"column":60}},"111":{"start":{"line":232,"column":4},"end":{"line":238,"column":null}},"112":{"start":{"line":233,"column":8},"end":{"line":233,"column":20}},"113":{"start":{"line":235,"column":20},"end":{"line":235,"column":26}},"114":{"start":{"line":236,"column":8},"end":{"line":236,"column":85}},"115":{"start":{"line":236,"column":39},"end":{"line":236,"column":83}},"116":{"start":{"line":237,"column":8},"end":{"line":237,"column":19}},"117":{"start":{"line":224,"column":0},"end":{"line":224,"column":16}},"118":{"start":{"line":245,"column":16},"end":{"line":245,"column":51}},"119":{"start":{"line":246,"column":18},"end":{"line":246,"column":50}},"120":{"start":{"line":247,"column":4},"end":{"line":253,"column":null}},"121":{"start":{"line":248,"column":8},"end":{"line":248,"column":21}},"122":{"start":{"line":250,"column":36},"end":{"line":250,"column":38}},"123":{"start":{"line":251,"column":8},"end":{"line":251,"column":73}},"124":{"start":{"line":251,"column":32},"end":{"line":251,"column":71}},"125":{"start":{"line":252,"column":8},"end":{"line":252,"column":25}},"126":{"start":{"line":244,"column":0},"end":{"line":244,"column":16}},"127":{"start":{"line":262,"column":26},"end":{"line":262,"column":78}},"128":{"start":{"line":262,"column":60},"end":{"line":262,"column":77}},"129":{"start":{"line":263,"column":4},"end":{"line":263,"column":31}},"130":{"start":{"line":263,"column":24},"end":{"line":263,"column":31}},"131":{"start":{"line":264,"column":4},"end":{"line":264,"column":72}},"132":{"start":{"line":261,"column":0},"end":{"line":261,"column":16}},"133":{"start":{"line":268,"column":4},"end":{"line":268,"column":35}},"134":{"start":{"line":268,"column":23},"end":{"line":268,"column":35}},"135":{"start":{"line":269,"column":4},"end":{"line":275,"column":null}},"136":{"start":{"line":270,"column":23},"end":{"line":270,"column":32}},"137":{"start":{"line":271,"column":23},"end":{"line":271,"column":32}},"138":{"start":{"line":272,"column":8},"end":{"line":274,"column":null}},"139":{"start":{"line":273,"column":12},"end":{"line":273,"column":25}},"140":{"start":{"line":276,"column":4},"end":{"line":276,"column":16}},"141":{"start":{"line":267,"column":0},"end":{"line":267,"column":16}},"142":{"start":{"line":280,"column":4},"end":{"line":280,"column":29}},"143":{"start":{"line":280,"column":17},"end":{"line":280,"column":29}},"144":{"start":{"line":281,"column":18},"end":{"line":281,"column":27}},"145":{"start":{"line":282,"column":18},"end":{"line":282,"column":27}},"146":{"start":{"line":283,"column":4},"end":{"line":283,"column":38}},"147":{"start":{"line":283,"column":25},"end":{"line":283,"column":38}},"148":{"start":{"line":285,"column":4},"end":{"line":297,"column":null}},"149":{"start":{"line":289,"column":12},"end":{"line":289,"column":25}},"150":{"start":{"line":291,"column":12},"end":{"line":291,"column":28}},"151":{"start":{"line":296,"column":12},"end":{"line":296,"column":39}},"152":{"start":{"line":279,"column":0},"end":{"line":279,"column":16}},"153":{"start":{"line":305,"column":4},"end":{"line":305,"column":63}},"154":{"start":{"line":304,"column":0},"end":{"line":304,"column":16}},"155":{"start":{"line":318,"column":4},"end":{"line":320,"column":7}},"156":{"start":{"line":319,"column":8},"end":{"line":319,"column":51}},"157":{"start":{"line":310,"column":0},"end":{"line":310,"column":16}},"158":{"start":{"line":330,"column":4},"end":{"line":330,"column":44}},"159":{"start":{"line":330,"column":30},"end":{"line":330,"column":44}},"160":{"start":{"line":333,"column":20},"end":{"line":333,"column":61}},"161":{"start":{"line":334,"column":4},"end":{"line":334,"column":28}},"162":{"start":{"line":329,"column":0},"end":{"line":329,"column":16}},"163":{"start":{"line":345,"column":20},"end":{"line":345,"column":35}},"164":{"start":{"line":346,"column":4},"end":{"line":356,"column":14}},"165":{"start":{"line":347,"column":21},"end":{"line":347,"column":36}},"166":{"start":{"line":348,"column":22},"end":{"line":348,"column":38}},"167":{"start":{"line":349,"column":8},"end":{"line":354,"column":null}},"168":{"start":{"line":350,"column":25},"end":{"line":350,"column":63}},"169":{"start":{"line":351,"column":12},"end":{"line":351,"column":48}},"170":{"start":{"line":353,"column":12},"end":{"line":353,"column":30}},"171":{"start":{"line":355,"column":8},"end":{"line":355,"column":31}},"172":{"start":{"line":355,"column":22},"end":{"line":355,"column":31}},"173":{"start":{"line":357,"column":4},"end":{"line":357,"column":18}},"174":{"start":{"line":343,"column":0},"end":{"line":343,"column":16}},"175":{"start":{"line":360,"column":23},"end":{"line":360,"column":103}},"176":{"start":{"line":361,"column":19},"end":{"line":361,"column":58}},"177":{"start":{"line":362,"column":24},"end":{"line":362,"column":49}},"178":{"start":{"line":369,"column":14},"end":{"line":369,"column":22}},"179":{"start":{"line":370,"column":24},"end":{"line":370,"column":26}},"180":{"start":{"line":371,"column":16},"end":{"line":371,"column":17}},"181":{"start":{"line":373,"column":4},"end":{"line":373,"column":61}},"182":{"start":{"line":373,"column":36},"end":{"line":373,"column":61}},"183":{"start":{"line":374,"column":4},"end":{"line":388,"column":null}},"184":{"start":{"line":375,"column":19},"end":{"line":375,"column":31}},"185":{"start":{"line":377,"column":18},"end":{"line":377,"column":37}},"186":{"start":{"line":379,"column":8},"end":{"line":381,"column":null}},"187":{"start":{"line":380,"column":12},"end":{"line":380,"column":49}},"188":{"start":{"line":383,"column":8},"end":{"line":385,"column":null}},"189":{"start":{"line":384,"column":12},"end":{"line":384,"column":48}},"190":{"start":{"line":386,"column":8},"end":{"line":386,"column":27}},"191":{"start":{"line":387,"column":8},"end":{"line":387,"column":16}},"192":{"start":{"line":390,"column":4},"end":{"line":390,"column":58}},"193":{"start":{"line":368,"column":0},"end":{"line":368,"column":16}},"194":{"start":{"line":395,"column":15},"end":{"line":395,"column":51}},"195":{"start":{"line":397,"column":4},"end":{"line":402,"column":null}},"196":{"start":{"line":397,"column":17},"end":{"line":397,"column":18}},"197":{"start":{"line":398,"column":8},"end":{"line":400,"column":null}},"198":{"start":{"line":399,"column":12},"end":{"line":399,"column":24}},"199":{"start":{"line":401,"column":8},"end":{"line":401,"column":42}},"200":{"start":{"line":403,"column":4},"end":{"line":403,"column":16}},"201":{"start":{"line":406,"column":4},"end":{"line":406,"column":16}},"202":{"start":{"line":394,"column":0},"end":{"line":394,"column":16}},"203":{"start":{"line":412,"column":4},"end":{"line":412,"column":82}},"204":{"start":{"line":411,"column":0},"end":{"line":411,"column":16}}},"fnMap":{"0":{"name":"debounce","decl":{"start":{"line":9,"column":16},"end":{"line":9,"column":24}},"loc":{"start":{"line":9,"column":74},"end":{"line":21,"column":1}}},"1":{"name":"(anonymous_1)","decl":{"start":{"line":11,"column":11},"end":{"line":11,"column":21}},"loc":{"start":{"line":11,"column":35},"end":{"line":20,"column":5}}},"2":{"name":"(anonymous_2)","decl":{"start":{"line":16,"column":27},"end":{"line":16,"column":30}},"loc":{"start":{"line":16,"column":32},"end":{"line":19,"column":9}}},"3":{"name":"polling","decl":{"start":{"line":29,"column":16},"end":{"line":29,"column":23}},"loc":{"start":{"line":29,"column":108},"end":{"line":58,"column":1}}},"4":{"name":"(anonymous_4)","decl":{"start":{"line":30,"column":4},"end":{"line":30,"column":9}},"loc":{"start":{"line":30,"column":14},"end":{"line":30,"column":33}}},"5":{"name":"handle","decl":{"start":{"line":35,"column":13},"end":{"line":35,"column":19}},"loc":{"start":{"line":35,"column":19},"end":{"line":42,"column":5}}},"6":{"name":"(anonymous_6)","decl":{"start":{"line":38,"column":68},"end":{"line":38,"column":null}},"loc":{"start":{"line":38,"column":68},"end":{"line":40,"column":13}}},"7":{"name":"timeout","decl":{"start":{"line":44,"column":13},"end":{"line":44,"column":20}},"loc":{"start":{"line":44,"column":20},"end":{"line":46,"column":5}}},"8":{"name":"(anonymous_8)","decl":{"start":{"line":54,"column":11},"end":{"line":54,"column":null}},"loc":{"start":{"line":54,"column":11},"end":{"line":57,"column":5}}},"9":{"name":"forEachByLen","decl":{"start":{"line":61,"column":16},"end":{"line":61,"column":28}},"loc":{"start":{"line":61,"column":74},"end":{"line":66,"column":1}}},"10":{"name":"deepCopy","decl":{"start":{"line":69,"column":16},"end":{"line":69,"column":24}},"loc":{"start":{"line":69,"column":33},"end":{"line":81,"column":1}}},"11":{"name":"formatDate","decl":{"start":{"line":88,"column":16},"end":{"line":88,"column":26}},"loc":{"start":{"line":88,"column":44},"end":{"line":110,"column":1}}},"12":{"name":"getNumberLenAfterDot","decl":{"start":{"line":113,"column":16},"end":{"line":113,"column":36}},"loc":{"start":{"line":113,"column":57},"end":{"line":118,"column":1}}},"13":{"name":"getPow","decl":{"start":{"line":120,"column":9},"end":{"line":120,"column":15}},"loc":{"start":{"line":120,"column":36},"end":{"line":124,"column":1}}},"14":{"name":"(anonymous_14)","decl":{"start":{"line":129,"column":4},"end":{"line":129,"column":7}},"loc":{"start":{"line":129,"column":28},"end":{"line":132,"column":5}}},"15":{"name":"(anonymous_15)","decl":{"start":{"line":134,"column":4},"end":{"line":134,"column":9}},"loc":{"start":{"line":134,"column":30},"end":{"line":137,"column":5}}},"16":{"name":"(anonymous_16)","decl":{"start":{"line":139,"column":4},"end":{"line":139,"column":7}},"loc":{"start":{"line":139,"column":28},"end":{"line":142,"column":5}}},"17":{"name":"(anonymous_17)","decl":{"start":{"line":144,"column":4},"end":{"line":144,"column":12}},"loc":{"start":{"line":144,"column":33},"end":{"line":147,"column":5}}},"18":{"name":"typeOf","decl":{"start":{"line":151,"column":16},"end":{"line":151,"column":22}},"loc":{"start":{"line":151,"column":34},"end":{"line":154,"column":1}}},"19":{"name":"isObject","decl":{"start":{"line":156,"column":16},"end":{"line":156,"column":24}},"loc":{"start":{"line":156,"column":36},"end":{"line":158,"column":1}}},"20":{"name":"isArray","decl":{"start":{"line":160,"column":16},"end":{"line":160,"column":23}},"loc":{"start":{"line":160,"column":35},"end":{"line":162,"column":1}}},"21":{"name":"isArrayLike","decl":{"start":{"line":165,"column":16},"end":{"line":165,"column":27}},"loc":{"start":{"line":165,"column":39},"end":{"line":180,"column":1}}},"22":{"name":"isString","decl":{"start":{"line":182,"column":16},"end":{"line":182,"column":24}},"loc":{"start":{"line":182,"column":36},"end":{"line":184,"column":1}}},"23":{"name":"isNumber","decl":{"start":{"line":186,"column":16},"end":{"line":186,"column":24}},"loc":{"start":{"line":186,"column":36},"end":{"line":188,"column":1}}},"24":{"name":"isFunction","decl":{"start":{"line":190,"column":16},"end":{"line":190,"column":26}},"loc":{"start":{"line":190,"column":38},"end":{"line":192,"column":1}}},"25":{"name":"isBoolean","decl":{"start":{"line":194,"column":16},"end":{"line":194,"column":25}},"loc":{"start":{"line":194,"column":37},"end":{"line":196,"column":1}}},"26":{"name":"isUndefined","decl":{"start":{"line":198,"column":16},"end":{"line":198,"column":27}},"loc":{"start":{"line":198,"column":39},"end":{"line":200,"column":1}}},"27":{"name":"isNaN","decl":{"start":{"line":202,"column":16},"end":{"line":202,"column":21}},"loc":{"start":{"line":202,"column":33},"end":{"line":205,"column":1}}},"28":{"name":"isEmpty","decl":{"start":{"line":208,"column":16},"end":{"line":208,"column":23}},"loc":{"start":{"line":208,"column":35},"end":{"line":219,"column":1}}},"29":{"name":"randomNumber","decl":{"start":{"line":224,"column":16},"end":{"line":224,"column":28}},"loc":{"start":{"line":224,"column":69},"end":{"line":239,"column":1}}},"30":{"name":"(anonymous_30)","decl":{"start":{"line":236,"column":33},"end":{"line":236,"column":36}},"loc":{"start":{"line":236,"column":39},"end":{"line":236,"column":83}}},"31":{"name":"randomColor","decl":{"start":{"line":244,"column":16},"end":{"line":244,"column":27}},"loc":{"start":{"line":244,"column":35},"end":{"line":254,"column":1}}},"32":{"name":"(anonymous_32)","decl":{"start":{"line":251,"column":26},"end":{"line":251,"column":29}},"loc":{"start":{"line":251,"column":32},"end":{"line":251,"column":71}}},"33":{"name":"getDateFromStr","decl":{"start":{"line":261,"column":16},"end":{"line":261,"column":30}},"loc":{"start":{"line":261,"column":43},"end":{"line":265,"column":1}}},"34":{"name":"(anonymous_34)","decl":{"start":{"line":262,"column":52},"end":{"line":262,"column":56}},"loc":{"start":{"line":262,"column":60},"end":{"line":262,"column":77}}},"35":{"name":"objectIsEqual","decl":{"start":{"line":267,"column":16},"end":{"line":267,"column":29}},"loc":{"start":{"line":267,"column":56},"end":{"line":277,"column":1}}},"36":{"name":"isEqual","decl":{"start":{"line":279,"column":16},"end":{"line":279,"column":23}},"loc":{"start":{"line":279,"column":38},"end":{"line":298,"column":1}}},"37":{"name":"thousandFormat","decl":{"start":{"line":304,"column":16},"end":{"line":304,"column":30}},"loc":{"start":{"line":304,"column":51},"end":{"line":306,"column":1}}},"38":{"name":"getFormatStr","decl":{"start":{"line":310,"column":16},"end":{"line":310,"column":28}},"loc":{"start":{"line":310,"column":43},"end":{"line":321,"column":1}}},"39":{"name":"(anonymous_39)","decl":{"start":{"line":318,"column":30},"end":{"line":318,"column":null}},"loc":{"start":{"line":318,"column":30},"end":{"line":320,"column":5}}},"40":{"name":"strFillPrefix","decl":{"start":{"line":329,"column":16},"end":{"line":329,"column":29}},"loc":{"start":{"line":329,"column":71},"end":{"line":335,"column":1}}},"41":{"name":"oneByOne","decl":{"start":{"line":343,"column":16},"end":{"line":343,"column":24}},"loc":{"start":{"line":343,"column":126},"end":{"line":358,"column":1}}},"42":{"name":"(anonymous_42)","decl":{"start":{"line":346,"column":21},"end":{"line":346,"column":22}},"loc":{"start":{"line":346,"column":31},"end":{"line":356,"column":5}}},"43":{"name":"getChineseNumber","decl":{"start":{"line":368,"column":16},"end":{"line":368,"column":32}},"loc":{"start":{"line":368,"column":47},"end":{"line":391,"column":1}}},"44":{"name":"generateFunctionCode","decl":{"start":{"line":394,"column":16},"end":{"line":394,"column":36}},"loc":{"start":{"line":394,"column":60},"end":{"line":407,"column":1}}},"45":{"name":"generateFunction","decl":{"start":{"line":411,"column":16},"end":{"line":411,"column":32}},"loc":{"start":{"line":411,"column":75},"end":{"line":413,"column":1}}}},"branchMap":{"0":{"loc":{"start":{"line":12,"column":8},"end":{"line":15,"column":null}},"type":"if","locations":[{"start":{"line":12,"column":8},"end":{"line":15,"column":null}},{"start":{"line":12,"column":8},"end":{"line":15,"column":null}}]},"1":{"loc":{"start":{"line":29,"column":104},"end":{"line":29,"column":108}},"type":"default-arg","locations":[{"start":{"line":29,"column":104},"end":{"line":29,"column":108}}]},"2":{"loc":{"start":{"line":30,"column":9},"end":{"line":30,"column":14}},"type":"binary-expr","locations":[{"start":{"line":30,"column":9},"end":{"line":30,"column":14}},{"start":{"line":30,"column":9},"end":{"line":30,"column":16}}]},"3":{"loc":{"start":{"line":37,"column":8},"end":{"line":41,"column":null}},"type":"if","locations":[{"start":{"line":37,"column":8},"end":{"line":41,"column":null}},{"start":{"line":37,"column":8},"end":{"line":41,"column":null}}]},"4":{"loc":{"start":{"line":38,"column":41},"end":{"line":40,"column":14}},"type":"cond-expr","locations":[{"start":{"line":38,"column":41},"end":{"line":40,"column":14}},{"start":{"line":40,"column":17},"end":{"line":40,"column":26}}]},"5":{"loc":{"start":{"line":49,"column":4},"end":{"line":53,"column":null}},"type":"if","locations":[{"start":{"line":49,"column":4},"end":{"line":53,"column":null}},{"start":{"line":49,"column":4},"end":{"line":53,"column":null}}]},"6":{"loc":{"start":{"line":63,"column":8},"end":{"line":63,"column":44}},"type":"if","locations":[{"start":{"line":63,"column":8},"end":{"line":63,"column":44}},{"start":{"line":63,"column":8},"end":{"line":63,"column":44}}]},"7":{"loc":{"start":{"line":70,"column":48},"end":{"line":70,"column":50}},"type":"cond-expr","locations":[{"start":{"line":70,"column":48},"end":{"line":70,"column":50}},{"start":{"line":70,"column":53},"end":{"line":70,"column":55}}]},"8":{"loc":{"start":{"line":74,"column":8},"end":{"line":78,"column":null}},"type":"if","locations":[{"start":{"line":74,"column":8},"end":{"line":78,"column":null}},{"start":{"line":74,"column":8},"end":{"line":78,"column":null}}]},"9":{"loc":{"start":{"line":98,"column":4},"end":{"line":100,"column":null}},"type":"if","locations":[{"start":{"line":98,"column":4},"end":{"line":100,"column":null}},{"start":{"line":98,"column":4},"end":{"line":100,"column":null}}]},"10":{"loc":{"start":{"line":102,"column":8},"end":{"line":107,"column":null}},"type":"if","locations":[{"start":{"line":102,"column":8},"end":{"line":107,"column":null}},{"start":{"line":102,"column":8},"end":{"line":107,"column":null}}]},"11":{"loc":{"start":{"line":105,"column":44},"end":{"line":105,"column":45}},"type":"cond-expr","locations":[{"start":{"line":105,"column":44},"end":{"line":105,"column":45}},{"start":{"line":105,"column":48},"end":{"line":105,"column":83}}]},"12":{"loc":{"start":{"line":115,"column":4},"end":{"line":115,"column":29}},"type":"if","locations":[{"start":{"line":115,"column":4},"end":{"line":115,"column":29}},{"start":{"line":115,"column":4},"end":{"line":115,"column":29}}]},"13":{"loc":{"start":{"line":117,"column":18},"end":{"line":117,"column":29}},"type":"cond-expr","locations":[{"start":{"line":117,"column":18},"end":{"line":117,"column":29}},{"start":{"line":117,"column":32},"end":{"line":117,"column":33}}]},"14":{"loc":{"start":{"line":152,"column":4},"end":{"line":152,"column":57}},"type":"if","locations":[{"start":{"line":152,"column":4},"end":{"line":152,"column":57}},{"start":{"line":152,"column":4},"end":{"line":152,"column":57}}]},"15":{"loc":{"start":{"line":168,"column":4},"end":{"line":168,"column":94}},"type":"if","locations":[{"start":{"line":168,"column":4},"end":{"line":168,"column":94}},{"start":{"line":168,"column":4},"end":{"line":168,"column":94}}]},"16":{"loc":{"start":{"line":171,"column":19},"end":{"line":171,"column":27}},"type":"binary-expr","locations":[{"start":{"line":171,"column":19},"end":{"line":171,"column":27}},{"start":{"line":171,"column":31},"end":{"line":171,"column":49}},{"start":{"line":171,"column":53},"end":{"line":171,"column":66}}]},"17":{"loc":{"start":{"line":173,"column":4},"end":{"line":175,"column":null}},"type":"if","locations":[{"start":{"line":173,"column":4},"end":{"line":175,"column":null}},{"start":{"line":173,"column":4},"end":{"line":175,"column":null}}]},"18":{"loc":{"start":{"line":173,"column":8},"end":{"line":173,"column":27}},"type":"binary-expr","locations":[{"start":{"line":173,"column":8},"end":{"line":173,"column":27}},{"start":{"line":173,"column":31},"end":{"line":173,"column":48}}]},"19":{"loc":{"start":{"line":179,"column":11},"end":{"line":179,"column":27}},"type":"binary-expr","locations":[{"start":{"line":179,"column":11},"end":{"line":179,"column":27}},{"start":{"line":179,"column":31},"end":{"line":179,"column":43}},{"start":{"line":179,"column":47},"end":{"line":179,"column":63}},{"start":{"line":179,"column":67},"end":{"line":179,"column":77}},{"start":{"line":179,"column":81},"end":{"line":179,"column":103}}]},"20":{"loc":{"start":{"line":204,"column":11},"end":{"line":204,"column":27}},"type":"binary-expr","locations":[{"start":{"line":204,"column":11},"end":{"line":204,"column":27}},{"start":{"line":204,"column":31},"end":{"line":204,"column":48}}]},"21":{"loc":{"start":{"line":210,"column":4},"end":{"line":210,"column":65}},"type":"if","locations":[{"start":{"line":210,"column":4},"end":{"line":210,"column":65}},{"start":{"line":210,"column":4},"end":{"line":210,"column":65}}]},"22":{"loc":{"start":{"line":213,"column":8},"end":{"line":214,"column":34}},"type":"switch","locations":[{"start":{"line":213,"column":8},"end":{"line":214,"column":34}},{"start":{"line":215,"column":8},"end":{"line":216,"column":51}}]},"23":{"loc":{"start":{"line":224,"column":68},"end":{"line":224,"column":69}},"type":"default-arg","locations":[{"start":{"line":224,"column":68},"end":{"line":224,"column":69}}]},"24":{"loc":{"start":{"line":225,"column":4},"end":{"line":225,"column":48}},"type":"if","locations":[{"start":{"line":225,"column":4},"end":{"line":225,"column":48}},{"start":{"line":225,"column":4},"end":{"line":225,"column":48}}]},"25":{"loc":{"start":{"line":226,"column":4},"end":{"line":229,"column":null}},"type":"if","locations":[{"start":{"line":226,"column":4},"end":{"line":229,"column":null}},{"start":{"line":226,"column":4},"end":{"line":229,"column":null}}]},"26":{"loc":{"start":{"line":232,"column":4},"end":{"line":238,"column":null}},"type":"if","locations":[{"start":{"line":232,"column":4},"end":{"line":238,"column":null}},{"start":{"line":232,"column":4},"end":{"line":238,"column":null}}]},"27":{"loc":{"start":{"line":244,"column":34},"end":{"line":244,"column":35}},"type":"default-arg","locations":[{"start":{"line":244,"column":34},"end":{"line":244,"column":35}}]},"28":{"loc":{"start":{"line":247,"column":4},"end":{"line":253,"column":null}},"type":"if","locations":[{"start":{"line":247,"column":4},"end":{"line":253,"column":null}},{"start":{"line":247,"column":4},"end":{"line":253,"column":null}}]},"29":{"loc":{"start":{"line":262,"column":60},"end":{"line":262,"column":72}},"type":"binary-expr","locations":[{"start":{"line":262,"column":60},"end":{"line":262,"column":72}},{"start":{"line":262,"column":76},"end":{"line":262,"column":77}}]},"30":{"loc":{"start":{"line":263,"column":4},"end":{"line":263,"column":31}},"type":"if","locations":[{"start":{"line":263,"column":4},"end":{"line":263,"column":31}},{"start":{"line":263,"column":4},"end":{"line":263,"column":31}}]},"31":{"loc":{"start":{"line":268,"column":4},"end":{"line":268,"column":35}},"type":"if","locations":[{"start":{"line":268,"column":4},"end":{"line":268,"column":35}},{"start":{"line":268,"column":4},"end":{"line":268,"column":35}}]},"32":{"loc":{"start":{"line":272,"column":8},"end":{"line":274,"column":null}},"type":"if","locations":[{"start":{"line":272,"column":8},"end":{"line":274,"column":null}},{"start":{"line":272,"column":8},"end":{"line":274,"column":null}}]},"33":{"loc":{"start":{"line":280,"column":4},"end":{"line":280,"column":29}},"type":"if","locations":[{"start":{"line":280,"column":4},"end":{"line":280,"column":29}},{"start":{"line":280,"column":4},"end":{"line":280,"column":29}}]},"34":{"loc":{"start":{"line":283,"column":4},"end":{"line":283,"column":38}},"type":"if","locations":[{"start":{"line":283,"column":4},"end":{"line":283,"column":38}},{"start":{"line":283,"column":4},"end":{"line":283,"column":38}}]},"35":{"loc":{"start":{"line":286,"column":8},"end":{"line":286,"column":23}},"type":"switch","locations":[{"start":{"line":286,"column":8},"end":{"line":286,"column":23}},{"start":{"line":287,"column":8},"end":{"line":287,"column":22}},{"start":{"line":288,"column":8},"end":{"line":289,"column":25}},{"start":{"line":290,"column":8},"end":{"line":291,"column":28}},{"start":{"line":293,"column":8},"end":{"line":293,"column":21}},{"start":{"line":294,"column":8},"end":{"line":294,"column":22}},{"start":{"line":295,"column":8},"end":{"line":296,"column":39}}]},"36":{"loc":{"start":{"line":319,"column":31},"end":{"line":319,"column":45}},"type":"cond-expr","locations":[{"start":{"line":319,"column":31},"end":{"line":319,"column":45}},{"start":{"line":319,"column":48},"end":{"line":319,"column":50}}]},"37":{"loc":{"start":{"line":330,"column":4},"end":{"line":330,"column":44}},"type":"if","locations":[{"start":{"line":330,"column":4},"end":{"line":330,"column":44}},{"start":{"line":330,"column":4},"end":{"line":330,"column":44}}]},"38":{"loc":{"start":{"line":349,"column":8},"end":{"line":354,"column":null}},"type":"if","locations":[{"start":{"line":349,"column":8},"end":{"line":354,"column":null}},{"start":{"line":349,"column":8},"end":{"line":354,"column":null}}]},"39":{"loc":{"start":{"line":351,"column":22},"end":{"line":351,"column":29}},"type":"binary-expr","locations":[{"start":{"line":351,"column":22},"end":{"line":351,"column":29}},{"start":{"line":351,"column":33},"end":{"line":351,"column":47}}]},"40":{"loc":{"start":{"line":355,"column":8},"end":{"line":355,"column":31}},"type":"if","locations":[{"start":{"line":355,"column":8},"end":{"line":355,"column":31}},{"start":{"line":355,"column":8},"end":{"line":355,"column":31}}]},"41":{"loc":{"start":{"line":373,"column":4},"end":{"line":373,"column":61}},"type":"if","locations":[{"start":{"line":373,"column":4},"end":{"line":373,"column":61}},{"start":{"line":373,"column":4},"end":{"line":373,"column":61}}]},"42":{"loc":{"start":{"line":373,"column":8},"end":{"line":373,"column":19}},"type":"binary-expr","locations":[{"start":{"line":373,"column":8},"end":{"line":373,"column":19}},{"start":{"line":373,"column":23},"end":{"line":373,"column":34}}]},"43":{"loc":{"start":{"line":374,"column":11},"end":{"line":374,"column":19}},"type":"binary-expr","locations":[{"start":{"line":374,"column":11},"end":{"line":374,"column":19}},{"start":{"line":374,"column":23},"end":{"line":374,"column":38}}]},"44":{"loc":{"start":{"line":379,"column":8},"end":{"line":381,"column":null}},"type":"if","locations":[{"start":{"line":379,"column":8},"end":{"line":381,"column":null}},{"start":{"line":379,"column":8},"end":{"line":381,"column":null}}]},"45":{"loc":{"start":{"line":383,"column":8},"end":{"line":385,"column":null}},"type":"if","locations":[{"start":{"line":383,"column":8},"end":{"line":385,"column":null}},{"start":{"line":383,"column":8},"end":{"line":385,"column":null}}]},"46":{"loc":{"start":{"line":383,"column":14},"end":{"line":383,"column":23}},"type":"binary-expr","locations":[{"start":{"line":383,"column":14},"end":{"line":383,"column":23}},{"start":{"line":383,"column":27},"end":{"line":383,"column":38}}]},"47":{"loc":{"start":{"line":398,"column":8},"end":{"line":400,"column":null}},"type":"if","locations":[{"start":{"line":398,"column":8},"end":{"line":400,"column":null}},{"start":{"line":398,"column":8},"end":{"line":400,"column":null}}]}},"s":{"0":1,"1":1,"2":4,"3":3,"4":3,"5":4,"6":1,"7":1,"8":3,"9":3,"10":3,"11":3,"12":3,"13":33,"14":33,"15":30,"16":10,"17":31,"18":3,"19":3,"20":2,"21":1,"22":3,"23":3,"24":3,"25":3,"26":6,"27":6,"28":35,"29":34,"30":1,"31":3,"32":4,"33":4,"34":9,"35":9,"36":2,"37":7,"38":4,"39":3,"40":4,"41":4,"42":3,"43":4,"44":28,"45":9,"46":9,"47":9,"48":9,"49":4,"50":3,"51":12,"52":12,"53":1,"54":11,"55":11,"56":3,"57":4,"58":4,"59":4,"60":3,"61":1,"62":1,"63":1,"64":1,"65":1,"66":1,"67":1,"68":1,"69":187,"70":132,"71":55,"72":3,"73":7,"74":3,"75":15,"76":3,"77":11,"78":11,"79":5,"80":6,"81":6,"82":1,"83":5,"84":3,"85":2,"86":3,"87":80,"88":3,"89":2,"90":3,"91":7,"92":3,"93":7,"94":3,"95":66,"96":3,"97":10,"98":2,"99":8,"100":4,"101":3,"102":1,"103":3,"104":19,"105":1,"106":18,"107":13,"108":13,"109":18,"110":18,"111":18,"112":17,"113":1,"114":1,"115":3,"116":1,"117":3,"118":12,"119":12,"120":12,"121":11,"122":1,"123":1,"124":10,"125":1,"126":3,"127":5,"128":25,"129":5,"130":1,"131":4,"132":3,"133":6,"134":1,"135":5,"136":6,"137":6,"138":6,"139":2,"140":3,"141":3,"142":28,"143":10,"144":18,"145":18,"146":18,"147":9,"148":9,"149":2,"150":4,"151":3,"152":3,"153":3,"154":3,"155":2,"156":4,"157":3,"158":16,"159":14,"160":2,"161":2,"162":3,"163":2,"164":2,"165":22,"166":22,"167":22,"168":11,"169":11,"170":11,"171":22,"172":2,"173":2,"174":3,"175":3,"176":3,"177":3,"178":8,"179":8,"180":8,"181":8,"182":1,"183":7,"184":22,"185":22,"186":22,"187":19,"188":22,"189":21,"190":22,"191":22,"192":7,"193":3,"194":1,"195":1,"196":1,"197":3,"198":2,"199":3,"200":1,"201":1,"202":3,"203":1,"204":3},"f":{"0":1,"1":4,"2":1,"3":3,"4":3,"5":33,"6":10,"7":31,"8":3,"9":6,"10":4,"11":4,"12":12,"13":4,"14":1,"15":1,"16":1,"17":1,"18":187,"19":7,"20":15,"21":11,"22":2,"23":80,"24":2,"25":7,"26":7,"27":66,"28":10,"29":19,"30":3,"31":12,"32":10,"33":5,"34":25,"35":6,"36":28,"37":3,"38":2,"39":4,"40":16,"41":2,"42":22,"43":8,"44":1,"45":1},"b":{"0":[3,1],"1":[2],"2":[3,3],"3":[30,3],"4":[10,20],"5":[2,1],"6":[34,1],"7":[2,2],"8":[2,7],"9":[3,1],"10":[9,19],"11":[1,8],"12":[1,11],"13":[10,1],"14":[132,55],"15":[5,6],"16":[6,6,5],"17":[1,5],"18":[6,5],"19":[5,3,3,2,2],"20":[66,35],"21":[2,8],"22":[4,3],"23":[18],"24":[1,18],"25":[13,5],"26":[17,1],"27":[11],"28":[11,1],"29":[25,1],"30":[1,4],"31":[1,5],"32":[2,4],"33":[10,18],"34":[9,9],"35":[1,1,2,4,1,3,3],"36":[2,2],"37":[14,2],"38":[11,11],"39":[11,10],"40":[2,20],"41":[1,7],"42":[8,8],"43":[29,22],"44":[19,3],"45":[21,1],"46":[22,6],"47":[2,1]}}
,"D:\\project\\utilTs\\src\\urlParse.ts": {"path":"D:\\project\\utilTs\\src\\urlParse.ts","statementMap":{"0":{"start":{"line":1,"column":0},"end":{"line":1,"column":33}},"1":{"start":{"line":19,"column":8},"end":{"line":19,"column":25}},"2":{"start":{"line":19,"column":18},"end":{"line":19,"column":25}},"3":{"start":{"line":20,"column":8},"end":{"line":20,"column":24}},"4":{"start":{"line":21,"column":8},"end":{"line":21,"column":24}},"5":{"start":{"line":25,"column":8},"end":{"line":25,"column":44}},"6":{"start":{"line":26,"column":8},"end":{"line":26,"column":40}},"7":{"start":{"line":27,"column":8},"end":{"line":27,"column":40}},"8":{"start":{"line":28,"column":8},"end":{"line":28,"column":40}},"9":{"start":{"line":29,"column":8},"end":{"line":29,"column":40}},"10":{"start":{"line":30,"column":8},"end":{"line":30,"column":42}},"11":{"start":{"line":34,"column":20},"end":{"line":34,"column":36}},"12":{"start":{"line":35,"column":21},"end":{"line":35,"column":23}},"13":{"start":{"line":36,"column":8},"end":{"line":38,"column":null}},"14":{"start":{"line":37,"column":12},"end":{"line":37,"column":31}},"15":{"start":{"line":39,"column":8},"end":{"line":39,"column":22}},"16":{"start":{"line":43,"column":8},"end":{"line":43,"column":32}},"17":{"start":{"line":44,"column":19},"end":{"line":44,"column":21}},"18":{"start":{"line":45,"column":8},"end":{"line":47,"column":null}},"19":{"start":{"line":46,"column":12},"end":{"line":46,"column":24}},"20":{"start":{"line":49,"column":8},"end":{"line":51,"column":null}},"21":{"start":{"line":50,"column":12},"end":{"line":50,"column":29}},"22":{"start":{"line":52,"column":8},"end":{"line":52,"column":20}},"23":{"start":{"line":56,"column":8},"end":{"line":56,"column":32}},"24":{"start":{"line":57,"column":8},"end":{"line":59,"column":null}},"25":{"start":{"line":58,"column":12},"end":{"line":58,"column":29}},"26":{"start":{"line":60,"column":8},"end":{"line":60,"column":18}},"27":{"start":{"line":65,"column":8},"end":{"line":65,"column":36}},"28":{"start":{"line":66,"column":8},"end":{"line":68,"column":null}},"29":{"start":{"line":67,"column":12},"end":{"line":67,"column":34}},"30":{"start":{"line":70,"column":8},"end":{"line":70,"column":72}},"31":{"start":{"line":74,"column":19},"end":{"line":74,"column":21}},"32":{"start":{"line":75,"column":8},"end":{"line":75,"column":54}},"33":{"start":{"line":75,"column":37},"end":{"line":75,"column":54}},"34":{"start":{"line":76,"column":8},"end":{"line":76,"column":20}},"35":{"start":{"line":80,"column":25},"end":{"line":80,"column":27}},"36":{"start":{"line":82,"column":8},"end":{"line":82,"column":32}},"37":{"start":{"line":84,"column":8},"end":{"line":84,"column":32}},"38":{"start":{"line":85,"column":8},"end":{"line":85,"column":28}},"39":{"start":{"line":86,"column":21},"end":{"line":86,"column":35}},"40":{"start":{"line":88,"column":8},"end":{"line":106,"column":null}},"41":{"start":{"line":89,"column":22},"end":{"line":89,"column":31}},"42":{"start":{"line":90,"column":31},"end":{"line":90,"column":43}},"43":{"start":{"line":91,"column":12},"end":{"line":91,"column":42}},"44":{"start":{"line":93,"column":12},"end":{"line":93,"column":46}},"45":{"start":{"line":94,"column":12},"end":{"line":94,"column":46}},"46":{"start":{"line":96,"column":31},"end":{"line":96,"column":41}},"47":{"start":{"line":97,"column":12},"end":{"line":105,"column":null}},"48":{"start":{"line":98,"column":16},"end":{"line":98,"column":35}},"49":{"start":{"line":100,"column":16},"end":{"line":104,"column":null}},"50":{"start":{"line":101,"column":20},"end":{"line":101,"column":43}},"51":{"start":{"line":103,"column":20},"end":{"line":103,"column":53}},"52":{"start":{"line":108,"column":8},"end":{"line":108,"column":21}},"53":{"start":{"line":8,"column":0},"end":{"line":8,"column":13}}},"fnMap":{"0":{"name":"(anonymous_0)","decl":{"start":{"line":18,"column":4},"end":{"line":18,"column":16}},"loc":{"start":{"line":18,"column":28},"end":{"line":22,"column":5}}},"1":{"name":"(anonymous_1)","decl":{"start":{"line":24,"column":12},"end":{"line":24,"column":17}},"loc":{"start":{"line":24,"column":29},"end":{"line":31,"column":5}}},"2":{"name":"(anonymous_2)","decl":{"start":{"line":33,"column":11},"end":{"line":33,"column":22}},"loc":{"start":{"line":33,"column":34},"end":{"line":40,"column":5}}},"3":{"name":"(anonymous_3)","decl":{"start":{"line":42,"column":11},"end":{"line":42,"column":20}},"loc":{"start":{"line":42,"column":32},"end":{"line":53,"column":5}}},"4":{"name":"(anonymous_4)","decl":{"start":{"line":55,"column":11},"end":{"line":55,"column":20}},"loc":{"start":{"line":55,"column":32},"end":{"line":61,"column":5}}},"5":{"name":"(anonymous_5)","decl":{"start":{"line":63,"column":11},"end":{"line":63,"column":20}},"loc":{"start":{"line":63,"column":32},"end":{"line":71,"column":5}}},"6":{"name":"(anonymous_6)","decl":{"start":{"line":73,"column":11},"end":{"line":73,"column":20}},"loc":{"start":{"line":73,"column":32},"end":{"line":77,"column":5}}},"7":{"name":"(anonymous_7)","decl":{"start":{"line":79,"column":11},"end":{"line":79,"column":21}},"loc":{"start":{"line":79,"column":33},"end":{"line":109,"column":5}}}},"branchMap":{"0":{"loc":{"start":{"line":19,"column":8},"end":{"line":19,"column":25}},"type":"if","locations":[{"start":{"line":19,"column":8},"end":{"line":19,"column":25}},{"start":{"line":19,"column":8},"end":{"line":19,"column":25}}]},"1":{"loc":{"start":{"line":36,"column":8},"end":{"line":38,"column":null}},"type":"if","locations":[{"start":{"line":36,"column":8},"end":{"line":38,"column":null}},{"start":{"line":36,"column":8},"end":{"line":38,"column":null}}]},"2":{"loc":{"start":{"line":45,"column":8},"end":{"line":47,"column":null}},"type":"if","locations":[{"start":{"line":45,"column":8},"end":{"line":47,"column":null}},{"start":{"line":45,"column":8},"end":{"line":47,"column":null}}]},"3":{"loc":{"start":{"line":49,"column":8},"end":{"line":51,"column":null}},"type":"if","locations":[{"start":{"line":49,"column":8},"end":{"line":51,"column":null}},{"start":{"line":49,"column":8},"end":{"line":51,"column":null}}]},"4":{"loc":{"start":{"line":57,"column":8},"end":{"line":59,"column":null}},"type":"if","locations":[{"start":{"line":57,"column":8},"end":{"line":59,"column":null}},{"start":{"line":57,"column":8},"end":{"line":59,"column":null}}]},"5":{"loc":{"start":{"line":66,"column":8},"end":{"line":68,"column":null}},"type":"if","locations":[{"start":{"line":66,"column":8},"end":{"line":68,"column":null}},{"start":{"line":66,"column":8},"end":{"line":68,"column":null}}]},"6":{"loc":{"start":{"line":75,"column":8},"end":{"line":75,"column":54}},"type":"if","locations":[{"start":{"line":75,"column":8},"end":{"line":75,"column":54}},{"start":{"line":75,"column":8},"end":{"line":75,"column":54}}]},"7":{"loc":{"start":{"line":97,"column":12},"end":{"line":105,"column":null}},"type":"if","locations":[{"start":{"line":97,"column":12},"end":{"line":105,"column":null}},{"start":{"line":97,"column":12},"end":{"line":105,"column":null}}]},"8":{"loc":{"start":{"line":100,"column":16},"end":{"line":104,"column":null}},"type":"if","locations":[{"start":{"line":100,"column":16},"end":{"line":104,"column":null}},{"start":{"line":100,"column":16},"end":{"line":104,"column":null}}]}},"s":{"0":1,"1":2,"2":1,"3":1,"4":1,"5":1,"6":1,"7":1,"8":1,"9":1,"10":1,"11":2,"12":2,"13":2,"14":1,"15":2,"16":4,"17":4,"18":4,"19":2,"20":2,"21":1,"22":2,"23":2,"24":2,"25":1,"26":1,"27":2,"28":2,"29":1,"30":1,"31":3,"32":3,"33":2,"34":3,"35":1,"36":1,"37":1,"38":1,"39":1,"40":1,"41":10,"42":10,"43":10,"44":10,"45":10,"46":10,"47":10,"48":6,"49":4,"50":1,"51":3,"52":1,"53":1},"f":{"0":2,"1":1,"2":2,"3":4,"4":2,"5":2,"6":3,"7":1},"b":{"0":[1,1],"1":[1,1],"2":[2,2],"3":[1,1],"4":[1,1],"5":[1,1],"6":[2,1],"7":[6,4],"8":[1,3]}}
}
