{"E:\\project\\utilTs\\src\\array.ts": {"path":"E:\\project\\utilTs\\src\\array.ts","statementMap":{"0":{"start":{"line":1,"column":0},"end":{"line":1,"column":42}},"1":{"start":{"line":2,"column":0},"end":{"line":2,"column":45}},"2":{"start":{"line":25,"column":20},"end":{"line":25,"column":25}},"3":{"start":{"line":26,"column":4},"end":{"line":35,"column":null}},"4":{"start":{"line":27,"column":8},"end":{"line":27,"column":39}},"5":{"start":{"line":29,"column":8},"end":{"line":31,"column":null}},"6":{"start":{"line":30,"column":12},"end":{"line":30,"column":28}},"7":{"start":{"line":32,"column":8},"end":{"line":34,"column":null}},"8":{"start":{"line":33,"column":12},"end":{"line":33,"column":20}},"9":{"start":{"line":37,"column":4},"end":{"line":47,"column":null}},"10":{"start":{"line":39,"column":12},"end":{"line":39,"column":28}},"11":{"start":{"line":40,"column":12},"end":{"line":40,"column":18}},"12":{"start":{"line":43,"column":12},"end":{"line":43,"column":32}},"13":{"start":{"line":43,"column":30},"end":{"line":43,"column":31}},"14":{"start":{"line":44,"column":12},"end":{"line":44,"column":18}},"15":{"start":{"line":46,"column":12},"end":{"line":46,"column":35}},"16":{"start":{"line":46,"column":30},"end":{"line":46,"column":34}},"17":{"start":{"line":48,"column":23},"end":{"line":48,"column":25}},"18":{"start":{"line":49,"column":4},"end":{"line":51,"column":null}},"19":{"start":{"line":49,"column":20},"end":{"line":49,"column":25}},"20":{"start":{"line":49,"column":35},"end":{"line":49,"column":36}},"21":{"start":{"line":50,"column":8},"end":{"line":50,"column":40}},"22":{"start":{"line":52,"column":4},"end":{"line":52,"column":15}},"23":{"start":{"line":24,"column":0},"end":{"line":24,"column":16}},"24":{"start":{"line":58,"column":16},"end":{"line":58,"column":31}},"25":{"start":{"line":60,"column":16},"end":{"line":60,"column":26}},"26":{"start":{"line":62,"column":4},"end":{"line":64,"column":null}},"27":{"start":{"line":62,"column":17},"end":{"line":62,"column":18}},"28":{"start":{"line":63,"column":8},"end":{"line":63,"column":56}},"29":{"start":{"line":63,"column":50},"end":{"line":63,"column":56}},"30":{"start":{"line":57,"column":0},"end":{"line":57,"column":16}},"31":{"start":{"line":69,"column":21},"end":{"line":69,"column":23}},"32":{"start":{"line":71,"column":4},"end":{"line":73,"column":6}},"33":{"start":{"line":72,"column":8},"end":{"line":72,"column":21}},"34":{"start":{"line":74,"column":4},"end":{"line":76,"column":18}},"35":{"start":{"line":75,"column":8},"end":{"line":75,"column":33}},"36":{"start":{"line":77,"column":4},"end":{"line":77,"column":15}},"37":{"start":{"line":68,"column":0},"end":{"line":68,"column":16}},"38":{"start":{"line":82,"column":16},"end":{"line":82,"column":31}},"39":{"start":{"line":84,"column":23},"end":{"line":84,"column":25}},"40":{"start":{"line":85,"column":16},"end":{"line":85,"column":26}},"41":{"start":{"line":86,"column":4},"end":{"line":91,"column":null}},"42":{"start":{"line":86,"column":17},"end":{"line":86,"column":18}},"43":{"start":{"line":87,"column":22},"end":{"line":87,"column":28}},"44":{"start":{"line":88,"column":8},"end":{"line":90,"column":null}},"45":{"start":{"line":89,"column":12},"end":{"line":89,"column":30}},"46":{"start":{"line":92,"column":4},"end":{"line":92,"column":17}},"47":{"start":{"line":81,"column":0},"end":{"line":81,"column":16}},"48":{"start":{"line":101,"column":16},"end":{"line":101,"column":31}},"49":{"start":{"line":103,"column":16},"end":{"line":103,"column":26}},"50":{"start":{"line":104,"column":4},"end":{"line":112,"column":null}},"51":{"start":{"line":104,"column":17},"end":{"line":104,"column":26}},"52":{"start":{"line":105,"column":21},"end":{"line":105,"column":27}},"53":{"start":{"line":106,"column":8},"end":{"line":110,"column":null}},"54":{"start":{"line":107,"column":12},"end":{"line":107,"column":57}},"55":{"start":{"line":107,"column":45},"end":{"line":107,"column":57}},"56":{"start":{"line":109,"column":12},"end":{"line":109,"column":52}},"57":{"start":{"line":109,"column":40},"end":{"line":109,"column":52}},"58":{"start":{"line":111,"column":8},"end":{"line":111,"column":61}},"59":{"start":{"line":111,"column":49},"end":{"line":111,"column":61}},"60":{"start":{"line":113,"column":4},"end":{"line":113,"column":17}},"61":{"start":{"line":100,"column":0},"end":{"line":100,"column":16}},"62":{"start":{"line":119,"column":4},"end":{"line":119,"column":35}},"63":{"start":{"line":119,"column":25},"end":{"line":119,"column":35}},"64":{"start":{"line":122,"column":29},"end":{"line":122,"column":31}},"65":{"start":{"line":123,"column":4},"end":{"line":125,"column":null}},"66":{"start":{"line":124,"column":8},"end":{"line":124,"column":22}},"67":{"start":{"line":126,"column":4},"end":{"line":126,"column":15}},"68":{"start":{"line":118,"column":0},"end":{"line":118,"column":16}},"69":{"start":{"line":135,"column":16},"end":{"line":135,"column":31}},"70":{"start":{"line":138,"column":16},"end":{"line":138,"column":26}},"71":{"start":{"line":139,"column":4},"end":{"line":142,"column":null}},"72":{"start":{"line":139,"column":17},"end":{"line":139,"column":18}},"73":{"start":{"line":140,"column":24},"end":{"line":140,"column":30}},"74":{"start":{"line":141,"column":8},"end":{"line":141,"column":49}},"75":{"start":{"line":141,"column":37},"end":{"line":141,"column":49}},"76":{"start":{"line":131,"column":0},"end":{"line":131,"column":16}},"77":{"start":{"line":147,"column":8},"end":{"line":147,"column":48}},"78":{"start":{"line":147,"column":32},"end":{"line":147,"column":48}},"79":{"start":{"line":148,"column":8},"end":{"line":148,"column":62}},"80":{"start":{"line":148,"column":36},"end":{"line":148,"column":62}},"81":{"start":{"line":150,"column":30},"end":{"line":150,"column":32}},"82":{"start":{"line":151,"column":8},"end":{"line":154,"column":null}},"83":{"start":{"line":151,"column":21},"end":{"line":151,"column":22}},"84":{"start":{"line":152,"column":28},"end":{"line":152,"column":62}},"85":{"start":{"line":153,"column":12},"end":{"line":153,"column":69}},"86":{"start":{"line":155,"column":8},"end":{"line":155,"column":22}},"87":{"start":{"line":158,"column":4},"end":{"line":158,"column":29}},"88":{"start":{"line":145,"column":0},"end":{"line":145,"column":16}}},"fnMap":{"0":{"name":"createArray","decl":{"start":{"line":24,"column":16},"end":{"line":24,"column":27}},"loc":{"start":{"line":24,"column":55},"end":{"line":53,"column":1}}},"1":{"name":"(anonymous_1)","decl":{"start":{"line":43,"column":23},"end":{"line":43,"column":24}},"loc":{"start":{"line":43,"column":30},"end":{"line":43,"column":31}}},"2":{"name":"(anonymous_2)","decl":{"start":{"line":46,"column":23},"end":{"line":46,"column":24}},"loc":{"start":{"line":46,"column":30},"end":{"line":46,"column":34}}},"3":{"name":"forEach","decl":{"start":{"line":57,"column":16},"end":{"line":57,"column":23}},"loc":{"start":{"line":57,"column":140},"end":{"line":65,"column":1}}},"4":{"name":"from","decl":{"start":{"line":68,"column":16},"end":{"line":68,"column":20}},"loc":{"start":{"line":68,"column":95},"end":{"line":78,"column":1}}},"5":{"name":"(anonymous_5)","decl":{"start":{"line":71,"column":24},"end":{"line":71,"column":34}},"loc":{"start":{"line":71,"column":57},"end":{"line":73,"column":5}}},"6":{"name":"(anonymous_6)","decl":{"start":{"line":74,"column":13},"end":{"line":74,"column":14}},"loc":{"start":{"line":74,"column":29},"end":{"line":76,"column":5}}},"7":{"name":"filter","decl":{"start":{"line":81,"column":16},"end":{"line":81,"column":22}},"loc":{"start":{"line":81,"column":119},"end":{"line":93,"column":1}}},"8":{"name":"includes","decl":{"start":{"line":100,"column":16},"end":{"line":100,"column":24}},"loc":{"start":{"line":100,"column":62},"end":{"line":114,"column":1}}},"9":{"name":"keys","decl":{"start":{"line":118,"column":16},"end":{"line":118,"column":20}},"loc":{"start":{"line":118,"column":33},"end":{"line":127,"column":1}}},"10":{"name":"find","decl":{"start":{"line":131,"column":16},"end":{"line":131,"column":20}},"loc":{"start":{"line":133,"column":26},"end":{"line":143,"column":1}}},"11":{"name":"flat","decl":{"start":{"line":145,"column":16},"end":{"line":145,"column":20}},"loc":{"start":{"line":145,"column":63},"end":{"line":159,"column":1}}},"12":{"name":"innerFlat","decl":{"start":{"line":146,"column":13},"end":{"line":146,"column":22}},"loc":{"start":{"line":146,"column":71},"end":{"line":156,"column":5}}}},"branchMap":{"0":{"loc":{"start":{"line":24,"column":37},"end":{"line":24,"column":38}},"type":"default-arg","locations":[{"start":{"line":24,"column":37},"end":{"line":24,"column":38}}]},"1":{"loc":{"start":{"line":26,"column":4},"end":{"line":35,"column":null}},"type":"if","locations":[{"start":{"line":26,"column":4},"end":{"line":35,"column":null}},{"start":{"line":26,"column":4},"end":{"line":35,"column":null}}]},"2":{"loc":{"start":{"line":26,"column":8},"end":{"line":26,"column":11}},"type":"binary-expr","locations":[{"start":{"line":26,"column":8},"end":{"line":26,"column":11}},{"start":{"line":26,"column":15},"end":{"line":26,"column":18}}]},"3":{"loc":{"start":{"line":29,"column":8},"end":{"line":31,"column":null}},"type":"if","locations":[{"start":{"line":29,"column":8},"end":{"line":31,"column":null}},{"start":{"line":29,"column":8},"end":{"line":31,"column":null}}]},"4":{"loc":{"start":{"line":32,"column":8},"end":{"line":34,"column":null}},"type":"if","locations":[{"start":{"line":32,"column":8},"end":{"line":34,"column":null}},{"start":{"line":32,"column":8},"end":{"line":34,"column":null}}]},"5":{"loc":{"start":{"line":38,"column":8},"end":{"line":40,"column":18}},"type":"switch","locations":[{"start":{"line":38,"column":8},"end":{"line":40,"column":18}},{"start":{"line":41,"column":8},"end":{"line":41,"column":25}},{"start":{"line":42,"column":8},"end":{"line":44,"column":18}},{"start":{"line":45,"column":8},"end":{"line":46,"column":35}}]},"6":{"loc":{"start":{"line":58,"column":16},"end":{"line":58,"column":23}},"type":"binary-expr","locations":[{"start":{"line":58,"column":16},"end":{"line":58,"column":23}},{"start":{"line":58,"column":27},"end":{"line":58,"column":31}}]},"7":{"loc":{"start":{"line":63,"column":8},"end":{"line":63,"column":56}},"type":"if","locations":[{"start":{"line":63,"column":8},"end":{"line":63,"column":56}},{"start":{"line":63,"column":8},"end":{"line":63,"column":56}}]},"8":{"loc":{"start":{"line":71,"column":15},"end":{"line":71,"column":20}},"type":"binary-expr","locations":[{"start":{"line":71,"column":15},"end":{"line":71,"column":20}},{"start":{"line":71,"column":24},"end":{"line":73,"column":5}}]},"9":{"loc":{"start":{"line":82,"column":16},"end":{"line":82,"column":23}},"type":"binary-expr","locations":[{"start":{"line":82,"column":16},"end":{"line":82,"column":23}},{"start":{"line":82,"column":27},"end":{"line":82,"column":31}}]},"10":{"loc":{"start":{"line":88,"column":8},"end":{"line":90,"column":null}},"type":"if","locations":[{"start":{"line":88,"column":8},"end":{"line":90,"column":null}},{"start":{"line":88,"column":8},"end":{"line":90,"column":null}}]},"11":{"loc":{"start":{"line":100,"column":61},"end":{"line":100,"column":62}},"type":"default-arg","locations":[{"start":{"line":100,"column":61},"end":{"line":100,"column":62}}]},"12":{"loc":{"start":{"line":101,"column":16},"end":{"line":101,"column":23}},"type":"binary-expr","locations":[{"start":{"line":101,"column":16},"end":{"line":101,"column":23}},{"start":{"line":101,"column":27},"end":{"line":101,"column":31}}]},"13":{"loc":{"start":{"line":106,"column":8},"end":{"line":110,"column":null}},"type":"if","locations":[{"start":{"line":106,"column":8},"end":{"line":110,"column":null}},{"start":{"line":106,"column":8},"end":{"line":110,"column":null}}]},"14":{"loc":{"start":{"line":107,"column":12},"end":{"line":107,"column":57}},"type":"if","locations":[{"start":{"line":107,"column":12},"end":{"line":107,"column":57}},{"start":{"line":107,"column":12},"end":{"line":107,"column":57}}]},"15":{"loc":{"start":{"line":109,"column":12},"end":{"line":109,"column":52}},"type":"if","locations":[{"start":{"line":109,"column":12},"end":{"line":109,"column":52}},{"start":{"line":109,"column":12},"end":{"line":109,"column":52}}]},"16":{"loc":{"start":{"line":111,"column":8},"end":{"line":111,"column":61}},"type":"if","locations":[{"start":{"line":111,"column":8},"end":{"line":111,"column":61}},{"start":{"line":111,"column":8},"end":{"line":111,"column":61}}]},"17":{"loc":{"start":{"line":111,"column":12},"end":{"line":111,"column":23}},"type":"binary-expr","locations":[{"start":{"line":111,"column":12},"end":{"line":111,"column":23}},{"start":{"line":111,"column":27},"end":{"line":111,"column":47}}]},"18":{"loc":{"start":{"line":119,"column":4},"end":{"line":119,"column":35}},"type":"if","locations":[{"start":{"line":119,"column":4},"end":{"line":119,"column":35}},{"start":{"line":119,"column":4},"end":{"line":119,"column":35}}]},"19":{"loc":{"start":{"line":135,"column":16},"end":{"line":135,"column":23}},"type":"binary-expr","locations":[{"start":{"line":135,"column":16},"end":{"line":135,"column":23}},{"start":{"line":135,"column":27},"end":{"line":135,"column":31}}]},"20":{"loc":{"start":{"line":141,"column":8},"end":{"line":141,"column":49}},"type":"if","locations":[{"start":{"line":141,"column":8},"end":{"line":141,"column":49}},{"start":{"line":141,"column":8},"end":{"line":141,"column":49}}]},"21":{"loc":{"start":{"line":145,"column":62},"end":{"line":145,"column":63}},"type":"default-arg","locations":[{"start":{"line":145,"column":62},"end":{"line":145,"column":63}}]},"22":{"loc":{"start":{"line":146,"column":70},"end":{"line":146,"column":71}},"type":"default-arg","locations":[{"start":{"line":146,"column":70},"end":{"line":146,"column":71}}]},"23":{"loc":{"start":{"line":147,"column":8},"end":{"line":147,"column":48}},"type":"if","locations":[{"start":{"line":147,"column":8},"end":{"line":147,"column":48}},{"start":{"line":147,"column":8},"end":{"line":147,"column":48}}]},"24":{"loc":{"start":{"line":148,"column":8},"end":{"line":148,"column":62}},"type":"if","locations":[{"start":{"line":148,"column":8},"end":{"line":148,"column":62}},{"start":{"line":148,"column":8},"end":{"line":148,"column":62}}]},"25":{"loc":{"start":{"line":153,"column":47},"end":{"line":153,"column":54}},"type":"cond-expr","locations":[{"start":{"line":153,"column":47},"end":{"line":153,"column":54}},{"start":{"line":153,"column":57},"end":{"line":153,"column":66}}]}},"s":{"0":4,"1":4,"2":11,"3":11,"4":5,"5":6,"6":3,"7":6,"8":3,"9":11,"10":2,"11":2,"12":8,"13":14,"14":8,"15":1,"16":3,"17":11,"18":11,"19":11,"20":11,"21":26,"22":11,"23":4,"24":9,"25":9,"26":9,"27":9,"28":24,"29":1,"30":4,"31":3,"32":3,"33":5,"34":3,"35":8,"36":3,"37":4,"38":3,"39":3,"40":3,"41":3,"42":3,"43":24,"44":24,"45":6,"46":3,"47":4,"48":11,"49":11,"50":11,"51":11,"52":35,"53":35,"54":3,"55":2,"56":32,"57":4,"58":29,"59":2,"60":3,"61":4,"62":4,"63":1,"64":3,"65":3,"66":8,"67":3,"68":4,"69":4,"70":4,"71":4,"72":4,"73":7,"74":7,"75":1,"76":4,"77":106,"78":75,"79":31,"80":6,"81":25,"82":25,"83":25,"84":97,"85":97,"86":25,"87":9,"88":4},"f":{"0":11,"1":14,"2":3,"3":9,"4":3,"5":5,"6":8,"7":3,"8":11,"9":4,"10":4,"11":9,"12":106},"b":{"0":[3],"1":[5,6],"2":[11,8],"3":[3,3],"4":[3,3],"5":[2,8,8,1],"6":[9,1],"7":[1,23],"8":[3,2],"9":[3,1],"10":[6,18],"11":[11],"12":[11,1],"13":[3,32],"14":[2,1],"15":[4,28],"16":[2,27],"17":[29,5],"18":[1,3],"19":[4,1],"20":[1,6],"21":[0],"22":[9],"23":[75,31],"24":[6,25],"25":[22,75]}}
,"E:\\project\\utilTs\\src\\common.ts": {"path":"E:\\project\\utilTs\\src\\common.ts","statementMap":{"0":{"start":{"line":1,"column":0},"end":{"line":1,"column":36}},"1":{"start":{"line":10,"column":21},"end":{"line":10,"column":25}},"2":{"start":{"line":11,"column":4},"end":{"line":20,"column":6}},"3":{"start":{"line":12,"column":8},"end":{"line":15,"column":null}},"4":{"start":{"line":13,"column":12},"end":{"line":13,"column":32}},"5":{"start":{"line":14,"column":12},"end":{"line":14,"column":25}},"6":{"start":{"line":16,"column":8},"end":{"line":19,"column":18}},"7":{"start":{"line":17,"column":12},"end":{"line":17,"column":25}},"8":{"start":{"line":18,"column":12},"end":{"line":18,"column":39}},"9":{"start":{"line":9,"column":0},"end":{"line":9,"column":16}},"10":{"start":{"line":30,"column":4},"end":{"line":30,"column":16}},"11":{"start":{"line":30,"column":16},"end":{"line":30,"column":25}},"12":{"start":{"line":30,"column":25},"end":{"line":30,"column":33}},"13":{"start":{"line":34,"column":16},"end":{"line":34,"column":17}},"14":{"start":{"line":37,"column":21},"end":{"line":37,"column":38}},"15":{"start":{"line":38,"column":8},"end":{"line":42,"column":null}},"16":{"start":{"line":39,"column":12},"end":{"line":41,"column":27}},"17":{"start":{"line":40,"column":16},"end":{"line":40,"column":26}},"18":{"start":{"line":46,"column":8},"end":{"line":46,"column":52}},"19":{"start":{"line":49,"column":4},"end":{"line":49,"column":27}},"20":{"start":{"line":50,"column":4},"end":{"line":54,"column":null}},"21":{"start":{"line":51,"column":8},"end":{"line":51,"column":17}},"22":{"start":{"line":53,"column":8},"end":{"line":53,"column":18}},"23":{"start":{"line":55,"column":4},"end":{"line":58,"column":6}},"24":{"start":{"line":56,"column":8},"end":{"line":56,"column":31}},"25":{"start":{"line":57,"column":8},"end":{"line":57,"column":28}},"26":{"start":{"line":29,"column":0},"end":{"line":29,"column":16}},"27":{"start":{"line":63,"column":4},"end":{"line":66,"column":null}},"28":{"start":{"line":63,"column":17},"end":{"line":63,"column":18}},"29":{"start":{"line":64,"column":8},"end":{"line":64,"column":44}},"30":{"start":{"line":64,"column":35},"end":{"line":64,"column":44}},"31":{"start":{"line":65,"column":8},"end":{"line":65,"column":14}},"32":{"start":{"line":62,"column":0},"end":{"line":62,"column":16}},"33":{"start":{"line":70,"column":4},"end":{"line":70,"column":45}},"34":{"start":{"line":70,"column":35},"end":{"line":70,"column":45}},"35":{"start":{"line":72,"column":4},"end":{"line":72,"column":37}},"36":{"start":{"line":73,"column":4},"end":{"line":73,"column":17}},"37":{"start":{"line":69,"column":0},"end":{"line":69,"column":16}},"38":{"start":{"line":78,"column":17},"end":{"line":78,"column":31}},"39":{"start":{"line":79,"column":4},"end":{"line":79,"column":76}},"40":{"start":{"line":79,"column":62},"end":{"line":79,"column":76}},"41":{"start":{"line":80,"column":21},"end":{"line":80,"column":27}},"42":{"start":{"line":81,"column":24},"end":{"line":87,"column":11}},"43":{"start":{"line":89,"column":4},"end":{"line":93,"column":null}},"44":{"start":{"line":91,"column":8},"end":{"line":91,"column":45}},"45":{"start":{"line":91,"column":36},"end":{"line":91,"column":45}},"46":{"start":{"line":92,"column":8},"end":{"line":92,"column":37}},"47":{"start":{"line":94,"column":4},"end":{"line":94,"column":18}},"48":{"start":{"line":77,"column":0},"end":{"line":77,"column":16}},"49":{"start":{"line":109,"column":13},"end":{"line":147,"column":2}},"50":{"start":{"line":110,"column":17},"end":{"line":134,"column":6}},"51":{"start":{"line":117,"column":22},"end":{"line":117,"column":65}},"52":{"start":{"line":118,"column":12},"end":{"line":118,"column":44}},"53":{"start":{"line":122,"column":22},"end":{"line":122,"column":37}},"54":{"start":{"line":124,"column":12},"end":{"line":131,"column":null}},"55":{"start":{"line":125,"column":16},"end":{"line":130,"column":19}},"56":{"start":{"line":128,"column":24},"end":{"line":128,"column":73}},"57":{"start":{"line":132,"column":12},"end":{"line":132,"column":42}},"58":{"start":{"line":135,"column":4},"end":{"line":137,"column":null}},"59":{"start":{"line":136,"column":8},"end":{"line":136,"column":99}},"60":{"start":{"line":138,"column":4},"end":{"line":145,"column":null}},"61":{"start":{"line":139,"column":8},"end":{"line":144,"column":null}},"62":{"start":{"line":140,"column":23},"end":{"line":140,"column":32}},"63":{"start":{"line":141,"column":22},"end":{"line":141,"column":26}},"64":{"start":{"line":142,"column":26},"end":{"line":142,"column":83}},"65":{"start":{"line":143,"column":12},"end":{"line":143,"column":47}},"66":{"start":{"line":146,"column":4},"end":{"line":146,"column":18}},"67":{"start":{"line":148,"column":0},"end":{"line":148,"column":25}},"68":{"start":{"line":149,"column":0},"end":{"line":149,"column":45}},"69":{"start":{"line":153,"column":4},"end":{"line":153,"column":22}},"70":{"start":{"line":154,"column":4},"end":{"line":154,"column":29}},"71":{"start":{"line":154,"column":20},"end":{"line":154,"column":29}},"72":{"start":{"line":155,"column":15},"end":{"line":155,"column":40}},"73":{"start":{"line":156,"column":4},"end":{"line":156,"column":34}},"74":{"start":{"line":152,"column":0},"end":{"line":152,"column":16}},"75":{"start":{"line":160,"column":15},"end":{"line":160,"column":38}},"76":{"start":{"line":161,"column":15},"end":{"line":161,"column":38}},"77":{"start":{"line":162,"column":4},"end":{"line":162,"column":46}},"78":{"start":{"line":166,"column":13},"end":{"line":187,"column":2}},"79":{"start":{"line":169,"column":18},"end":{"line":169,"column":30}},"80":{"start":{"line":170,"column":8},"end":{"line":170,"column":41}},"81":{"start":{"line":174,"column":18},"end":{"line":174,"column":30}},"82":{"start":{"line":175,"column":8},"end":{"line":175,"column":41}},"83":{"start":{"line":179,"column":18},"end":{"line":179,"column":30}},"84":{"start":{"line":180,"column":8},"end":{"line":180,"column":49}},"85":{"start":{"line":184,"column":18},"end":{"line":184,"column":30}},"86":{"start":{"line":185,"column":8},"end":{"line":185,"column":35}},"87":{"start":{"line":191,"column":15},"end":{"line":191,"column":28}},"88":{"start":{"line":192,"column":4},"end":{"line":192,"column":35}},"89":{"start":{"line":192,"column":25},"end":{"line":192,"column":35}},"90":{"start":{"line":193,"column":4},"end":{"line":193,"column":77}},"91":{"start":{"line":190,"column":0},"end":{"line":190,"column":16}},"92":{"start":{"line":207,"column":4},"end":{"line":207,"column":48}},"93":{"start":{"line":207,"column":27},"end":{"line":207,"column":48}},"94":{"start":{"line":209,"column":4},"end":{"line":212,"column":null}},"95":{"start":{"line":210,"column":8},"end":{"line":210,"column":20}},"96":{"start":{"line":211,"column":8},"end":{"line":211,"column":18}},"97":{"start":{"line":215,"column":4},"end":{"line":223,"column":null}},"98":{"start":{"line":216,"column":21},"end":{"line":216,"column":59}},"99":{"start":{"line":217,"column":8},"end":{"line":217,"column":59}},"100":{"start":{"line":220,"column":30},"end":{"line":220,"column":32}},"101":{"start":{"line":221,"column":8},"end":{"line":221,"column":71}},"102":{"start":{"line":221,"column":35},"end":{"line":221,"column":69}},"103":{"start":{"line":222,"column":8},"end":{"line":222,"column":19}},"104":{"start":{"line":205,"column":0},"end":{"line":205,"column":16}},"105":{"start":{"line":232,"column":16},"end":{"line":232,"column":51}},"106":{"start":{"line":233,"column":18},"end":{"line":233,"column":48}},"107":{"start":{"line":234,"column":4},"end":{"line":240,"column":null}},"108":{"start":{"line":235,"column":8},"end":{"line":235,"column":21}},"109":{"start":{"line":237,"column":36},"end":{"line":237,"column":38}},"110":{"start":{"line":238,"column":8},"end":{"line":238,"column":73}},"111":{"start":{"line":238,"column":32},"end":{"line":238,"column":71}},"112":{"start":{"line":239,"column":8},"end":{"line":239,"column":25}},"113":{"start":{"line":231,"column":0},"end":{"line":231,"column":16}},"114":{"start":{"line":250,"column":4},"end":{"line":250,"column":49}},"115":{"start":{"line":250,"column":37},"end":{"line":250,"column":49}},"116":{"start":{"line":251,"column":26},"end":{"line":251,"column":73}},"117":{"start":{"line":251,"column":60},"end":{"line":251,"column":72}},"118":{"start":{"line":252,"column":4},"end":{"line":256,"column":null}},"119":{"start":{"line":253,"column":8},"end":{"line":255,"column":null}},"120":{"start":{"line":253,"column":21},"end":{"line":253,"column":31}},"121":{"start":{"line":254,"column":12},"end":{"line":254,"column":35}},"122":{"start":{"line":257,"column":4},"end":{"line":257,"column":72}},"123":{"start":{"line":248,"column":0},"end":{"line":248,"column":16}},"124":{"start":{"line":266,"column":4},"end":{"line":266,"column":63}},"125":{"start":{"line":265,"column":0},"end":{"line":265,"column":16}},"126":{"start":{"line":279,"column":4},"end":{"line":281,"column":7}},"127":{"start":{"line":280,"column":8},"end":{"line":280,"column":51}},"128":{"start":{"line":271,"column":0},"end":{"line":271,"column":16}},"129":{"start":{"line":291,"column":4},"end":{"line":291,"column":44}},"130":{"start":{"line":291,"column":30},"end":{"line":291,"column":44}},"131":{"start":{"line":292,"column":20},"end":{"line":292,"column":39}},"132":{"start":{"line":293,"column":4},"end":{"line":295,"column":null}},"133":{"start":{"line":294,"column":8},"end":{"line":294,"column":21}},"134":{"start":{"line":296,"column":4},"end":{"line":296,"column":35}},"135":{"start":{"line":297,"column":4},"end":{"line":297,"column":25}},"136":{"start":{"line":290,"column":0},"end":{"line":290,"column":16}},"137":{"start":{"line":307,"column":4},"end":{"line":307,"column":44}},"138":{"start":{"line":307,"column":30},"end":{"line":307,"column":44}},"139":{"start":{"line":308,"column":18},"end":{"line":308,"column":37}},"140":{"start":{"line":309,"column":14},"end":{"line":309,"column":63}},"141":{"start":{"line":310,"column":4},"end":{"line":310,"column":24}},"142":{"start":{"line":306,"column":0},"end":{"line":306,"column":16}},"143":{"start":{"line":321,"column":20},"end":{"line":321,"column":35}},"144":{"start":{"line":322,"column":4},"end":{"line":332,"column":14}},"145":{"start":{"line":323,"column":21},"end":{"line":323,"column":36}},"146":{"start":{"line":324,"column":22},"end":{"line":324,"column":38}},"147":{"start":{"line":325,"column":8},"end":{"line":330,"column":null}},"148":{"start":{"line":326,"column":25},"end":{"line":326,"column":63}},"149":{"start":{"line":327,"column":12},"end":{"line":327,"column":48}},"150":{"start":{"line":329,"column":12},"end":{"line":329,"column":30}},"151":{"start":{"line":331,"column":8},"end":{"line":331,"column":31}},"152":{"start":{"line":331,"column":22},"end":{"line":331,"column":31}},"153":{"start":{"line":333,"column":4},"end":{"line":333,"column":18}},"154":{"start":{"line":319,"column":0},"end":{"line":319,"column":16}},"155":{"start":{"line":336,"column":23},"end":{"line":336,"column":73}},"156":{"start":{"line":337,"column":12},"end":{"line":337,"column":27}},"157":{"start":{"line":338,"column":19},"end":{"line":338,"column":49}},"158":{"start":{"line":339,"column":24},"end":{"line":339,"column":36}},"159":{"start":{"line":352,"column":13},"end":{"line":375,"column":2}},"160":{"start":{"line":353,"column":14},"end":{"line":353,"column":22}},"161":{"start":{"line":354,"column":24},"end":{"line":354,"column":26}},"162":{"start":{"line":355,"column":16},"end":{"line":355,"column":17}},"163":{"start":{"line":357,"column":4},"end":{"line":357,"column":74}},"164":{"start":{"line":357,"column":36},"end":{"line":357,"column":74}},"165":{"start":{"line":358,"column":4},"end":{"line":372,"column":null}},"166":{"start":{"line":359,"column":19},"end":{"line":359,"column":46}},"167":{"start":{"line":361,"column":18},"end":{"line":361,"column":50}},"168":{"start":{"line":363,"column":8},"end":{"line":365,"column":null}},"169":{"start":{"line":364,"column":12},"end":{"line":364,"column":49}},"170":{"start":{"line":367,"column":8},"end":{"line":369,"column":null}},"171":{"start":{"line":368,"column":12},"end":{"line":368,"column":48}},"172":{"start":{"line":370,"column":8},"end":{"line":370,"column":27}},"173":{"start":{"line":371,"column":8},"end":{"line":371,"column":16}},"174":{"start":{"line":374,"column":4},"end":{"line":374,"column":58}},"175":{"start":{"line":376,"column":0},"end":{"line":376,"column":34}},"176":{"start":{"line":377,"column":0},"end":{"line":377,"column":40}},"177":{"start":{"line":391,"column":13},"end":{"line":425,"column":2}},"178":{"start":{"line":392,"column":4},"end":{"line":394,"column":null}},"179":{"start":{"line":393,"column":8},"end":{"line":393,"column":79}},"180":{"start":{"line":397,"column":16},"end":{"line":397,"column":110}},"181":{"start":{"line":398,"column":22},"end":{"line":419,"column":6}},"182":{"start":{"line":399,"column":18},"end":{"line":399,"column":19}},"183":{"start":{"line":400,"column":19},"end":{"line":400,"column":20}},"184":{"start":{"line":402,"column":8},"end":{"line":412,"column":null}},"185":{"start":{"line":402,"column":21},"end":{"line":402,"column":34}},"186":{"start":{"line":403,"column":25},"end":{"line":403,"column":30}},"187":{"start":{"line":405,"column":25},"end":{"line":405,"column":61}},"188":{"start":{"line":406,"column":12},"end":{"line":408,"column":null}},"189":{"start":{"line":407,"column":16},"end":{"line":407,"column":37}},"190":{"start":{"line":410,"column":28},"end":{"line":410,"column":62}},"191":{"start":{"line":411,"column":12},"end":{"line":411,"column":58}},"192":{"start":{"line":415,"column":8},"end":{"line":417,"column":null}},"193":{"start":{"line":416,"column":12},"end":{"line":416,"column":22}},"194":{"start":{"line":418,"column":8},"end":{"line":418,"column":19}},"195":{"start":{"line":422,"column":4},"end":{"line":424,"column":10}},"196":{"start":{"line":423,"column":8},"end":{"line":423,"column":43}},"197":{"start":{"line":426,"column":0},"end":{"line":426,"column":34}},"198":{"start":{"line":427,"column":0},"end":{"line":427,"column":40}},"199":{"start":{"line":431,"column":15},"end":{"line":431,"column":51}},"200":{"start":{"line":433,"column":4},"end":{"line":438,"column":null}},"201":{"start":{"line":433,"column":17},"end":{"line":433,"column":18}},"202":{"start":{"line":434,"column":8},"end":{"line":436,"column":null}},"203":{"start":{"line":435,"column":12},"end":{"line":435,"column":24}},"204":{"start":{"line":437,"column":8},"end":{"line":437,"column":42}},"205":{"start":{"line":439,"column":4},"end":{"line":439,"column":16}},"206":{"start":{"line":442,"column":4},"end":{"line":442,"column":16}},"207":{"start":{"line":430,"column":0},"end":{"line":430,"column":16}},"208":{"start":{"line":448,"column":4},"end":{"line":448,"column":82}},"209":{"start":{"line":447,"column":0},"end":{"line":447,"column":16}},"210":{"start":{"line":453,"column":20},"end":{"line":453,"column":67}},"211":{"start":{"line":454,"column":42},"end":{"line":466,"column":6}},"212":{"start":{"line":459,"column":24},"end":{"line":459,"column":52}},"213":{"start":{"line":462,"column":12},"end":{"line":462,"column":55}},"214":{"start":{"line":468,"column":4},"end":{"line":470,"column":null}},"215":{"start":{"line":469,"column":8},"end":{"line":469,"column":64}},"216":{"start":{"line":471,"column":4},"end":{"line":471,"column":18}},"217":{"start":{"line":452,"column":0},"end":{"line":452,"column":16}},"218":{"start":{"line":477,"column":8},"end":{"line":477,"column":66}},"219":{"start":{"line":477,"column":55},"end":{"line":477,"column":66}},"220":{"start":{"line":478,"column":28},"end":{"line":478,"column":35}},"221":{"start":{"line":479,"column":8},"end":{"line":482,"column":null}},"222":{"start":{"line":480,"column":12},"end":{"line":480,"column":49}},"223":{"start":{"line":480,"column":40},"end":{"line":480,"column":49}},"224":{"start":{"line":481,"column":12},"end":{"line":481,"column":41}},"225":{"start":{"line":483,"column":8},"end":{"line":483,"column":32}},"226":{"start":{"line":486,"column":4},"end":{"line":486,"column":23}},"227":{"start":{"line":475,"column":0},"end":{"line":475,"column":16}},"228":{"start":{"line":491,"column":17},"end":{"line":491,"column":18}},"229":{"start":{"line":492,"column":4},"end":{"line":492,"column":83}},"230":{"start":{"line":492,"column":69},"end":{"line":492,"column":83}},"231":{"start":{"line":495,"column":8},"end":{"line":498,"column":null}},"232":{"start":{"line":496,"column":12},"end":{"line":496,"column":21}},"233":{"start":{"line":497,"column":12},"end":{"line":497,"column":19}},"234":{"start":{"line":499,"column":8},"end":{"line":502,"column":null}},"235":{"start":{"line":500,"column":12},"end":{"line":500,"column":49}},"236":{"start":{"line":500,"column":40},"end":{"line":500,"column":49}},"237":{"start":{"line":501,"column":12},"end":{"line":501,"column":31}},"238":{"start":{"line":505,"column":4},"end":{"line":505,"column":16}},"239":{"start":{"line":506,"column":4},"end":{"line":506,"column":18}},"240":{"start":{"line":490,"column":0},"end":{"line":490,"column":16}}},"fnMap":{"0":{"name":"debounce","decl":{"start":{"line":9,"column":16},"end":{"line":9,"column":24}},"loc":{"start":{"line":9,"column":74},"end":{"line":21,"column":1}}},"1":{"name":"(anonymous_1)","decl":{"start":{"line":11,"column":11},"end":{"line":11,"column":21}},"loc":{"start":{"line":11,"column":35},"end":{"line":20,"column":5}}},"2":{"name":"(anonymous_2)","decl":{"start":{"line":16,"column":27},"end":{"line":16,"column":30}},"loc":{"start":{"line":16,"column":32},"end":{"line":19,"column":9}}},"3":{"name":"polling","decl":{"start":{"line":29,"column":16},"end":{"line":29,"column":23}},"loc":{"start":{"line":29,"column":108},"end":{"line":59,"column":1}}},"4":{"name":"(anonymous_4)","decl":{"start":{"line":30,"column":4},"end":{"line":30,"column":9}},"loc":{"start":{"line":30,"column":14},"end":{"line":30,"column":33}}},"5":{"name":"handle","decl":{"start":{"line":36,"column":13},"end":{"line":36,"column":19}},"loc":{"start":{"line":36,"column":19},"end":{"line":43,"column":5}}},"6":{"name":"(anonymous_6)","decl":{"start":{"line":39,"column":68},"end":{"line":39,"column":null}},"loc":{"start":{"line":39,"column":68},"end":{"line":41,"column":13}}},"7":{"name":"timeout","decl":{"start":{"line":45,"column":13},"end":{"line":45,"column":20}},"loc":{"start":{"line":45,"column":20},"end":{"line":47,"column":5}}},"8":{"name":"(anonymous_8)","decl":{"start":{"line":55,"column":11},"end":{"line":55,"column":null}},"loc":{"start":{"line":55,"column":11},"end":{"line":58,"column":5}}},"9":{"name":"forEachByLen","decl":{"start":{"line":62,"column":16},"end":{"line":62,"column":28}},"loc":{"start":{"line":62,"column":74},"end":{"line":67,"column":1}}},"10":{"name":"cloneFunction","decl":{"start":{"line":69,"column":16},"end":{"line":69,"column":29}},"loc":{"start":{"line":69,"column":55},"end":{"line":74,"column":1}}},"11":{"name":"deepCopy","decl":{"start":{"line":77,"column":16},"end":{"line":77,"column":24}},"loc":{"start":{"line":77,"column":37},"end":{"line":95,"column":1}}},"12":{"name":"(anonymous_12)","decl":{"start":{"line":109,"column":47},"end":{"line":109,"column":57}},"loc":{"start":{"line":109,"column":63},"end":{"line":147,"column":1}}},"13":{"name":"(anonymous_13)","decl":{"start":{"line":116,"column":14},"end":{"line":116,"column":24}},"loc":{"start":{"line":116,"column":30},"end":{"line":119,"column":9}}},"14":{"name":"(anonymous_14)","decl":{"start":{"line":121,"column":14},"end":{"line":121,"column":24}},"loc":{"start":{"line":121,"column":30},"end":{"line":133,"column":9}}},"15":{"name":"(anonymous_15)","decl":{"start":{"line":127,"column":20},"end":{"line":127,"column":24}},"loc":{"start":{"line":127,"column":36},"end":{"line":129,"column":21}}},"16":{"name":"getNumberLenAfterDot","decl":{"start":{"line":152,"column":16},"end":{"line":152,"column":36}},"loc":{"start":{"line":152,"column":57},"end":{"line":157,"column":1}}},"17":{"name":"getPow","decl":{"start":{"line":159,"column":9},"end":{"line":159,"column":15}},"loc":{"start":{"line":159,"column":36},"end":{"line":163,"column":1}}},"18":{"name":"(anonymous_18)","decl":{"start":{"line":168,"column":4},"end":{"line":168,"column":7}},"loc":{"start":{"line":168,"column":28},"end":{"line":171,"column":5}}},"19":{"name":"(anonymous_19)","decl":{"start":{"line":173,"column":4},"end":{"line":173,"column":9}},"loc":{"start":{"line":173,"column":30},"end":{"line":176,"column":5}}},"20":{"name":"(anonymous_20)","decl":{"start":{"line":178,"column":4},"end":{"line":178,"column":7}},"loc":{"start":{"line":178,"column":28},"end":{"line":181,"column":5}}},"21":{"name":"(anonymous_21)","decl":{"start":{"line":183,"column":4},"end":{"line":183,"column":12}},"loc":{"start":{"line":183,"column":33},"end":{"line":186,"column":5}}},"22":{"name":"typeOf","decl":{"start":{"line":190,"column":16},"end":{"line":190,"column":22}},"loc":{"start":{"line":190,"column":34},"end":{"line":194,"column":1}}},"23":{"name":"randomNumber","decl":{"start":{"line":205,"column":16},"end":{"line":205,"column":28}},"loc":{"start":{"line":205,"column":50},"end":{"line":224,"column":1}}},"24":{"name":"(anonymous_24)","decl":{"start":{"line":221,"column":29},"end":{"line":221,"column":32}},"loc":{"start":{"line":221,"column":35},"end":{"line":221,"column":69}}},"25":{"name":"randomColor","decl":{"start":{"line":231,"column":16},"end":{"line":231,"column":27}},"loc":{"start":{"line":231,"column":32},"end":{"line":241,"column":1}}},"26":{"name":"(anonymous_26)","decl":{"start":{"line":238,"column":26},"end":{"line":238,"column":29}},"loc":{"start":{"line":238,"column":32},"end":{"line":238,"column":71}}},"27":{"name":"getDateFromStr","decl":{"start":{"line":248,"column":16},"end":{"line":248,"column":30}},"loc":{"start":{"line":248,"column":43},"end":{"line":258,"column":1}}},"28":{"name":"(anonymous_28)","decl":{"start":{"line":251,"column":52},"end":{"line":251,"column":56}},"loc":{"start":{"line":251,"column":60},"end":{"line":251,"column":72}}},"29":{"name":"thousandFormat","decl":{"start":{"line":265,"column":16},"end":{"line":265,"column":30}},"loc":{"start":{"line":265,"column":51},"end":{"line":267,"column":1}}},"30":{"name":"getFormatStr","decl":{"start":{"line":271,"column":16},"end":{"line":271,"column":28}},"loc":{"start":{"line":271,"column":43},"end":{"line":282,"column":1}}},"31":{"name":"(anonymous_31)","decl":{"start":{"line":279,"column":30},"end":{"line":279,"column":null}},"loc":{"start":{"line":279,"column":30},"end":{"line":281,"column":5}}},"32":{"name":"strPadStart","decl":{"start":{"line":290,"column":16},"end":{"line":290,"column":27}},"loc":{"start":{"line":290,"column":69},"end":{"line":298,"column":1}}},"33":{"name":"strPadEnd","decl":{"start":{"line":306,"column":16},"end":{"line":306,"column":25}},"loc":{"start":{"line":306,"column":67},"end":{"line":311,"column":1}}},"34":{"name":"oneByOne","decl":{"start":{"line":319,"column":16},"end":{"line":319,"column":24}},"loc":{"start":{"line":319,"column":126},"end":{"line":334,"column":1}}},"35":{"name":"(anonymous_35)","decl":{"start":{"line":322,"column":21},"end":{"line":322,"column":22}},"loc":{"start":{"line":322,"column":31},"end":{"line":332,"column":5}}},"36":{"name":"(anonymous_36)","decl":{"start":{"line":352,"column":46},"end":{"line":352,"column":56}},"loc":{"start":{"line":352,"column":62},"end":{"line":375,"column":1}}},"37":{"name":"(anonymous_37)","decl":{"start":{"line":391,"column":46},"end":{"line":391,"column":56}},"loc":{"start":{"line":391,"column":69},"end":{"line":425,"column":1}}},"38":{"name":"(anonymous_38)","decl":{"start":{"line":398,"column":30},"end":{"line":398,"column":31}},"loc":{"start":{"line":398,"column":44},"end":{"line":419,"column":5}}},"39":{"name":"(anonymous_39)","decl":{"start":{"line":422,"column":38},"end":{"line":422,"column":39}},"loc":{"start":{"line":422,"column":59},"end":{"line":424,"column":5}}},"40":{"name":"generateFunctionCode","decl":{"start":{"line":430,"column":16},"end":{"line":430,"column":36}},"loc":{"start":{"line":430,"column":60},"end":{"line":443,"column":1}}},"41":{"name":"generateFunction","decl":{"start":{"line":447,"column":16},"end":{"line":447,"column":32}},"loc":{"start":{"line":447,"column":75},"end":{"line":449,"column":1}}},"42":{"name":"dateDiff","decl":{"start":{"line":452,"column":16},"end":{"line":452,"column":24}},"loc":{"start":{"line":452,"column":82},"end":{"line":472,"column":1}}},"43":{"name":"(anonymous_43)","decl":{"start":{"line":458,"column":15},"end":{"line":458,"column":null}},"loc":{"start":{"line":458,"column":15},"end":{"line":463,"column":9}}},"44":{"name":"getTreeMaxDeep","decl":{"start":{"line":475,"column":16},"end":{"line":475,"column":30}},"loc":{"start":{"line":475,"column":43},"end":{"line":487,"column":1}}},"45":{"name":"deeps","decl":{"start":{"line":476,"column":13},"end":{"line":476,"column":18}},"loc":{"start":{"line":476,"column":47},"end":{"line":484,"column":5}}},"46":{"name":"getTreeNodeLen","decl":{"start":{"line":490,"column":16},"end":{"line":490,"column":30}},"loc":{"start":{"line":490,"column":67},"end":{"line":507,"column":1}}},"47":{"name":"deeps","decl":{"start":{"line":494,"column":13},"end":{"line":494,"column":18}},"loc":{"start":{"line":494,"column":47},"end":{"line":503,"column":5}}}},"branchMap":{"0":{"loc":{"start":{"line":12,"column":8},"end":{"line":15,"column":null}},"type":"if","locations":[{"start":{"line":12,"column":8},"end":{"line":15,"column":null}},{"start":{"line":12,"column":8},"end":{"line":15,"column":null}}]},"1":{"loc":{"start":{"line":29,"column":104},"end":{"line":29,"column":108}},"type":"default-arg","locations":[{"start":{"line":29,"column":104},"end":{"line":29,"column":108}}]},"2":{"loc":{"start":{"line":30,"column":9},"end":{"line":30,"column":14}},"type":"binary-expr","locations":[{"start":{"line":30,"column":9},"end":{"line":30,"column":14}},{"start":{"line":30,"column":9},"end":{"line":30,"column":16}}]},"3":{"loc":{"start":{"line":38,"column":8},"end":{"line":42,"column":null}},"type":"if","locations":[{"start":{"line":38,"column":8},"end":{"line":42,"column":null}},{"start":{"line":38,"column":8},"end":{"line":42,"column":null}}]},"4":{"loc":{"start":{"line":39,"column":41},"end":{"line":41,"column":14}},"type":"cond-expr","locations":[{"start":{"line":39,"column":41},"end":{"line":41,"column":14}},{"start":{"line":41,"column":17},"end":{"line":41,"column":26}}]},"5":{"loc":{"start":{"line":50,"column":4},"end":{"line":54,"column":null}},"type":"if","locations":[{"start":{"line":50,"column":4},"end":{"line":54,"column":null}},{"start":{"line":50,"column":4},"end":{"line":54,"column":null}}]},"6":{"loc":{"start":{"line":64,"column":8},"end":{"line":64,"column":44}},"type":"if","locations":[{"start":{"line":64,"column":8},"end":{"line":64,"column":44}},{"start":{"line":64,"column":8},"end":{"line":64,"column":44}}]},"7":{"loc":{"start":{"line":70,"column":4},"end":{"line":70,"column":45}},"type":"if","locations":[{"start":{"line":70,"column":4},"end":{"line":70,"column":45}},{"start":{"line":70,"column":4},"end":{"line":70,"column":45}}]},"8":{"loc":{"start":{"line":79,"column":4},"end":{"line":79,"column":76}},"type":"if","locations":[{"start":{"line":79,"column":4},"end":{"line":79,"column":76}},{"start":{"line":79,"column":4},"end":{"line":79,"column":76}}]},"9":{"loc":{"start":{"line":91,"column":8},"end":{"line":91,"column":45}},"type":"if","locations":[{"start":{"line":91,"column":8},"end":{"line":91,"column":45}},{"start":{"line":91,"column":8},"end":{"line":91,"column":45}}]},"10":{"loc":{"start":{"line":124,"column":12},"end":{"line":131,"column":null}},"type":"if","locations":[{"start":{"line":124,"column":12},"end":{"line":131,"column":null}},{"start":{"line":124,"column":12},"end":{"line":131,"column":null}}]},"11":{"loc":{"start":{"line":124,"column":16},"end":{"line":124,"column":36}},"type":"binary-expr","locations":[{"start":{"line":124,"column":16},"end":{"line":124,"column":36}},{"start":{"line":124,"column":40},"end":{"line":124,"column":67}}]},"12":{"loc":{"start":{"line":128,"column":45},"end":{"line":128,"column":48}},"type":"cond-expr","locations":[{"start":{"line":128,"column":45},"end":{"line":128,"column":48}},{"start":{"line":128,"column":51},"end":{"line":128,"column":72}}]},"13":{"loc":{"start":{"line":135,"column":4},"end":{"line":137,"column":null}},"type":"if","locations":[{"start":{"line":135,"column":4},"end":{"line":137,"column":null}},{"start":{"line":135,"column":4},"end":{"line":137,"column":null}}]},"14":{"loc":{"start":{"line":139,"column":8},"end":{"line":144,"column":null}},"type":"if","locations":[{"start":{"line":139,"column":8},"end":{"line":144,"column":null}},{"start":{"line":139,"column":8},"end":{"line":144,"column":null}}]},"15":{"loc":{"start":{"line":142,"column":44},"end":{"line":142,"column":45}},"type":"cond-expr","locations":[{"start":{"line":142,"column":44},"end":{"line":142,"column":45}},{"start":{"line":142,"column":48},"end":{"line":142,"column":83}}]},"16":{"loc":{"start":{"line":154,"column":4},"end":{"line":154,"column":29}},"type":"if","locations":[{"start":{"line":154,"column":4},"end":{"line":154,"column":29}},{"start":{"line":154,"column":4},"end":{"line":154,"column":29}}]},"17":{"loc":{"start":{"line":156,"column":18},"end":{"line":156,"column":29}},"type":"cond-expr","locations":[{"start":{"line":156,"column":18},"end":{"line":156,"column":29}},{"start":{"line":156,"column":32},"end":{"line":156,"column":33}}]},"18":{"loc":{"start":{"line":192,"column":4},"end":{"line":192,"column":35}},"type":"if","locations":[{"start":{"line":192,"column":4},"end":{"line":192,"column":35}},{"start":{"line":192,"column":4},"end":{"line":192,"column":35}}]},"19":{"loc":{"start":{"line":207,"column":4},"end":{"line":207,"column":48}},"type":"if","locations":[{"start":{"line":207,"column":4},"end":{"line":207,"column":48}},{"start":{"line":207,"column":4},"end":{"line":207,"column":48}}]},"20":{"loc":{"start":{"line":209,"column":4},"end":{"line":212,"column":null}},"type":"if","locations":[{"start":{"line":209,"column":4},"end":{"line":212,"column":null}},{"start":{"line":209,"column":4},"end":{"line":212,"column":null}}]},"21":{"loc":{"start":{"line":215,"column":4},"end":{"line":223,"column":null}},"type":"if","locations":[{"start":{"line":215,"column":4},"end":{"line":223,"column":null}},{"start":{"line":215,"column":4},"end":{"line":223,"column":null}}]},"22":{"loc":{"start":{"line":234,"column":4},"end":{"line":240,"column":null}},"type":"if","locations":[{"start":{"line":234,"column":4},"end":{"line":240,"column":null}},{"start":{"line":234,"column":4},"end":{"line":240,"column":null}}]},"23":{"loc":{"start":{"line":250,"column":4},"end":{"line":250,"column":49}},"type":"if","locations":[{"start":{"line":250,"column":4},"end":{"line":250,"column":49}},{"start":{"line":250,"column":4},"end":{"line":250,"column":49}}]},"24":{"loc":{"start":{"line":252,"column":4},"end":{"line":256,"column":null}},"type":"if","locations":[{"start":{"line":252,"column":4},"end":{"line":256,"column":null}},{"start":{"line":252,"column":4},"end":{"line":256,"column":null}}]},"25":{"loc":{"start":{"line":254,"column":29},"end":{"line":254,"column":30}},"type":"cond-expr","locations":[{"start":{"line":254,"column":29},"end":{"line":254,"column":30}},{"start":{"line":254,"column":33},"end":{"line":254,"column":34}}]},"26":{"loc":{"start":{"line":280,"column":31},"end":{"line":280,"column":45}},"type":"cond-expr","locations":[{"start":{"line":280,"column":31},"end":{"line":280,"column":45}},{"start":{"line":280,"column":48},"end":{"line":280,"column":50}}]},"27":{"loc":{"start":{"line":291,"column":4},"end":{"line":291,"column":44}},"type":"if","locations":[{"start":{"line":291,"column":4},"end":{"line":291,"column":44}},{"start":{"line":291,"column":4},"end":{"line":291,"column":44}}]},"28":{"loc":{"start":{"line":307,"column":4},"end":{"line":307,"column":44}},"type":"if","locations":[{"start":{"line":307,"column":4},"end":{"line":307,"column":44}},{"start":{"line":307,"column":4},"end":{"line":307,"column":44}}]},"29":{"loc":{"start":{"line":325,"column":8},"end":{"line":330,"column":null}},"type":"if","locations":[{"start":{"line":325,"column":8},"end":{"line":330,"column":null}},{"start":{"line":325,"column":8},"end":{"line":330,"column":null}}]},"30":{"loc":{"start":{"line":327,"column":22},"end":{"line":327,"column":29}},"type":"binary-expr","locations":[{"start":{"line":327,"column":22},"end":{"line":327,"column":29}},{"start":{"line":327,"column":33},"end":{"line":327,"column":47}}]},"31":{"loc":{"start":{"line":331,"column":8},"end":{"line":331,"column":31}},"type":"if","locations":[{"start":{"line":331,"column":8},"end":{"line":331,"column":31}},{"start":{"line":331,"column":8},"end":{"line":331,"column":31}}]},"32":{"loc":{"start":{"line":357,"column":4},"end":{"line":357,"column":74}},"type":"if","locations":[{"start":{"line":357,"column":4},"end":{"line":357,"column":74}},{"start":{"line":357,"column":4},"end":{"line":357,"column":74}}]},"33":{"loc":{"start":{"line":357,"column":8},"end":{"line":357,"column":19}},"type":"binary-expr","locations":[{"start":{"line":357,"column":8},"end":{"line":357,"column":19}},{"start":{"line":357,"column":23},"end":{"line":357,"column":34}}]},"34":{"loc":{"start":{"line":358,"column":11},"end":{"line":358,"column":19}},"type":"binary-expr","locations":[{"start":{"line":358,"column":11},"end":{"line":358,"column":19}},{"start":{"line":358,"column":23},"end":{"line":358,"column":38}}]},"35":{"loc":{"start":{"line":363,"column":8},"end":{"line":365,"column":null}},"type":"if","locations":[{"start":{"line":363,"column":8},"end":{"line":365,"column":null}},{"start":{"line":363,"column":8},"end":{"line":365,"column":null}}]},"36":{"loc":{"start":{"line":367,"column":8},"end":{"line":369,"column":null}},"type":"if","locations":[{"start":{"line":367,"column":8},"end":{"line":369,"column":null}},{"start":{"line":367,"column":8},"end":{"line":369,"column":null}}]},"37":{"loc":{"start":{"line":367,"column":14},"end":{"line":367,"column":23}},"type":"binary-expr","locations":[{"start":{"line":367,"column":14},"end":{"line":367,"column":23}},{"start":{"line":367,"column":27},"end":{"line":367,"column":38}}]},"38":{"loc":{"start":{"line":392,"column":4},"end":{"line":394,"column":null}},"type":"if","locations":[{"start":{"line":392,"column":4},"end":{"line":394,"column":null}},{"start":{"line":392,"column":4},"end":{"line":394,"column":null}}]},"39":{"loc":{"start":{"line":406,"column":12},"end":{"line":408,"column":null}},"type":"if","locations":[{"start":{"line":406,"column":12},"end":{"line":408,"column":null}},{"start":{"line":406,"column":12},"end":{"line":408,"column":null}}]},"40":{"loc":{"start":{"line":411,"column":35},"end":{"line":411,"column":50}},"type":"cond-expr","locations":[{"start":{"line":411,"column":35},"end":{"line":411,"column":50}},{"start":{"line":411,"column":53},"end":{"line":411,"column":57}}]},"41":{"loc":{"start":{"line":415,"column":8},"end":{"line":417,"column":null}},"type":"if","locations":[{"start":{"line":415,"column":8},"end":{"line":417,"column":null}},{"start":{"line":415,"column":8},"end":{"line":417,"column":null}}]},"42":{"loc":{"start":{"line":434,"column":8},"end":{"line":436,"column":null}},"type":"if","locations":[{"start":{"line":434,"column":8},"end":{"line":436,"column":null}},{"start":{"line":434,"column":8},"end":{"line":436,"column":null}}]},"43":{"loc":{"start":{"line":452,"column":69},"end":{"line":452,"column":82}},"type":"default-arg","locations":[{"start":{"line":452,"column":69},"end":{"line":452,"column":82}}]},"44":{"loc":{"start":{"line":462,"column":39},"end":{"line":462,"column":48}},"type":"cond-expr","locations":[{"start":{"line":462,"column":39},"end":{"line":462,"column":48}},{"start":{"line":462,"column":51},"end":{"line":462,"column":54}}]},"45":{"loc":{"start":{"line":476,"column":46},"end":{"line":476,"column":47}},"type":"default-arg","locations":[{"start":{"line":476,"column":46},"end":{"line":476,"column":47}}]},"46":{"loc":{"start":{"line":477,"column":8},"end":{"line":477,"column":66}},"type":"if","locations":[{"start":{"line":477,"column":8},"end":{"line":477,"column":66}},{"start":{"line":477,"column":8},"end":{"line":477,"column":66}}]},"47":{"loc":{"start":{"line":477,"column":12},"end":{"line":477,"column":36}},"type":"binary-expr","locations":[{"start":{"line":477,"column":12},"end":{"line":477,"column":36}},{"start":{"line":477,"column":40},"end":{"line":477,"column":53}}]},"48":{"loc":{"start":{"line":480,"column":12},"end":{"line":480,"column":49}},"type":"if","locations":[{"start":{"line":480,"column":12},"end":{"line":480,"column":49}},{"start":{"line":480,"column":12},"end":{"line":480,"column":49}}]},"49":{"loc":{"start":{"line":490,"column":66},"end":{"line":490,"column":67}},"type":"default-arg","locations":[{"start":{"line":490,"column":66},"end":{"line":490,"column":67}}]},"50":{"loc":{"start":{"line":492,"column":4},"end":{"line":492,"column":83}},"type":"if","locations":[{"start":{"line":492,"column":4},"end":{"line":492,"column":83}},{"start":{"line":492,"column":4},"end":{"line":492,"column":83}}]},"51":{"loc":{"start":{"line":492,"column":8},"end":{"line":492,"column":32}},"type":"binary-expr","locations":[{"start":{"line":492,"column":8},"end":{"line":492,"column":32}},{"start":{"line":492,"column":36},"end":{"line":492,"column":49}},{"start":{"line":492,"column":53},"end":{"line":492,"column":67}}]},"52":{"loc":{"start":{"line":494,"column":46},"end":{"line":494,"column":47}},"type":"default-arg","locations":[{"start":{"line":494,"column":46},"end":{"line":494,"column":47}}]},"53":{"loc":{"start":{"line":495,"column":8},"end":{"line":498,"column":null}},"type":"if","locations":[{"start":{"line":495,"column":8},"end":{"line":498,"column":null}},{"start":{"line":495,"column":8},"end":{"line":498,"column":null}}]},"54":{"loc":{"start":{"line":500,"column":12},"end":{"line":500,"column":49}},"type":"if","locations":[{"start":{"line":500,"column":12},"end":{"line":500,"column":49}},{"start":{"line":500,"column":12},"end":{"line":500,"column":49}}]}},"s":{"0":4,"1":1,"2":1,"3":4,"4":3,"5":3,"6":4,"7":1,"8":1,"9":4,"10":3,"11":3,"12":3,"13":3,"14":33,"15":33,"16":30,"17":10,"18":31,"19":3,"20":3,"21":2,"22":1,"23":3,"24":3,"25":3,"26":4,"27":7,"28":7,"29":36,"30":35,"31":1,"32":4,"33":22,"34":16,"35":6,"36":6,"37":4,"38":60,"39":60,"40":40,"41":20,"42":20,"43":20,"44":49,"45":1,"46":48,"47":20,"48":4,"49":4,"50":38,"51":38,"52":38,"53":38,"54":38,"55":1,"56":7,"57":38,"58":38,"59":5,"60":38,"61":304,"62":41,"63":41,"64":41,"65":41,"66":38,"67":4,"68":4,"69":12,"70":12,"71":1,"72":11,"73":11,"74":4,"75":4,"76":4,"77":4,"78":4,"79":1,"80":1,"81":1,"82":1,"83":1,"84":1,"85":1,"86":1,"87":488,"88":488,"89":330,"90":158,"91":4,"92":21,"93":1,"94":20,"95":13,"96":13,"97":20,"98":18,"99":18,"100":2,"101":2,"102":4,"103":2,"104":4,"105":12,"106":12,"107":12,"108":11,"109":1,"110":1,"111":10,"112":1,"113":4,"114":18,"115":1,"116":17,"117":77,"118":17,"119":8,"120":8,"121":25,"122":17,"123":4,"124":3,"125":4,"126":2,"127":4,"128":4,"129":21,"130":14,"131":7,"132":7,"133":10,"134":7,"135":7,"136":4,"137":5,"138":2,"139":3,"140":3,"141":3,"142":4,"143":2,"144":2,"145":22,"146":22,"147":22,"148":11,"149":11,"150":11,"151":22,"152":2,"153":2,"154":4,"155":4,"156":4,"157":4,"158":4,"159":4,"160":16,"161":16,"162":16,"163":16,"164":7,"165":9,"166":39,"167":39,"168":39,"169":36,"170":39,"171":38,"172":39,"173":39,"174":9,"175":4,"176":4,"177":4,"178":18,"179":1,"180":17,"181":17,"182":33,"183":33,"184":33,"185":33,"186":117,"187":117,"188":117,"189":64,"190":117,"191":117,"192":33,"193":3,"194":33,"195":17,"196":33,"197":4,"198":4,"199":1,"200":1,"201":1,"202":3,"203":2,"204":3,"205":1,"206":1,"207":4,"208":1,"209":4,"210":3,"211":3,"212":3,"213":3,"214":3,"215":15,"216":3,"217":4,"218":26,"219":1,"220":25,"221":25,"222":19,"223":0,"224":19,"225":25,"226":7,"227":4,"228":12,"229":12,"230":1,"231":73,"232":30,"233":30,"234":43,"235":62,"236":0,"237":62,"238":11,"239":11,"240":4},"f":{"0":1,"1":4,"2":1,"3":3,"4":3,"5":33,"6":10,"7":31,"8":3,"9":7,"10":22,"11":60,"12":38,"13":38,"14":38,"15":7,"16":12,"17":4,"18":1,"19":1,"20":1,"21":1,"22":488,"23":21,"24":4,"25":12,"26":10,"27":18,"28":77,"29":3,"30":2,"31":4,"32":21,"33":5,"34":2,"35":22,"36":16,"37":18,"38":33,"39":33,"40":1,"41":1,"42":3,"43":3,"44":7,"45":26,"46":12,"47":73},"b":{"0":[3,1],"1":[2],"2":[3,3],"3":[30,3],"4":[10,20],"5":[2,1],"6":[35,1],"7":[16,6],"8":[40,20],"9":[1,48],"10":[1,37],"11":[38,38],"12":[1,6],"13":[5,33],"14":[41,263],"15":[22,19],"16":[1,11],"17":[10,1],"18":[330,158],"19":[1,20],"20":[13,7],"21":[18,2],"22":[11,1],"23":[1,17],"24":[8,9],"25":[1,24],"26":[2,2],"27":[14,7],"28":[2,3],"29":[11,11],"30":[11,10],"31":[2,20],"32":[7,9],"33":[16,16],"34":[48,39],"35":[36,3],"36":[38,1],"37":[39,7],"38":[1,17],"39":[64,53],"40":[41,76],"41":[3,30],"42":[2,1],"43":[1],"44":[1,2],"45":[7],"46":[1,25],"47":[26,26],"48":[0,19],"49":[4],"50":[1,11],"51":[12,12,12],"52":[11],"53":[30,43],"54":[0,62]}}
,"E:\\project\\utilTs\\src\\is.ts": {"path":"E:\\project\\utilTs\\src\\is.ts","statementMap":{"0":{"start":{"line":1,"column":0},"end":{"line":1,"column":32}},"1":{"start":{"line":4,"column":4},"end":{"line":4,"column":39}},"2":{"start":{"line":3,"column":0},"end":{"line":3,"column":16}},"3":{"start":{"line":8,"column":4},"end":{"line":8,"column":38}},"4":{"start":{"line":7,"column":0},"end":{"line":7,"column":16}},"5":{"start":{"line":14,"column":17},"end":{"line":14,"column":31}},"6":{"start":{"line":15,"column":4},"end":{"line":15,"column":94}},"7":{"start":{"line":15,"column":81},"end":{"line":15,"column":94}},"8":{"start":{"line":18,"column":19},"end":{"line":18,"column":66}},"9":{"start":{"line":20,"column":4},"end":{"line":22,"column":null}},"10":{"start":{"line":21,"column":8},"end":{"line":21,"column":21}},"11":{"start":{"line":26,"column":4},"end":{"line":26,"column":104}},"12":{"start":{"line":12,"column":0},"end":{"line":12,"column":16}},"13":{"start":{"line":30,"column":4},"end":{"line":30,"column":39}},"14":{"start":{"line":29,"column":0},"end":{"line":29,"column":16}},"15":{"start":{"line":34,"column":4},"end":{"line":34,"column":39}},"16":{"start":{"line":33,"column":0},"end":{"line":33,"column":16}},"17":{"start":{"line":38,"column":4},"end":{"line":38,"column":41}},"18":{"start":{"line":37,"column":0},"end":{"line":37,"column":16}},"19":{"start":{"line":42,"column":4},"end":{"line":42,"column":40}},"20":{"start":{"line":41,"column":0},"end":{"line":41,"column":16}},"21":{"start":{"line":46,"column":4},"end":{"line":46,"column":29}},"22":{"start":{"line":45,"column":0},"end":{"line":45,"column":16}},"23":{"start":{"line":57,"column":4},"end":{"line":57,"column":57}},"24":{"start":{"line":57,"column":25},"end":{"line":57,"column":57}},"25":{"start":{"line":58,"column":4},"end":{"line":58,"column":46}},"26":{"start":{"line":56,"column":0},"end":{"line":56,"column":16}},"27":{"start":{"line":63,"column":17},"end":{"line":63,"column":30}},"28":{"start":{"line":64,"column":4},"end":{"line":66,"column":54}},"29":{"start":{"line":62,"column":0},"end":{"line":62,"column":16}},"30":{"start":{"line":72,"column":4},"end":{"line":72,"column":49}},"31":{"start":{"line":70,"column":0},"end":{"line":70,"column":16}},"32":{"start":{"line":77,"column":4},"end":{"line":77,"column":40}},"33":{"start":{"line":77,"column":27},"end":{"line":77,"column":40}},"34":{"start":{"line":78,"column":4},"end":{"line":80,"column":null}},"35":{"start":{"line":79,"column":8},"end":{"line":79,"column":31}},"36":{"start":{"line":81,"column":4},"end":{"line":81,"column":16}},"37":{"start":{"line":76,"column":0},"end":{"line":76,"column":16}},"38":{"start":{"line":87,"column":4},"end":{"line":87,"column":65}},"39":{"start":{"line":87,"column":53},"end":{"line":87,"column":65}},"40":{"start":{"line":89,"column":4},"end":{"line":96,"column":null}},"41":{"start":{"line":91,"column":12},"end":{"line":91,"column":34}},"42":{"start":{"line":95,"column":12},"end":{"line":95,"column":41}},"43":{"start":{"line":97,"column":4},"end":{"line":97,"column":17}},"44":{"start":{"line":85,"column":0},"end":{"line":85,"column":16}},"45":{"start":{"line":102,"column":4},"end":{"line":102,"column":29}},"46":{"start":{"line":102,"column":17},"end":{"line":102,"column":29}},"47":{"start":{"line":103,"column":18},"end":{"line":103,"column":27}},"48":{"start":{"line":104,"column":18},"end":{"line":104,"column":27}},"49":{"start":{"line":105,"column":4},"end":{"line":105,"column":38}},"50":{"start":{"line":105,"column":25},"end":{"line":105,"column":38}},"51":{"start":{"line":107,"column":4},"end":{"line":119,"column":null}},"52":{"start":{"line":111,"column":12},"end":{"line":111,"column":25}},"53":{"start":{"line":113,"column":12},"end":{"line":113,"column":28}},"54":{"start":{"line":118,"column":12},"end":{"line":118,"column":39}},"55":{"start":{"line":101,"column":0},"end":{"line":101,"column":16}},"56":{"start":{"line":123,"column":4},"end":{"line":123,"column":35}},"57":{"start":{"line":123,"column":23},"end":{"line":123,"column":35}},"58":{"start":{"line":124,"column":4},"end":{"line":130,"column":null}},"59":{"start":{"line":125,"column":23},"end":{"line":125,"column":32}},"60":{"start":{"line":126,"column":23},"end":{"line":126,"column":32}},"61":{"start":{"line":127,"column":8},"end":{"line":129,"column":null}},"62":{"start":{"line":128,"column":12},"end":{"line":128,"column":25}},"63":{"start":{"line":131,"column":4},"end":{"line":131,"column":16}},"64":{"start":{"line":122,"column":0},"end":{"line":122,"column":16}}},"fnMap":{"0":{"name":"isObject","decl":{"start":{"line":3,"column":16},"end":{"line":3,"column":24}},"loc":{"start":{"line":3,"column":36},"end":{"line":5,"column":1}}},"1":{"name":"isArray","decl":{"start":{"line":7,"column":16},"end":{"line":7,"column":23}},"loc":{"start":{"line":7,"column":35},"end":{"line":9,"column":1}}},"2":{"name":"isArrayLike","decl":{"start":{"line":12,"column":16},"end":{"line":12,"column":27}},"loc":{"start":{"line":12,"column":39},"end":{"line":27,"column":1}}},"3":{"name":"isString","decl":{"start":{"line":29,"column":16},"end":{"line":29,"column":24}},"loc":{"start":{"line":29,"column":36},"end":{"line":31,"column":1}}},"4":{"name":"isNumber","decl":{"start":{"line":33,"column":16},"end":{"line":33,"column":24}},"loc":{"start":{"line":33,"column":36},"end":{"line":35,"column":1}}},"5":{"name":"isFunction","decl":{"start":{"line":37,"column":16},"end":{"line":37,"column":26}},"loc":{"start":{"line":37,"column":38},"end":{"line":39,"column":1}}},"6":{"name":"isBoolean","decl":{"start":{"line":41,"column":16},"end":{"line":41,"column":25}},"loc":{"start":{"line":41,"column":37},"end":{"line":43,"column":1}}},"7":{"name":"isUndefined","decl":{"start":{"line":45,"column":16},"end":{"line":45,"column":27}},"loc":{"start":{"line":45,"column":39},"end":{"line":47,"column":1}}},"8":{"name":"is","decl":{"start":{"line":56,"column":16},"end":{"line":56,"column":18}},"loc":{"start":{"line":56,"column":56},"end":{"line":59,"column":1}}},"9":{"name":"isPromiseLike","decl":{"start":{"line":62,"column":16},"end":{"line":62,"column":29}},"loc":{"start":{"line":62,"column":62},"end":{"line":67,"column":1}}},"10":{"name":"isNaN","decl":{"start":{"line":70,"column":16},"end":{"line":70,"column":21}},"loc":{"start":{"line":70,"column":33},"end":{"line":73,"column":1}}},"11":{"name":"isEmptyObject","decl":{"start":{"line":76,"column":16},"end":{"line":76,"column":29}},"loc":{"start":{"line":76,"column":44},"end":{"line":82,"column":1}}},"12":{"name":"isEmpty","decl":{"start":{"line":85,"column":16},"end":{"line":85,"column":23}},"loc":{"start":{"line":85,"column":35},"end":{"line":98,"column":1}}},"13":{"name":"isEqual","decl":{"start":{"line":101,"column":16},"end":{"line":101,"column":23}},"loc":{"start":{"line":101,"column":38},"end":{"line":120,"column":1}}},"14":{"name":"objectIsEqual","decl":{"start":{"line":122,"column":16},"end":{"line":122,"column":29}},"loc":{"start":{"line":122,"column":56},"end":{"line":132,"column":1}}}},"branchMap":{"0":{"loc":{"start":{"line":15,"column":4},"end":{"line":15,"column":94}},"type":"if","locations":[{"start":{"line":15,"column":4},"end":{"line":15,"column":94}},{"start":{"line":15,"column":4},"end":{"line":15,"column":94}}]},"1":{"loc":{"start":{"line":18,"column":19},"end":{"line":18,"column":27}},"type":"binary-expr","locations":[{"start":{"line":18,"column":19},"end":{"line":18,"column":27}},{"start":{"line":18,"column":31},"end":{"line":18,"column":49}},{"start":{"line":18,"column":53},"end":{"line":18,"column":66}}]},"2":{"loc":{"start":{"line":20,"column":4},"end":{"line":22,"column":null}},"type":"if","locations":[{"start":{"line":20,"column":4},"end":{"line":22,"column":null}},{"start":{"line":20,"column":4},"end":{"line":22,"column":null}}]},"3":{"loc":{"start":{"line":20,"column":8},"end":{"line":20,"column":27}},"type":"binary-expr","locations":[{"start":{"line":20,"column":8},"end":{"line":20,"column":27}},{"start":{"line":20,"column":31},"end":{"line":20,"column":48}}]},"4":{"loc":{"start":{"line":26,"column":11},"end":{"line":26,"column":27}},"type":"binary-expr","locations":[{"start":{"line":26,"column":11},"end":{"line":26,"column":27}},{"start":{"line":26,"column":31},"end":{"line":26,"column":43}},{"start":{"line":26,"column":47},"end":{"line":26,"column":63}},{"start":{"line":26,"column":67},"end":{"line":26,"column":77}},{"start":{"line":26,"column":81},"end":{"line":26,"column":103}}]},"5":{"loc":{"start":{"line":57,"column":4},"end":{"line":57,"column":57}},"type":"if","locations":[{"start":{"line":57,"column":4},"end":{"line":57,"column":57}},{"start":{"line":57,"column":4},"end":{"line":57,"column":57}}]},"6":{"loc":{"start":{"line":64,"column":11},"end":{"line":64,"column":19}},"type":"binary-expr","locations":[{"start":{"line":64,"column":11},"end":{"line":64,"column":19}},{"start":{"line":65,"column":12},"end":{"line":65,"column":29}},{"start":{"line":65,"column":33},"end":{"line":65,"column":52}},{"start":{"line":66,"column":11},"end":{"line":66,"column":53}}]},"7":{"loc":{"start":{"line":72,"column":11},"end":{"line":72,"column":27}},"type":"binary-expr","locations":[{"start":{"line":72,"column":11},"end":{"line":72,"column":27}},{"start":{"line":72,"column":31},"end":{"line":72,"column":48}}]},"8":{"loc":{"start":{"line":77,"column":4},"end":{"line":77,"column":40}},"type":"if","locations":[{"start":{"line":77,"column":4},"end":{"line":77,"column":40}},{"start":{"line":77,"column":4},"end":{"line":77,"column":40}}]},"9":{"loc":{"start":{"line":87,"column":4},"end":{"line":87,"column":65}},"type":"if","locations":[{"start":{"line":87,"column":4},"end":{"line":87,"column":65}},{"start":{"line":87,"column":4},"end":{"line":87,"column":65}}]},"10":{"loc":{"start":{"line":90,"column":8},"end":{"line":91,"column":34}},"type":"switch","locations":[{"start":{"line":90,"column":8},"end":{"line":91,"column":34}},{"start":{"line":92,"column":8},"end":{"line":95,"column":41}}]},"11":{"loc":{"start":{"line":102,"column":4},"end":{"line":102,"column":29}},"type":"if","locations":[{"start":{"line":102,"column":4},"end":{"line":102,"column":29}},{"start":{"line":102,"column":4},"end":{"line":102,"column":29}}]},"12":{"loc":{"start":{"line":105,"column":4},"end":{"line":105,"column":38}},"type":"if","locations":[{"start":{"line":105,"column":4},"end":{"line":105,"column":38}},{"start":{"line":105,"column":4},"end":{"line":105,"column":38}}]},"13":{"loc":{"start":{"line":108,"column":8},"end":{"line":108,"column":23}},"type":"switch","locations":[{"start":{"line":108,"column":8},"end":{"line":108,"column":23}},{"start":{"line":109,"column":8},"end":{"line":109,"column":22}},{"start":{"line":110,"column":8},"end":{"line":111,"column":25}},{"start":{"line":112,"column":8},"end":{"line":113,"column":28}},{"start":{"line":115,"column":8},"end":{"line":115,"column":21}},{"start":{"line":116,"column":8},"end":{"line":116,"column":22}},{"start":{"line":117,"column":8},"end":{"line":118,"column":39}}]},"14":{"loc":{"start":{"line":123,"column":4},"end":{"line":123,"column":35}},"type":"if","locations":[{"start":{"line":123,"column":4},"end":{"line":123,"column":35}},{"start":{"line":123,"column":4},"end":{"line":123,"column":35}}]},"15":{"loc":{"start":{"line":127,"column":8},"end":{"line":129,"column":null}},"type":"if","locations":[{"start":{"line":127,"column":8},"end":{"line":129,"column":null}},{"start":{"line":127,"column":8},"end":{"line":129,"column":null}}]}},"s":{"0":4,"1":22,"2":4,"3":222,"4":4,"5":11,"6":11,"7":5,"8":6,"9":6,"10":1,"11":5,"12":4,"13":2,"14":4,"15":68,"16":4,"17":2,"18":4,"19":7,"20":4,"21":7,"22":4,"23":4,"24":2,"25":2,"26":4,"27":19,"28":19,"29":4,"30":54,"31":4,"32":14,"33":2,"34":12,"35":10,"36":2,"37":4,"38":13,"39":2,"40":11,"41":4,"42":5,"43":2,"44":4,"45":28,"46":10,"47":18,"48":18,"49":18,"50":9,"51":9,"52":2,"53":4,"54":3,"55":4,"56":6,"57":1,"58":5,"59":6,"60":6,"61":6,"62":2,"63":3,"64":4},"f":{"0":22,"1":222,"2":11,"3":2,"4":68,"5":2,"6":7,"7":7,"8":4,"9":19,"10":54,"11":14,"12":13,"13":28,"14":6},"b":{"0":[5,6],"1":[6,6,5],"2":[1,5],"3":[6,5],"4":[5,3,3,2,2],"5":[2,2],"6":[19,13,6,9],"7":[54,23],"8":[2,12],"9":[2,11],"10":[4,5],"11":[10,18],"12":[9,9],"13":[1,1,2,4,1,3,3],"14":[1,5],"15":[2,4]}}
,"E:\\project\\utilTs\\src\\urlParse.ts": {"path":"E:\\project\\utilTs\\src\\urlParse.ts","statementMap":{"0":{"start":{"line":1,"column":0},"end":{"line":1,"column":29}},"1":{"start":{"line":19,"column":8},"end":{"line":19,"column":25}},"2":{"start":{"line":19,"column":18},"end":{"line":19,"column":25}},"3":{"start":{"line":20,"column":8},"end":{"line":20,"column":24}},"4":{"start":{"line":21,"column":8},"end":{"line":21,"column":24}},"5":{"start":{"line":25,"column":8},"end":{"line":25,"column":44}},"6":{"start":{"line":26,"column":8},"end":{"line":26,"column":40}},"7":{"start":{"line":27,"column":8},"end":{"line":27,"column":40}},"8":{"start":{"line":28,"column":8},"end":{"line":28,"column":40}},"9":{"start":{"line":29,"column":8},"end":{"line":29,"column":40}},"10":{"start":{"line":30,"column":8},"end":{"line":30,"column":42}},"11":{"start":{"line":34,"column":20},"end":{"line":34,"column":36}},"12":{"start":{"line":35,"column":21},"end":{"line":35,"column":23}},"13":{"start":{"line":36,"column":8},"end":{"line":38,"column":null}},"14":{"start":{"line":37,"column":12},"end":{"line":37,"column":31}},"15":{"start":{"line":39,"column":8},"end":{"line":39,"column":22}},"16":{"start":{"line":43,"column":8},"end":{"line":43,"column":32}},"17":{"start":{"line":44,"column":19},"end":{"line":44,"column":21}},"18":{"start":{"line":45,"column":8},"end":{"line":47,"column":null}},"19":{"start":{"line":46,"column":12},"end":{"line":46,"column":24}},"20":{"start":{"line":49,"column":8},"end":{"line":51,"column":null}},"21":{"start":{"line":50,"column":12},"end":{"line":50,"column":29}},"22":{"start":{"line":52,"column":8},"end":{"line":52,"column":20}},"23":{"start":{"line":56,"column":8},"end":{"line":56,"column":32}},"24":{"start":{"line":57,"column":8},"end":{"line":59,"column":null}},"25":{"start":{"line":58,"column":12},"end":{"line":58,"column":29}},"26":{"start":{"line":60,"column":8},"end":{"line":60,"column":18}},"27":{"start":{"line":65,"column":8},"end":{"line":65,"column":36}},"28":{"start":{"line":66,"column":8},"end":{"line":68,"column":null}},"29":{"start":{"line":67,"column":12},"end":{"line":67,"column":34}},"30":{"start":{"line":70,"column":8},"end":{"line":70,"column":72}},"31":{"start":{"line":74,"column":19},"end":{"line":74,"column":21}},"32":{"start":{"line":75,"column":8},"end":{"line":75,"column":54}},"33":{"start":{"line":75,"column":37},"end":{"line":75,"column":54}},"34":{"start":{"line":76,"column":8},"end":{"line":76,"column":20}},"35":{"start":{"line":80,"column":25},"end":{"line":80,"column":27}},"36":{"start":{"line":82,"column":8},"end":{"line":82,"column":32}},"37":{"start":{"line":84,"column":8},"end":{"line":84,"column":32}},"38":{"start":{"line":85,"column":8},"end":{"line":85,"column":28}},"39":{"start":{"line":86,"column":21},"end":{"line":86,"column":35}},"40":{"start":{"line":88,"column":8},"end":{"line":106,"column":null}},"41":{"start":{"line":89,"column":22},"end":{"line":89,"column":31}},"42":{"start":{"line":90,"column":31},"end":{"line":90,"column":43}},"43":{"start":{"line":91,"column":12},"end":{"line":91,"column":42}},"44":{"start":{"line":93,"column":12},"end":{"line":93,"column":46}},"45":{"start":{"line":94,"column":12},"end":{"line":94,"column":46}},"46":{"start":{"line":96,"column":31},"end":{"line":96,"column":41}},"47":{"start":{"line":97,"column":12},"end":{"line":105,"column":null}},"48":{"start":{"line":98,"column":16},"end":{"line":98,"column":35}},"49":{"start":{"line":100,"column":16},"end":{"line":104,"column":null}},"50":{"start":{"line":101,"column":20},"end":{"line":101,"column":43}},"51":{"start":{"line":103,"column":20},"end":{"line":103,"column":53}},"52":{"start":{"line":108,"column":8},"end":{"line":108,"column":21}},"53":{"start":{"line":8,"column":0},"end":{"line":8,"column":13}}},"fnMap":{"0":{"name":"(anonymous_0)","decl":{"start":{"line":18,"column":4},"end":{"line":18,"column":16}},"loc":{"start":{"line":18,"column":28},"end":{"line":22,"column":5}}},"1":{"name":"(anonymous_1)","decl":{"start":{"line":24,"column":12},"end":{"line":24,"column":17}},"loc":{"start":{"line":24,"column":29},"end":{"line":31,"column":5}}},"2":{"name":"(anonymous_2)","decl":{"start":{"line":33,"column":11},"end":{"line":33,"column":22}},"loc":{"start":{"line":33,"column":34},"end":{"line":40,"column":5}}},"3":{"name":"(anonymous_3)","decl":{"start":{"line":42,"column":11},"end":{"line":42,"column":20}},"loc":{"start":{"line":42,"column":32},"end":{"line":53,"column":5}}},"4":{"name":"(anonymous_4)","decl":{"start":{"line":55,"column":11},"end":{"line":55,"column":20}},"loc":{"start":{"line":55,"column":32},"end":{"line":61,"column":5}}},"5":{"name":"(anonymous_5)","decl":{"start":{"line":63,"column":11},"end":{"line":63,"column":20}},"loc":{"start":{"line":63,"column":32},"end":{"line":71,"column":5}}},"6":{"name":"(anonymous_6)","decl":{"start":{"line":73,"column":11},"end":{"line":73,"column":20}},"loc":{"start":{"line":73,"column":32},"end":{"line":77,"column":5}}},"7":{"name":"(anonymous_7)","decl":{"start":{"line":79,"column":11},"end":{"line":79,"column":21}},"loc":{"start":{"line":79,"column":33},"end":{"line":109,"column":5}}}},"branchMap":{"0":{"loc":{"start":{"line":19,"column":8},"end":{"line":19,"column":25}},"type":"if","locations":[{"start":{"line":19,"column":8},"end":{"line":19,"column":25}},{"start":{"line":19,"column":8},"end":{"line":19,"column":25}}]},"1":{"loc":{"start":{"line":36,"column":8},"end":{"line":38,"column":null}},"type":"if","locations":[{"start":{"line":36,"column":8},"end":{"line":38,"column":null}},{"start":{"line":36,"column":8},"end":{"line":38,"column":null}}]},"2":{"loc":{"start":{"line":45,"column":8},"end":{"line":47,"column":null}},"type":"if","locations":[{"start":{"line":45,"column":8},"end":{"line":47,"column":null}},{"start":{"line":45,"column":8},"end":{"line":47,"column":null}}]},"3":{"loc":{"start":{"line":49,"column":8},"end":{"line":51,"column":null}},"type":"if","locations":[{"start":{"line":49,"column":8},"end":{"line":51,"column":null}},{"start":{"line":49,"column":8},"end":{"line":51,"column":null}}]},"4":{"loc":{"start":{"line":57,"column":8},"end":{"line":59,"column":null}},"type":"if","locations":[{"start":{"line":57,"column":8},"end":{"line":59,"column":null}},{"start":{"line":57,"column":8},"end":{"line":59,"column":null}}]},"5":{"loc":{"start":{"line":66,"column":8},"end":{"line":68,"column":null}},"type":"if","locations":[{"start":{"line":66,"column":8},"end":{"line":68,"column":null}},{"start":{"line":66,"column":8},"end":{"line":68,"column":null}}]},"6":{"loc":{"start":{"line":75,"column":8},"end":{"line":75,"column":54}},"type":"if","locations":[{"start":{"line":75,"column":8},"end":{"line":75,"column":54}},{"start":{"line":75,"column":8},"end":{"line":75,"column":54}}]},"7":{"loc":{"start":{"line":97,"column":12},"end":{"line":105,"column":null}},"type":"if","locations":[{"start":{"line":97,"column":12},"end":{"line":105,"column":null}},{"start":{"line":97,"column":12},"end":{"line":105,"column":null}}]},"8":{"loc":{"start":{"line":100,"column":16},"end":{"line":104,"column":null}},"type":"if","locations":[{"start":{"line":100,"column":16},"end":{"line":104,"column":null}},{"start":{"line":100,"column":16},"end":{"line":104,"column":null}}]}},"s":{"0":1,"1":2,"2":1,"3":1,"4":1,"5":1,"6":1,"7":1,"8":1,"9":1,"10":1,"11":2,"12":2,"13":2,"14":1,"15":2,"16":4,"17":4,"18":4,"19":2,"20":2,"21":1,"22":2,"23":2,"24":2,"25":1,"26":1,"27":2,"28":2,"29":1,"30":1,"31":3,"32":3,"33":2,"34":3,"35":1,"36":1,"37":1,"38":1,"39":1,"40":1,"41":10,"42":10,"43":10,"44":10,"45":10,"46":10,"47":10,"48":6,"49":4,"50":1,"51":3,"52":1,"53":1},"f":{"0":2,"1":1,"2":2,"3":4,"4":2,"5":2,"6":3,"7":1},"b":{"0":[1,1],"1":[1,1],"2":[2,2],"3":[1,1],"4":[1,1],"5":[1,1],"6":[2,1],"7":[6,4],"8":[1,3]}}
}
