TN:
SF:src\array.ts
FN:26,createArray
FN:45,(anonymous_1)
FN:48,(anonymous_2)
FN:59,forEach
FN:70,from
FN:73,(anonymous_5)
FN:76,(anonymous_6)
FN:83,filter
FN:102,includes
FN:120,keys
FN:133,find
FNF:11
FNH:11
FNDA:11,createArray
FNDA:14,(anonymous_1)
FNDA:3,(anonymous_2)
FNDA:9,forEach
FNDA:3,from
FNDA:5,(anonymous_5)
FNDA:8,(anonymous_6)
FNDA:3,filter
FNDA:11,includes
FNDA:4,keys
FNDA:4,find
DA:4,3
DA:26,3
DA:27,11
DA:28,11
DA:29,5
DA:31,6
DA:32,3
DA:34,6
DA:35,3
DA:39,11
DA:41,2
DA:42,2
DA:45,14
DA:46,8
DA:48,3
DA:50,11
DA:51,11
DA:52,26
DA:54,11
DA:59,3
DA:60,9
DA:62,9
DA:64,9
DA:65,24
DA:70,3
DA:71,3
DA:73,3
DA:74,5
DA:76,3
DA:77,8
DA:79,3
DA:83,3
DA:84,3
DA:86,3
DA:87,3
DA:88,3
DA:89,24
DA:90,24
DA:91,6
DA:94,3
DA:102,3
DA:103,11
DA:105,11
DA:106,11
DA:107,35
DA:108,35
DA:109,3
DA:111,32
DA:113,29
DA:115,3
DA:120,3
DA:121,4
DA:124,3
DA:125,3
DA:126,8
DA:128,3
DA:133,3
DA:137,4
DA:140,4
DA:141,4
DA:142,7
DA:143,7
LF:62
LH:62
BRDA:26,0,0,3
BRDA:28,1,0,5
BRDA:28,1,1,6
BRDA:28,2,0,11
BRDA:28,2,1,8
BRDA:31,3,0,3
BRDA:31,3,1,3
BRDA:34,4,0,3
BRDA:34,4,1,3
BRDA:40,5,0,2
BRDA:40,5,1,8
BRDA:40,5,2,8
BRDA:40,5,3,1
BRDA:60,6,0,9
BRDA:60,6,1,1
BRDA:65,7,0,1
BRDA:65,7,1,23
BRDA:73,8,0,3
BRDA:73,8,1,2
BRDA:84,9,0,3
BRDA:84,9,1,1
BRDA:90,10,0,6
BRDA:90,10,1,18
BRDA:102,11,0,11
BRDA:103,12,0,11
BRDA:103,12,1,1
BRDA:108,13,0,3
BRDA:108,13,1,32
BRDA:109,14,0,2
BRDA:109,14,1,1
BRDA:111,15,0,4
BRDA:111,15,1,28
BRDA:113,16,0,2
BRDA:113,16,1,27
BRDA:113,17,0,29
BRDA:113,17,1,5
BRDA:121,18,0,1
BRDA:121,18,1,3
BRDA:137,19,0,4
BRDA:137,19,1,1
BRDA:143,20,0,1
BRDA:143,20,1,6
BRF:42
BRH:42
end_of_record
TN:
SF:src\common.ts
FN:9,debounce
FN:11,(anonymous_1)
FN:16,(anonymous_2)
FN:29,polling
FN:30,(anonymous_4)
FN:36,handle
FN:39,(anonymous_6)
FN:45,timeout
FN:55,(anonymous_8)
FN:62,forEachByLen
FN:70,deepCopy
FN:95,(anonymous_11)
FN:102,(anonymous_12)
FN:107,(anonymous_13)
FN:113,(anonymous_14)
FN:138,getNumberLenAfterDot
FN:145,getPow
FN:154,(anonymous_17)
FN:159,(anonymous_18)
FN:164,(anonymous_19)
FN:169,(anonymous_20)
FN:176,typeOf
FN:182,isObject
FN:186,isArray
FN:191,isArrayLike
FN:208,isString
FN:212,isNumber
FN:216,isFunction
FN:220,isBoolean
FN:224,isUndefined
FN:229,isNaN
FN:235,isEmptyObject
FN:244,isEmpty
FN:267,randomNumber
FN:283,(anonymous_34)
FN:293,randomColor
FN:300,(anonymous_36)
FN:310,getDateFromStr
FN:313,(anonymous_38)
FN:322,objectIsEqual
FN:334,isEqual
FN:359,thousandFormat
FN:365,getFormatStr
FN:373,(anonymous_43)
FN:384,strPadStart
FN:400,strPadEnd
FN:413,oneByOne
FN:416,(anonymous_47)
FN:441,number2Chinese
FN:473,chinese2Number
FN:481,(anonymous_50)
FN:504,(anonymous_51)
FN:512,generateFunctionCode
FN:529,generateFunction
FNF:54
FNH:54
FNDA:1,debounce
FNDA:4,(anonymous_1)
FNDA:1,(anonymous_2)
FNDA:3,polling
FNDA:3,(anonymous_4)
FNDA:33,handle
FNDA:10,(anonymous_6)
FNDA:31,timeout
FNDA:3,(anonymous_8)
FNDA:7,forEachByLen
FNDA:18,deepCopy
FNDA:38,(anonymous_11)
FNDA:38,(anonymous_12)
FNDA:38,(anonymous_13)
FNDA:7,(anonymous_14)
FNDA:12,getNumberLenAfterDot
FNDA:4,getPow
FNDA:1,(anonymous_17)
FNDA:1,(anonymous_18)
FNDA:1,(anonymous_19)
FNDA:1,(anonymous_20)
FNDA:213,typeOf
FNDA:22,isObject
FNDA:21,isArray
FNDA:11,isArrayLike
FNDA:2,isString
FNDA:80,isNumber
FNDA:2,isFunction
FNDA:7,isBoolean
FNDA:7,isUndefined
FNDA:66,isNaN
FNDA:14,isEmptyObject
FNDA:13,isEmpty
FNDA:21,randomNumber
FNDA:4,(anonymous_34)
FNDA:12,randomColor
FNDA:10,(anonymous_36)
FNDA:18,getDateFromStr
FNDA:77,(anonymous_38)
FNDA:6,objectIsEqual
FNDA:28,isEqual
FNDA:3,thousandFormat
FNDA:2,getFormatStr
FNDA:4,(anonymous_43)
FNDA:21,strPadStart
FNDA:5,strPadEnd
FNDA:2,oneByOne
FNDA:22,(anonymous_47)
FNDA:16,number2Chinese
FNDA:18,chinese2Number
FNDA:33,(anonymous_50)
FNDA:33,(anonymous_51)
FNDA:1,generateFunctionCode
FNDA:1,generateFunction
DA:1,3
DA:9,3
DA:10,1
DA:11,1
DA:12,4
DA:13,3
DA:14,3
DA:16,4
DA:17,1
DA:18,1
DA:29,3
DA:30,3
DA:34,3
DA:37,33
DA:38,33
DA:39,30
DA:40,10
DA:46,31
DA:49,3
DA:50,3
DA:51,2
DA:53,1
DA:55,3
DA:56,3
DA:57,3
DA:62,3
DA:63,7
DA:64,36
DA:65,1
DA:70,3
DA:71,18
DA:72,6
DA:73,6
DA:75,6
DA:77,14
DA:78,13
DA:80,6
DA:95,3
DA:96,38
DA:103,38
DA:104,38
DA:108,38
DA:110,38
DA:111,1
DA:114,7
DA:118,38
DA:121,38
DA:122,5
DA:124,38
DA:125,304
DA:126,41
DA:127,41
DA:128,41
DA:129,41
DA:132,38
DA:134,3
DA:135,3
DA:138,3
DA:139,12
DA:140,12
DA:141,11
DA:142,11
DA:146,4
DA:147,4
DA:148,4
DA:152,3
DA:155,1
DA:156,1
DA:160,1
DA:161,1
DA:165,1
DA:166,1
DA:170,1
DA:171,1
DA:176,3
DA:177,213
DA:178,213
DA:179,77
DA:182,3
DA:183,22
DA:186,3
DA:187,21
DA:191,3
DA:193,11
DA:194,11
DA:197,6
DA:199,6
DA:200,1
DA:205,5
DA:208,3
DA:209,2
DA:212,3
DA:213,80
DA:216,3
DA:217,2
DA:220,3
DA:221,7
DA:224,3
DA:225,7
DA:229,3
DA:231,66
DA:235,3
DA:236,14
DA:237,12
DA:238,10
DA:240,2
DA:244,3
DA:246,13
DA:248,11
DA:250,4
DA:254,5
DA:256,2
DA:267,3
DA:269,21
DA:271,20
DA:272,13
DA:273,13
DA:277,20
DA:278,18
DA:279,18
DA:282,2
DA:283,4
DA:284,2
DA:293,3
DA:294,12
DA:295,12
DA:296,12
DA:297,11
DA:299,1
DA:300,10
DA:301,1
DA:310,3
DA:312,18
DA:313,77
DA:314,17
DA:315,8
DA:316,25
DA:319,17
DA:322,3
DA:323,6
DA:324,5
DA:325,6
DA:326,6
DA:327,6
DA:328,2
DA:331,3
DA:334,3
DA:335,28
DA:336,18
DA:337,18
DA:338,18
DA:340,9
DA:344,2
DA:346,4
DA:351,3
DA:359,3
DA:360,3
DA:365,3
DA:373,2
DA:374,4
DA:384,3
DA:385,21
DA:386,8
DA:387,8
DA:388,10
DA:390,8
DA:391,8
DA:400,3
DA:401,5
DA:402,3
DA:403,3
DA:404,3
DA:413,3
DA:415,2
DA:416,2
DA:417,22
DA:418,22
DA:419,22
DA:420,11
DA:421,11
DA:423,11
DA:425,22
DA:427,2
DA:430,3
DA:431,3
DA:432,3
DA:433,3
DA:434,3
DA:435,3
DA:441,3
DA:442,16
DA:443,16
DA:444,16
DA:446,16
DA:447,9
DA:448,39
DA:450,39
DA:452,39
DA:453,36
DA:456,39
DA:457,38
DA:459,39
DA:460,39
DA:463,9
DA:466,3
DA:467,3
DA:473,3
DA:474,18
DA:475,1
DA:477,17
DA:480,17
DA:481,17
DA:482,33
DA:483,33
DA:485,33
DA:486,117
DA:488,117
DA:489,117
DA:490,64
DA:493,117
DA:494,117
DA:498,33
DA:499,3
DA:501,33
DA:504,17
DA:505,33
DA:508,17
DA:512,3
DA:513,1
DA:515,1
DA:516,3
DA:517,2
DA:519,3
DA:521,1
DA:524,1
DA:529,3
DA:530,1
LF:237
LH:237
BRDA:12,0,0,3
BRDA:12,0,1,1
BRDA:29,1,0,2
BRDA:30,2,0,3
BRDA:30,2,1,3
BRDA:38,3,0,30
BRDA:38,3,1,3
BRDA:39,4,0,10
BRDA:39,4,1,20
BRDA:50,5,0,2
BRDA:50,5,1,1
BRDA:64,6,0,35
BRDA:64,6,1,1
BRDA:71,7,0,12
BRDA:71,7,1,6
BRDA:73,8,0,3
BRDA:73,8,1,3
BRDA:77,9,0,1
BRDA:77,9,1,13
BRDA:110,10,0,1
BRDA:110,10,1,37
BRDA:110,11,0,38
BRDA:110,11,1,38
BRDA:114,12,0,1
BRDA:114,12,1,6
BRDA:121,13,0,5
BRDA:121,13,1,33
BRDA:125,14,0,41
BRDA:125,14,1,263
BRDA:128,15,0,22
BRDA:128,15,1,19
BRDA:140,16,0,1
BRDA:140,16,1,11
BRDA:142,17,0,10
BRDA:142,17,1,1
BRDA:178,18,0,136
BRDA:178,18,1,77
BRDA:194,19,0,5
BRDA:194,19,1,6
BRDA:197,20,0,6
BRDA:197,20,1,6
BRDA:197,20,2,5
BRDA:199,21,0,1
BRDA:199,21,1,5
BRDA:199,22,0,6
BRDA:199,22,1,5
BRDA:205,23,0,5
BRDA:205,23,1,3
BRDA:205,23,2,3
BRDA:205,23,3,2
BRDA:205,23,4,2
BRDA:231,24,0,66
BRDA:231,24,1,35
BRDA:236,25,0,2
BRDA:236,25,1,12
BRDA:246,26,0,2
BRDA:246,26,1,11
BRDA:249,27,0,4
BRDA:249,27,1,5
BRDA:269,28,0,1
BRDA:269,28,1,20
BRDA:271,29,0,13
BRDA:271,29,1,7
BRDA:277,30,0,18
BRDA:277,30,1,2
BRDA:296,31,0,11
BRDA:296,31,1,1
BRDA:312,32,0,1
BRDA:312,32,1,17
BRDA:314,33,0,8
BRDA:314,33,1,9
BRDA:316,34,0,1
BRDA:316,34,1,24
BRDA:323,35,0,1
BRDA:323,35,1,5
BRDA:327,36,0,2
BRDA:327,36,1,4
BRDA:335,37,0,10
BRDA:335,37,1,18
BRDA:338,38,0,9
BRDA:338,38,1,9
BRDA:341,39,0,1
BRDA:341,39,1,1
BRDA:341,39,2,2
BRDA:341,39,3,4
BRDA:341,39,4,1
BRDA:341,39,5,3
BRDA:341,39,6,3
BRDA:374,40,0,2
BRDA:374,40,1,2
BRDA:385,41,0,13
BRDA:385,41,1,8
BRDA:401,42,0,2
BRDA:401,42,1,3
BRDA:419,43,0,11
BRDA:419,43,1,11
BRDA:421,44,0,11
BRDA:421,44,1,10
BRDA:425,45,0,2
BRDA:425,45,1,20
BRDA:446,46,0,7
BRDA:446,46,1,9
BRDA:446,47,0,16
BRDA:446,47,1,16
BRDA:447,48,0,48
BRDA:447,48,1,39
BRDA:452,49,0,36
BRDA:452,49,1,3
BRDA:456,50,0,38
BRDA:456,50,1,1
BRDA:456,51,0,39
BRDA:456,51,1,7
BRDA:474,52,0,1
BRDA:474,52,1,17
BRDA:489,53,0,64
BRDA:489,53,1,53
BRDA:494,54,0,41
BRDA:494,54,1,76
BRDA:498,55,0,3
BRDA:498,55,1,30
BRDA:516,56,0,2
BRDA:516,56,1,1
BRF:122
BRH:122
end_of_record
TN:
SF:src\urlParse.ts
FN:18,(anonymous_0)
FN:24,(anonymous_1)
FN:33,(anonymous_2)
FN:42,(anonymous_3)
FN:55,(anonymous_4)
FN:63,(anonymous_5)
FN:73,(anonymous_6)
FN:79,(anonymous_7)
FNF:8
FNH:8
FNDA:2,(anonymous_0)
FNDA:1,(anonymous_1)
FNDA:2,(anonymous_2)
FNDA:4,(anonymous_3)
FNDA:2,(anonymous_4)
FNDA:2,(anonymous_5)
FNDA:3,(anonymous_6)
FNDA:1,(anonymous_7)
DA:1,1
DA:8,1
DA:19,2
DA:20,1
DA:21,1
DA:25,1
DA:26,1
DA:27,1
DA:28,1
DA:29,1
DA:30,1
DA:34,2
DA:35,2
DA:36,2
DA:37,1
DA:39,2
DA:43,4
DA:44,4
DA:45,4
DA:46,2
DA:49,2
DA:50,1
DA:52,2
DA:56,2
DA:57,2
DA:58,1
DA:60,1
DA:65,2
DA:66,2
DA:67,1
DA:70,1
DA:74,3
DA:75,3
DA:76,3
DA:80,1
DA:82,1
DA:84,1
DA:85,1
DA:86,1
DA:88,1
DA:89,10
DA:90,10
DA:91,10
DA:93,10
DA:94,10
DA:96,10
DA:97,10
DA:98,6
DA:100,4
DA:101,1
DA:103,3
DA:108,1
LF:52
LH:52
BRDA:19,0,0,1
BRDA:19,0,1,1
BRDA:36,1,0,1
BRDA:36,1,1,1
BRDA:45,2,0,2
BRDA:45,2,1,2
BRDA:49,3,0,1
BRDA:49,3,1,1
BRDA:57,4,0,1
BRDA:57,4,1,1
BRDA:66,5,0,1
BRDA:66,5,1,1
BRDA:75,6,0,2
BRDA:75,6,1,1
BRDA:97,7,0,6
BRDA:97,7,1,4
BRDA:100,8,0,1
BRDA:100,8,1,3
BRF:18
BRH:18
end_of_record
