TN:
SF:D:\project\utilTs\src\array.ts
FN:26,createArray
FN:45,(anonymous_1)
FN:48,(anonymous_2)
FN:59,forEach
FN:70,from
FN:72,(anonymous_5)
FN:79,filter
FN:94,includes
FN:115,keys
FN:128,find
FNF:10
FNH:10
FNDA:10,createArray
FNDA:14,(anonymous_1)
FNDA:3,(anonymous_2)
FNDA:7,forEach
FNDA:3,from
FNDA:8,(anonymous_5)
FNDA:3,filter
FNDA:11,includes
FNDA:3,keys
FNDA:4,find
DA:4,1
DA:26,1
DA:27,10
DA:28,10
DA:29,5
DA:31,5
DA:32,3
DA:34,5
DA:35,2
DA:39,10
DA:41,1
DA:42,1
DA:45,14
DA:46,8
DA:48,3
DA:50,10
DA:51,10
DA:52,19
DA:54,10
DA:59,1
DA:60,7
DA:62,7
DA:64,7
DA:65,18
DA:70,1
DA:71,3
DA:72,3
DA:73,8
DA:75,3
DA:79,1
DA:80,3
DA:82,3
DA:83,3
DA:84,3
DA:85,24
DA:86,24
DA:87,6
DA:90,3
DA:94,1
DA:95,11
DA:97,11
DA:98,11
DA:99,35
DA:100,35
DA:101,3
DA:103,32
DA:105,29
DA:106,2
DA:107,2
DA:110,3
DA:115,1
DA:116,3
DA:119,2
DA:120,2
DA:121,6
DA:123,2
DA:128,1
DA:132,4
DA:135,4
DA:136,4
DA:137,7
DA:138,7
LF:62
LH:62
BRDA:26,0,0,2
BRDA:28,1,0,5
BRDA:28,1,1,5
BRDA:28,2,0,10
BRDA:28,2,1,8
BRDA:31,3,0,3
BRDA:31,3,1,2
BRDA:34,4,0,2
BRDA:34,4,1,3
BRDA:40,5,0,1
BRDA:40,5,1,8
BRDA:40,5,2,8
BRDA:40,5,3,1
BRDA:60,6,0,7
BRDA:60,6,1,1
BRDA:65,7,0,1
BRDA:65,7,1,17
BRDA:73,8,0,3
BRDA:73,8,1,5
BRDA:80,9,0,3
BRDA:80,9,1,1
BRDA:86,10,0,6
BRDA:86,10,1,18
BRDA:94,11,0,11
BRDA:95,12,0,11
BRDA:95,12,1,1
BRDA:100,13,0,3
BRDA:100,13,1,32
BRDA:101,14,0,2
BRDA:101,14,1,1
BRDA:103,15,0,4
BRDA:103,15,1,28
BRDA:105,16,0,2
BRDA:105,16,1,27
BRDA:105,17,0,29
BRDA:105,17,1,5
BRDA:116,18,0,1
BRDA:116,18,1,2
BRDA:132,19,0,4
BRDA:132,19,1,1
BRDA:138,20,0,1
BRDA:138,20,1,6
BRF:42
BRH:42
end_of_record
TN:
SF:D:\project\utilTs\src\common.ts
FN:9,debounce
FN:11,(anonymous_1)
FN:16,(anonymous_2)
FN:29,polling
FN:30,(anonymous_4)
FN:35,handle
FN:38,(anonymous_6)
FN:44,timeout
FN:54,(anonymous_8)
FN:61,forEachByLen
FN:69,deepCopy
FN:88,formatDate
FN:113,getNumberLenAfterDot
FN:120,getPow
FN:129,(anonymous_14)
FN:134,(anonymous_15)
FN:139,(anonymous_16)
FN:144,(anonymous_17)
FN:151,typeOf
FN:156,isObject
FN:160,isArray
FN:165,isArrayLike
FN:182,isString
FN:186,isNumber
FN:190,isFunction
FN:194,isBoolean
FN:198,isUndefined
FN:202,isNaN
FN:208,isEmpty
FN:224,randomNumber
FN:236,(anonymous_30)
FN:244,randomColor
FN:251,(anonymous_32)
FN:261,getDateFromStr
FN:262,(anonymous_34)
FN:267,objectIsEqual
FN:279,isEqual
FN:304,thousandFormat
FN:310,getFormatStr
FN:318,(anonymous_39)
FN:329,strFillPrefix
FN:343,oneByOne
FN:346,(anonymous_42)
FN:368,getChineseNumber
FN:394,generateFunctionCode
FN:411,generateFunction
FNF:46
FNH:46
FNDA:1,debounce
FNDA:4,(anonymous_1)
FNDA:1,(anonymous_2)
FNDA:3,polling
FNDA:3,(anonymous_4)
FNDA:33,handle
FNDA:10,(anonymous_6)
FNDA:31,timeout
FNDA:3,(anonymous_8)
FNDA:6,forEachByLen
FNDA:4,deepCopy
FNDA:4,formatDate
FNDA:12,getNumberLenAfterDot
FNDA:4,getPow
FNDA:1,(anonymous_14)
FNDA:1,(anonymous_15)
FNDA:1,(anonymous_16)
FNDA:1,(anonymous_17)
FNDA:187,typeOf
FNDA:7,isObject
FNDA:15,isArray
FNDA:11,isArrayLike
FNDA:2,isString
FNDA:80,isNumber
FNDA:2,isFunction
FNDA:7,isBoolean
FNDA:7,isUndefined
FNDA:66,isNaN
FNDA:10,isEmpty
FNDA:19,randomNumber
FNDA:3,(anonymous_30)
FNDA:12,randomColor
FNDA:10,(anonymous_32)
FNDA:5,getDateFromStr
FNDA:25,(anonymous_34)
FNDA:6,objectIsEqual
FNDA:28,isEqual
FNDA:3,thousandFormat
FNDA:2,getFormatStr
FNDA:4,(anonymous_39)
FNDA:16,strFillPrefix
FNDA:2,oneByOne
FNDA:22,(anonymous_42)
FNDA:8,getChineseNumber
FNDA:1,generateFunctionCode
FNDA:1,generateFunction
DA:9,3
DA:10,1
DA:11,1
DA:12,4
DA:13,3
DA:14,3
DA:16,4
DA:17,1
DA:18,1
DA:29,3
DA:30,3
DA:33,3
DA:36,33
DA:37,33
DA:38,30
DA:39,10
DA:45,31
DA:48,3
DA:49,3
DA:50,2
DA:52,1
DA:54,3
DA:55,3
DA:56,3
DA:61,3
DA:62,6
DA:63,35
DA:64,1
DA:69,3
DA:70,4
DA:71,4
DA:73,9
DA:74,9
DA:75,2
DA:77,7
DA:80,4
DA:88,3
DA:89,4
DA:98,4
DA:99,3
DA:101,4
DA:102,28
DA:103,9
DA:104,9
DA:105,9
DA:106,9
DA:109,4
DA:113,3
DA:114,12
DA:115,12
DA:116,11
DA:117,11
DA:121,4
DA:122,4
DA:123,4
DA:127,3
DA:130,1
DA:131,1
DA:135,1
DA:136,1
DA:140,1
DA:141,1
DA:145,1
DA:146,1
DA:151,3
DA:152,187
DA:153,55
DA:156,3
DA:157,7
DA:160,3
DA:161,15
DA:165,3
DA:167,11
DA:168,11
DA:171,6
DA:173,6
DA:174,1
DA:179,5
DA:182,3
DA:183,2
DA:186,3
DA:187,80
DA:190,3
DA:191,2
DA:194,3
DA:195,7
DA:198,3
DA:199,7
DA:202,3
DA:204,66
DA:208,3
DA:210,10
DA:212,8
DA:214,4
DA:216,3
DA:218,1
DA:224,3
DA:225,19
DA:226,18
DA:227,13
DA:228,13
DA:230,18
DA:231,18
DA:232,18
DA:233,17
DA:235,1
DA:236,3
DA:237,1
DA:244,3
DA:245,12
DA:246,12
DA:247,12
DA:248,11
DA:250,1
DA:251,10
DA:252,1
DA:261,3
DA:262,25
DA:263,5
DA:264,4
DA:267,3
DA:268,6
DA:269,5
DA:270,6
DA:271,6
DA:272,6
DA:273,2
DA:276,3
DA:279,3
DA:280,28
DA:281,18
DA:282,18
DA:283,18
DA:285,9
DA:289,2
DA:291,4
DA:296,3
DA:304,3
DA:305,3
DA:310,3
DA:318,2
DA:319,4
DA:329,3
DA:330,16
DA:333,2
DA:334,2
DA:343,3
DA:345,2
DA:346,2
DA:347,22
DA:348,22
DA:349,22
DA:350,11
DA:351,11
DA:353,11
DA:355,22
DA:357,2
DA:360,3
DA:361,3
DA:362,3
DA:368,3
DA:369,8
DA:370,8
DA:371,8
DA:373,8
DA:374,7
DA:375,22
DA:377,22
DA:379,22
DA:380,19
DA:383,22
DA:384,21
DA:386,22
DA:387,22
DA:390,7
DA:394,3
DA:395,1
DA:397,1
DA:398,3
DA:399,2
DA:401,3
DA:403,1
DA:406,1
DA:411,3
DA:412,1
LF:185
LH:185
BRDA:12,0,0,3
BRDA:12,0,1,1
BRDA:29,1,0,2
BRDA:30,2,0,3
BRDA:30,2,1,3
BRDA:37,3,0,30
BRDA:37,3,1,3
BRDA:38,4,0,10
BRDA:38,4,1,20
BRDA:49,5,0,2
BRDA:49,5,1,1
BRDA:63,6,0,34
BRDA:63,6,1,1
BRDA:70,7,0,2
BRDA:70,7,1,2
BRDA:74,8,0,2
BRDA:74,8,1,7
BRDA:98,9,0,3
BRDA:98,9,1,1
BRDA:102,10,0,9
BRDA:102,10,1,19
BRDA:105,11,0,1
BRDA:105,11,1,8
BRDA:115,12,0,1
BRDA:115,12,1,11
BRDA:117,13,0,10
BRDA:117,13,1,1
BRDA:152,14,0,132
BRDA:152,14,1,55
BRDA:168,15,0,5
BRDA:168,15,1,6
BRDA:171,16,0,6
BRDA:171,16,1,6
BRDA:171,16,2,5
BRDA:173,17,0,1
BRDA:173,17,1,5
BRDA:173,18,0,6
BRDA:173,18,1,5
BRDA:179,19,0,5
BRDA:179,19,1,3
BRDA:179,19,2,3
BRDA:179,19,3,2
BRDA:179,19,4,2
BRDA:204,20,0,66
BRDA:204,20,1,35
BRDA:210,21,0,2
BRDA:210,21,1,8
BRDA:213,22,0,4
BRDA:213,22,1,3
BRDA:224,23,0,18
BRDA:225,24,0,1
BRDA:225,24,1,18
BRDA:226,25,0,13
BRDA:226,25,1,5
BRDA:232,26,0,17
BRDA:232,26,1,1
BRDA:244,27,0,11
BRDA:247,28,0,11
BRDA:247,28,1,1
BRDA:262,29,0,25
BRDA:262,29,1,1
BRDA:263,30,0,1
BRDA:263,30,1,4
BRDA:268,31,0,1
BRDA:268,31,1,5
BRDA:272,32,0,2
BRDA:272,32,1,4
BRDA:280,33,0,10
BRDA:280,33,1,18
BRDA:283,34,0,9
BRDA:283,34,1,9
BRDA:286,35,0,1
BRDA:286,35,1,1
BRDA:286,35,2,2
BRDA:286,35,3,4
BRDA:286,35,4,1
BRDA:286,35,5,3
BRDA:286,35,6,3
BRDA:319,36,0,2
BRDA:319,36,1,2
BRDA:330,37,0,14
BRDA:330,37,1,2
BRDA:349,38,0,11
BRDA:349,38,1,11
BRDA:351,39,0,11
BRDA:351,39,1,10
BRDA:355,40,0,2
BRDA:355,40,1,20
BRDA:373,41,0,1
BRDA:373,41,1,7
BRDA:373,42,0,8
BRDA:373,42,1,8
BRDA:374,43,0,29
BRDA:374,43,1,22
BRDA:379,44,0,19
BRDA:379,44,1,3
BRDA:383,45,0,21
BRDA:383,45,1,1
BRDA:383,46,0,22
BRDA:383,46,1,6
BRDA:398,47,0,2
BRDA:398,47,1,1
BRF:102
BRH:102
end_of_record
TN:
SF:D:\project\utilTs\src\urlParse.ts
FN:18,(anonymous_0)
FN:24,(anonymous_1)
FN:33,(anonymous_2)
FN:42,(anonymous_3)
FN:55,(anonymous_4)
FN:63,(anonymous_5)
FN:73,(anonymous_6)
FN:79,(anonymous_7)
FNF:8
FNH:8
FNDA:2,(anonymous_0)
FNDA:1,(anonymous_1)
FNDA:2,(anonymous_2)
FNDA:4,(anonymous_3)
FNDA:2,(anonymous_4)
FNDA:2,(anonymous_5)
FNDA:3,(anonymous_6)
FNDA:1,(anonymous_7)
DA:1,1
DA:8,1
DA:19,2
DA:20,1
DA:21,1
DA:25,1
DA:26,1
DA:27,1
DA:28,1
DA:29,1
DA:30,1
DA:34,2
DA:35,2
DA:36,2
DA:37,1
DA:39,2
DA:43,4
DA:44,4
DA:45,4
DA:46,2
DA:49,2
DA:50,1
DA:52,2
DA:56,2
DA:57,2
DA:58,1
DA:60,1
DA:65,2
DA:66,2
DA:67,1
DA:70,1
DA:74,3
DA:75,3
DA:76,3
DA:80,1
DA:82,1
DA:84,1
DA:85,1
DA:86,1
DA:88,1
DA:89,10
DA:90,10
DA:91,10
DA:93,10
DA:94,10
DA:96,10
DA:97,10
DA:98,6
DA:100,4
DA:101,1
DA:103,3
DA:108,1
LF:52
LH:52
BRDA:19,0,0,1
BRDA:19,0,1,1
BRDA:36,1,0,1
BRDA:36,1,1,1
BRDA:45,2,0,2
BRDA:45,2,1,2
BRDA:49,3,0,1
BRDA:49,3,1,1
BRDA:57,4,0,1
BRDA:57,4,1,1
BRDA:66,5,0,1
BRDA:66,5,1,1
BRDA:75,6,0,2
BRDA:75,6,1,1
BRDA:97,7,0,6
BRDA:97,7,1,4
BRDA:100,8,0,1
BRDA:100,8,1,3
BRF:18
BRH:18
end_of_record
